
<!DOCTYPE html>
<html>
	<head>
		<!--
			ExtentReports Library 2.41.1 | http://relevantcodes.com/extentreports-for-selenium/ | https://github.com/anshooarora/
			Copyright (c) 2015, Anshoo Arora (Relevant Codes) | Copyrights licensed under the New BSD License | http://opensource.org/licenses/BSD-3-Clause
			Documentation: http://extentreports.relevantcodes.com 
		-->

		<meta charset='UTF-8' /> 
		<meta name='description' content='ExtentReports (by Anshoo Arora) is a reporting library for automation testing for .NET and Java. It creates detailed and beautiful HTML reports for modern browsers. ExtentReports shows test and step summary along with dashboards, system and environment details for quick analysis of your tests.' />
		<meta name='robots' content='noodp, noydir' />
		<meta name='viewport' content='width=device-width, initial-scale=1' />
		<meta name='extentx' id='extentx' content='' />
		
		<title>
				ExtentReports 2.0
		</title>
		
		
		<link href='https://fonts.googleapis.com/css?family=Source+Sans+Pro:400,600' rel='stylesheet' type='text/css'>
		<link href='https://cdn.rawgit.com/anshooarora/extentreports/6032d73243ba4fe4fb8769eb9c315d4fdf16fe68/cdn/extent.css' type='text/css' rel='stylesheet' />
		
		<style>
				
      
        
      
    
		</style>
	</head>
	
	
	<body class='extent default standard hide-overflow'>
		<!-- nav -->
		<nav>
			<div class='logo-container blue darken-2'>
				<a class='logo-content' href='http://extentreports.relevantcodes.com'>
					<span>ExtentReports</span>
				</a>
				<a href='#' data-activates='slide-out' class='button-collapse hide-on-large-only'><i class='mdi-navigation-apps'></i></a>
			</div>
			<ul id='slide-out' class='side-nav fixed hide-on-med-and-down'>
				<li class='analysis waves-effect active'><a href='#!' class='test-view' onclick="_updateCurrentStage(0)"><i class='mdi-action-dashboard'></i>Test Details</a></li>
					<li class='analysis waves-effect'><a href='#!' class='categories-view' onclick="_updateCurrentStage(1)"><i class='mdi-maps-local-offer'></i>Categories</a></li>
				<li class='analysis waves-effect'>
					<a href='#!' onclick="_updateCurrentStage(-1)" class='dashboard-view'><i class='mdi-action-track-changes'></i></i>Analysis</a>
				</li>
			</ul>
			<span class='report-name'></span> <span class='report-headline'>Automation Report</span>
			<ul class='right hide-on-med-and-down nav-right'>
				<li class='theme-selector' alt='Click to toggle dark theme. To enable by default, use js configuration $("body").addClass("dark");' title='Click to toggle dark theme. To enable by default, use js configuration $("body").addClass("dark");'>
					<i class='mdi-hardware-desktop-windows'></i>
				</li>
				<li>
					<span class='suite-started-time'>2018-03-16 15:35:15</span>
				</li>
				<li>
					<span>v2.41.1</span>
				</li>
			</ul>
		</nav>
		<!-- /nav -->
		
		<!-- container -->
		<div class='container'>
			
			<!-- dashboard -->
			<div id='dashboard-view' class='row'>
				<div class='time-totals'>
					<div class='col l2 m4 s6'>
						<div class='card suite-total-tests'> 
							<span class='panel-name'>Total Tests</span> 
							<span class='total-tests'> <span class='panel-lead'></span> </span> 
						</div> 
					</div>
					<div class='col l2 m4 s6'>
						<div class='card suite-total-steps'> 
							<span class='panel-name'>Total Steps</span> 
							<span class='total-steps'> <span class='panel-lead'></span> </span> 
						</div> 
					</div>
					<div class='col l2 m4 s12'>
						<div class='card suite-total-time-current'> 
							<span class='panel-name'>Total Time Taken (Current Run)</span> 
							<span class='suite-total-time-current-value panel-lead'>0h 9m 49s+598ms</span> 
						</div> 
					</div>
					<div class='col l2 m4 s12'>
						<div class='card suite-total-time-overall'> 
							<span class='panel-name'>Total Time Taken (Overall)</span> 
							<span class='suite-total-time-overall-value panel-lead'>0h 9m 49s+598ms</span> 
						</div> 
					</div>
					<div class='col l2 m4 s6 suite-start-time'>
						<div class='card accent green-accent'> 
							<span class='panel-name'>Start</span> 
							<span class='panel-lead suite-started-time'>2018-03-16 15:25:25</span> 
						</div> 
					</div>
					<div class='col l2 m4 s6 suite-end-time'>
						<div class='card accent pink-accent'> 
							<span class='panel-name'>End</span> 
							<span class='panel-lead suite-ended-time'>2018-03-16 15:35:15</span> 
						</div> 
					</div>
				</div>
				<div class='charts'>
					<div class='col s12 m6 l4 fh'> 
						<div class='card-panel'> 
							<div>
								<span class='panel-name'>Tests View</span>
							</div> 
							<div class='panel-setting modal-trigger test-count-setting right'>
								<a href='#test-count-setting'><i class='mdi-navigation-more-vert text-md'></i></a>
							</div> 
							<div class='chart-box'>
								<canvas class='text-centered' id='test-analysis'></canvas>
							</div> 
							<div>
								<span class='weight-light'><span class='t-pass-count weight-normal'></span> test(s) passed</span>
							</div> 
							<div>
								<span class='weight-light'><span class='t-fail-count weight-normal'></span> test(s) failed, <span class='t-others-count weight-normal'></span> others</span>
							</div> 
						</div> 
					</div> 
					<div class='col s12 m6 l4 fh'> 
						<div class='card-panel'> 
							<div>
								<span class='panel-name'>Steps View</span>
							</div> 
							<div class='panel-setting modal-trigger step-status-filter right'>
								<a href='#step-status-filter'><i class='mdi-navigation-more-vert text-md'></i></a>
							</div> 
							<div class='chart-box'>
								<canvas class='text-centered' id='step-analysis'></canvas>
							</div> 
							<div>
								<span class='weight-light'><span class='s-pass-count weight-normal'></span> step(s) passed </span>
							</div> 
							<div>
								<span class='weight-light'><span class='s-fail-count weight-normal'></span> step(s) failed, <span class='s-others-count weight-normal'></span> others</span>
							</div> 
						</div> 
					</div>
					<div class='col s12 m12 l4 fh'> 
						<div class='card-panel'> 
							<span class='panel-name'>Pass Percentage</span> 
							<span class='pass-percentage panel-lead'></span> 
							<div class='progress light-blue lighten-3'> 
								<div class='determinate light-blue'></div> 
							</div> 
						</div> 
					</div>
				</div>
				<div class='system-view'>
					<div class='col l4 m12 s12'>
						<div class='card-panel'>
							<span class='label info outline right'>Environment</span>
							<table>
								<thead>
									<tr>
										<th>Param</th>
										<th>Value</th>
									</tr>
								</thead>
								<tbody>
										<tr>
											<td>User Name</td>
											<td>brantansp</td>
										</tr>
										<tr>
											<td>OS</td>
											<td>Windows 7</td>
										</tr>
										<tr>
											<td>Java Version</td>
											<td>1.8.0_144</td>
										</tr>
										<tr>
											<td>Host Name</td>
											<td>FSSCHND13937</td>
										</tr>
								</tbody>
							</table>
						</div>
					</div>
				</div>
					<div class='category-summary-view'>
						<div class='col l4 m6 s12'>
							<div class='card-panel'>
								<span class='label info outline right'>Categories</span>
								<table>
									<thead>
										<tr>
											<th>Name</th>
										</tr>
									</thead>
									<tbody>
											<tr>
												<td>
													Automation Testing
												</td>
											</tr>
									</tbody>
								</table>
							</div>
						</div>
					</div>
			</div>
			<!-- /dashboard -->
			
			<!-- tests -->
			<div id='test-view' class='row _addedTable'>
				<div class='col _addedCell1'>
					<div class='contents'>
						<div class='card-panel heading'>
							<h5>Tests</h5>
						</div>
						<div class='card-panel filters'>
							<div>
								<a class='dropdown-button btn-floating btn-small waves-effect waves-light grey tests-toggle' data-activates='tests-toggle' data-constrainwidth='true' data-beloworigin='true' data-hover='true' href='#'>
									<i class='mdi-action-reorder'></i>
								</a>
								<ul id='tests-toggle' class='dropdown-content'>
									<li class='pass'><a href='#!'>Pass</a></li>
									<li class='fail'><a href='#!'>Fail</a></li>
									<li class='skip'><a href='#!'>Skip</a></li>
									<li class='divider'></li>
									<li class='clear'><a href='#!'>Clear Filters</a></li>
								</ul>
							</div>
								<div>
									<a class='dropdown-button btn-floating btn-small waves-effect waves-light grey category-toggle' data-activates='category-toggle' data-constrainwidth='false' data-beloworigin='true' data-hover='true' href='#'>
										<i class='mdi-maps-local-offer'></i>
									</a>
									<ul id='category-toggle' class='dropdown-content'>
											<li class='Automation Testing'><a href='#!'>Automation Testing</a></li>
										<li class='divider'></li>
										<li class='clear'><a href='#!'>Clear Filters</a></li>
									</ul>
								</div>
							<div>
								<a class='btn-floating btn-small waves-effect waves-light grey' id='clear-filters' alt='Clear Filters' title='Clear Filters'>
									<i class='mdi-navigation-close'></i>
								</a>
							</div>
							<div>
								<a class='btn-floating btn-small waves-effect waves-light grey' id='enableDashboard' alt='Enable Dashboard' title='Enable Dashboard'>
									<i class='mdi-action-track-changes'></i>
								</a>
							</div>
							<div>
								<a class='btn-floating btn-small waves-effect waves-light blue enabled' id='refreshCharts' alt='Refresh Charts on Filters' title='Refresh Charts on Filters'>
									<i class='mdi-navigation-refresh'></i>
								</a>
							</div>
							<div class='search' alt='Search Tests' title='Search Tests'>
								<div class='input-field left'>
									<input id='searchTests' type='text' class='validate' placeholder='Search Tests...'>
								</div>
								<a href="#" class='btn-floating btn-small waves-effect waves-light grey'>
									<i class='mdi-action-search'></i>
								</a>
							</div>
						</div>
						<div class='card-panel no-padding-h no-padding-v no-margin-v'>
							<div class='wrapper'>
								<ul id='test-collection' class='test-collection'>
										<li class='collection-item test displayed active fail ' extentid='c12a0c00-296a-48b1-bcb5-fb94d5a88806'>
											<div class='test-head'>
												<span class='test-name'>NonFinancialTransactions ::  Accountfetch </span>
												<span class='test-status label right outline capitalize fail'>fail</span>
												<span class='category-assigned hide  automationtesting'></span>
											</div>
											<div class='test-body'>
												<div class='test-info'>
													<span title='Test started time' alt='Test started time' class='test-started-time label green lighten-1 text-white'>2018-03-16 15:25:25</span>
													<span title='Test ended time' alt='Test ended time' class='test-ended-time label red lighten-1 text-white'>2018-03-16 15:25:26</span>
													<span title='Time taken to finish' alt='Time taken to finish' class='test-time-taken label blue-grey lighten-3 text-white'>0h 0m 0s+674ms</span>
												</div>
												<div class='test-desc'>Accountfetch</div>
												<div class='test-attributes'>
														<div class='categories'>
																<span class='category text-white'>Automation Testing</span>
														</div>
														<div class='authors'>
																<span class='author text-white'>Brantan sp</span>
														</div>
												</div>
												<div class='test-steps'>
													<table class='bordered table-results'>
														<thead>
															<tr>
																<th>Status</th>
																<th>Timestamp</th>
																<th>Details</th>
															</tr>
														</thead>
														<tbody>
																<tr>
																	<td class='status pass' title='pass' alt='pass'><i class='mdi-action-check-circle'></i></td>
																	<td class='timestamp'>15:25:25</td>
																	<td class='step-details'>Test started successfully</td>
																</tr>
																<tr>
																	<td class='status fail' title='fail' alt='fail'><i class='mdi-navigation-cancel'></i></td>
																	<td class='timestamp'>15:25:26</td>
																	<td class='step-details'>Test Case Failed is Accountfetch</td>
																</tr>
																<tr>
																	<td class='status fail' title='fail' alt='fail'><i class='mdi-navigation-cancel'></i></td>
																	<td class='timestamp'>15:25:26</td>
																	<td class='step-details'>Test Case Failed is java.lang.NullPointerException</td>
																</tr>
														</tbody>
													</table>
													<ul class='collapsible node-list' data-collapsible='accordion'>
													</ul>
												</div>
											</div>
										</li>
										<li class='collection-item test displayed active pass ' extentid='504114ed-1768-40bc-aee1-9abf045099e2'>
											<div class='test-head'>
												<span class='test-name'>NonFinancialTransactions ::  AppLogin </span>
												<span class='test-status label right outline capitalize pass'>pass</span>
												<span class='category-assigned hide  automationtesting'></span>
											</div>
											<div class='test-body'>
												<div class='test-info'>
													<span title='Test started time' alt='Test started time' class='test-started-time label green lighten-1 text-white'>2018-03-16 15:25:26</span>
													<span title='Test ended time' alt='Test ended time' class='test-ended-time label red lighten-1 text-white'>2018-03-16 15:25:28</span>
													<span title='Time taken to finish' alt='Time taken to finish' class='test-time-taken label blue-grey lighten-3 text-white'>0h 0m 1s+716ms</span>
												</div>
												<div class='test-desc'>AppLogin</div>
												<div class='test-attributes'>
														<div class='categories'>
																<span class='category text-white'>Automation Testing</span>
														</div>
														<div class='authors'>
																<span class='author text-white'>Brantan sp</span>
														</div>
												</div>
												<div class='test-steps'>
													<table class='bordered table-results'>
														<thead>
															<tr>
																<th>Status</th>
																<th>Timestamp</th>
																<th>Details</th>
															</tr>
														</thead>
														<tbody>
																<tr>
																	<td class='status pass' title='pass' alt='pass'><i class='mdi-action-check-circle'></i></td>
																	<td class='timestamp'>15:25:26</td>
																	<td class='step-details'>Test started successfully</td>
																</tr>
														</tbody>
													</table>
													<ul class='collapsible node-list' data-collapsible='accordion'>
													</ul>
												</div>
											</div>
										</li>
										<li class='collection-item test displayed active fail ' extentid='3c6e2ce2-3d24-46f8-83f4-b63e571de9cf'>
											<div class='test-head'>
												<span class='test-name'>NonFinancialTransactions ::  CancelMMIDAll </span>
												<span class='test-status label right outline capitalize fail'>fail</span>
												<span class='category-assigned hide  automationtesting'></span>
											</div>
											<div class='test-body'>
												<div class='test-info'>
													<span title='Test started time' alt='Test started time' class='test-started-time label green lighten-1 text-white'>2018-03-16 15:25:28</span>
													<span title='Test ended time' alt='Test ended time' class='test-ended-time label red lighten-1 text-white'>2018-03-16 15:25:36</span>
													<span title='Time taken to finish' alt='Time taken to finish' class='test-time-taken label blue-grey lighten-3 text-white'>0h 0m 8s+675ms</span>
												</div>
												<div class='test-desc'>CancelMMIDAll</div>
												<div class='test-attributes'>
														<div class='categories'>
																<span class='category text-white'>Automation Testing</span>
														</div>
														<div class='authors'>
																<span class='author text-white'>Brantan sp</span>
														</div>
												</div>
												<div class='test-steps'>
													<table class='bordered table-results'>
														<thead>
															<tr>
																<th>Status</th>
																<th>Timestamp</th>
																<th>Details</th>
															</tr>
														</thead>
														<tbody>
																<tr>
																	<td class='status pass' title='pass' alt='pass'><i class='mdi-action-check-circle'></i></td>
																	<td class='timestamp'>15:25:28</td>
																	<td class='step-details'>Test started successfully</td>
																</tr>
																<tr>
																	<td class='status fail' title='fail' alt='fail'><i class='mdi-navigation-cancel'></i></td>
																	<td class='timestamp'>15:25:36</td>
																	<td class='step-details'>Test Case Failed is CancelMMIDAll</td>
																</tr>
																<tr>
																	<td class='status fail' title='fail' alt='fail'><i class='mdi-navigation-cancel'></i></td>
																	<td class='timestamp'>15:25:36</td>
																	<td class='step-details'>Test Case Failed is java.lang.AssertionError: expected [true] but found [false]</td>
																</tr>
														</tbody>
													</table>
													<ul class='collapsible node-list' data-collapsible='accordion'>
													</ul>
												</div>
											</div>
										</li>
										<li class='collection-item test displayed active fail ' extentid='4e703669-fce4-489a-8361-9ca3249ffb6b'>
											<div class='test-head'>
												<span class='test-name'>NonFinancialTransactions ::  CancelMMIDSingle </span>
												<span class='test-status label right outline capitalize fail'>fail</span>
												<span class='category-assigned hide  automationtesting'></span>
											</div>
											<div class='test-body'>
												<div class='test-info'>
													<span title='Test started time' alt='Test started time' class='test-started-time label green lighten-1 text-white'>2018-03-16 15:25:36</span>
													<span title='Test ended time' alt='Test ended time' class='test-ended-time label red lighten-1 text-white'>2018-03-16 15:25:44</span>
													<span title='Time taken to finish' alt='Time taken to finish' class='test-time-taken label blue-grey lighten-3 text-white'>0h 0m 7s+943ms</span>
												</div>
												<div class='test-desc'>CancelMMIDSingle</div>
												<div class='test-attributes'>
														<div class='categories'>
																<span class='category text-white'>Automation Testing</span>
														</div>
														<div class='authors'>
																<span class='author text-white'>Brantan sp</span>
														</div>
												</div>
												<div class='test-steps'>
													<table class='bordered table-results'>
														<thead>
															<tr>
																<th>Status</th>
																<th>Timestamp</th>
																<th>Details</th>
															</tr>
														</thead>
														<tbody>
																<tr>
																	<td class='status pass' title='pass' alt='pass'><i class='mdi-action-check-circle'></i></td>
																	<td class='timestamp'>15:25:36</td>
																	<td class='step-details'>Test started successfully</td>
																</tr>
																<tr>
																	<td class='status fail' title='fail' alt='fail'><i class='mdi-navigation-cancel'></i></td>
																	<td class='timestamp'>15:25:44</td>
																	<td class='step-details'>Test Case Failed is CancelMMIDSingle</td>
																</tr>
																<tr>
																	<td class='status fail' title='fail' alt='fail'><i class='mdi-navigation-cancel'></i></td>
																	<td class='timestamp'>15:25:44</td>
																	<td class='step-details'>Test Case Failed is java.lang.AssertionError: expected [true] but found [false]</td>
																</tr>
														</tbody>
													</table>
													<ul class='collapsible node-list' data-collapsible='accordion'>
													</ul>
												</div>
											</div>
										</li>
										<li class='collection-item test displayed active fail ' extentid='fe1bf5ee-ebae-4cf7-89e9-9d68933d4edc'>
											<div class='test-head'>
												<span class='test-name'>NonFinancialTransactions ::  ChequeStatus </span>
												<span class='test-status label right outline capitalize fail'>fail</span>
												<span class='category-assigned hide  automationtesting'></span>
											</div>
											<div class='test-body'>
												<div class='test-info'>
													<span title='Test started time' alt='Test started time' class='test-started-time label green lighten-1 text-white'>2018-03-16 15:25:44</span>
													<span title='Test ended time' alt='Test ended time' class='test-ended-time label red lighten-1 text-white'>2018-03-16 15:25:44</span>
													<span title='Time taken to finish' alt='Time taken to finish' class='test-time-taken label blue-grey lighten-3 text-white'>0h 0m 0s+50ms</span>
												</div>
												<div class='test-desc'>ChequeStatus</div>
												<div class='test-attributes'>
														<div class='categories'>
																<span class='category text-white'>Automation Testing</span>
														</div>
														<div class='authors'>
																<span class='author text-white'>Brantan sp</span>
														</div>
												</div>
												<div class='test-steps'>
													<table class='bordered table-results'>
														<thead>
															<tr>
																<th>Status</th>
																<th>Timestamp</th>
																<th>Details</th>
															</tr>
														</thead>
														<tbody>
																<tr>
																	<td class='status pass' title='pass' alt='pass'><i class='mdi-action-check-circle'></i></td>
																	<td class='timestamp'>15:25:44</td>
																	<td class='step-details'>Test started successfully</td>
																</tr>
																<tr>
																	<td class='status fail' title='fail' alt='fail'><i class='mdi-navigation-cancel'></i></td>
																	<td class='timestamp'>15:25:44</td>
																	<td class='step-details'>Test Case Failed is ChequeStatus</td>
																</tr>
																<tr>
																	<td class='status fail' title='fail' alt='fail'><i class='mdi-navigation-cancel'></i></td>
																	<td class='timestamp'>15:25:44</td>
																	<td class='step-details'>Test Case Failed is java.lang.NullPointerException</td>
																</tr>
														</tbody>
													</table>
													<ul class='collapsible node-list' data-collapsible='accordion'>
													</ul>
												</div>
											</div>
										</li>
										<li class='collection-item test displayed active pass ' extentid='e6f0c085-7a67-40d6-8fa4-441e714bea39'>
											<div class='test-head'>
												<span class='test-name'>NonFinancialTransactions ::  EmailIDFetch </span>
												<span class='test-status label right outline capitalize pass'>pass</span>
												<span class='category-assigned hide  automationtesting'></span>
											</div>
											<div class='test-body'>
												<div class='test-info'>
													<span title='Test started time' alt='Test started time' class='test-started-time label green lighten-1 text-white'>2018-03-16 15:25:44</span>
													<span title='Test ended time' alt='Test ended time' class='test-ended-time label red lighten-1 text-white'>2018-03-16 15:25:47</span>
													<span title='Time taken to finish' alt='Time taken to finish' class='test-time-taken label blue-grey lighten-3 text-white'>0h 0m 2s+530ms</span>
												</div>
												<div class='test-desc'>EmailIDFetch</div>
												<div class='test-attributes'>
														<div class='categories'>
																<span class='category text-white'>Automation Testing</span>
														</div>
														<div class='authors'>
																<span class='author text-white'>Brantan sp</span>
														</div>
												</div>
												<div class='test-steps'>
													<table class='bordered table-results'>
														<thead>
															<tr>
																<th>Status</th>
																<th>Timestamp</th>
																<th>Details</th>
															</tr>
														</thead>
														<tbody>
																<tr>
																	<td class='status pass' title='pass' alt='pass'><i class='mdi-action-check-circle'></i></td>
																	<td class='timestamp'>15:25:44</td>
																	<td class='step-details'>Test started successfully</td>
																</tr>
														</tbody>
													</table>
													<ul class='collapsible node-list' data-collapsible='accordion'>
													</ul>
												</div>
											</div>
										</li>
										<li class='collection-item test displayed active pass ' extentid='02573319-0dcc-4d86-bb27-50906bc4fb8e'>
											<div class='test-head'>
												<span class='test-name'>NonFinancialTransactions ::  EmailIDUpdate </span>
												<span class='test-status label right outline capitalize pass'>pass</span>
												<span class='category-assigned hide  automationtesting'></span>
											</div>
											<div class='test-body'>
												<div class='test-info'>
													<span title='Test started time' alt='Test started time' class='test-started-time label green lighten-1 text-white'>2018-03-16 15:25:47</span>
													<span title='Test ended time' alt='Test ended time' class='test-ended-time label red lighten-1 text-white'>2018-03-16 15:25:49</span>
													<span title='Time taken to finish' alt='Time taken to finish' class='test-time-taken label blue-grey lighten-3 text-white'>0h 0m 1s+830ms</span>
												</div>
												<div class='test-desc'>EmailIDUpdate</div>
												<div class='test-attributes'>
														<div class='categories'>
																<span class='category text-white'>Automation Testing</span>
														</div>
														<div class='authors'>
																<span class='author text-white'>Brantan sp</span>
														</div>
												</div>
												<div class='test-steps'>
													<table class='bordered table-results'>
														<thead>
															<tr>
																<th>Status</th>
																<th>Timestamp</th>
																<th>Details</th>
															</tr>
														</thead>
														<tbody>
																<tr>
																	<td class='status pass' title='pass' alt='pass'><i class='mdi-action-check-circle'></i></td>
																	<td class='timestamp'>15:25:47</td>
																	<td class='step-details'>Test started successfully</td>
																</tr>
														</tbody>
													</table>
													<ul class='collapsible node-list' data-collapsible='accordion'>
													</ul>
												</div>
											</div>
										</li>
										<li class='collection-item test displayed active fail ' extentid='ff2c0e10-5d00-4e86-8f1b-ee1a018133bf'>
											<div class='test-head'>
												<span class='test-name'>NonFinancialTransactions ::  GenerateMMID </span>
												<span class='test-status label right outline capitalize fail'>fail</span>
												<span class='category-assigned hide  automationtesting'></span>
											</div>
											<div class='test-body'>
												<div class='test-info'>
													<span title='Test started time' alt='Test started time' class='test-started-time label green lighten-1 text-white'>2018-03-16 15:25:49</span>
													<span title='Test ended time' alt='Test ended time' class='test-ended-time label red lighten-1 text-white'>2018-03-16 15:25:53</span>
													<span title='Time taken to finish' alt='Time taken to finish' class='test-time-taken label blue-grey lighten-3 text-white'>0h 0m 4s+94ms</span>
												</div>
												<div class='test-desc'>GenerateMMID</div>
												<div class='test-attributes'>
														<div class='categories'>
																<span class='category text-white'>Automation Testing</span>
														</div>
														<div class='authors'>
																<span class='author text-white'>Brantan sp</span>
														</div>
												</div>
												<div class='test-steps'>
													<table class='bordered table-results'>
														<thead>
															<tr>
																<th>Status</th>
																<th>Timestamp</th>
																<th>Details</th>
															</tr>
														</thead>
														<tbody>
																<tr>
																	<td class='status pass' title='pass' alt='pass'><i class='mdi-action-check-circle'></i></td>
																	<td class='timestamp'>15:25:49</td>
																	<td class='step-details'>Test started successfully</td>
																</tr>
																<tr>
																	<td class='status fail' title='fail' alt='fail'><i class='mdi-navigation-cancel'></i></td>
																	<td class='timestamp'>15:25:53</td>
																	<td class='step-details'>Test Case Failed is GenerateMMID</td>
																</tr>
																<tr>
																	<td class='status fail' title='fail' alt='fail'><i class='mdi-navigation-cancel'></i></td>
																	<td class='timestamp'>15:25:53</td>
																	<td class='step-details'>Test Case Failed is java.lang.AssertionError: expected [true] but found [false]</td>
																</tr>
														</tbody>
													</table>
													<ul class='collapsible node-list' data-collapsible='accordion'>
													</ul>
												</div>
											</div>
										</li>
										<li class='collection-item test displayed active pass ' extentid='d34a66b1-ed97-4c34-89d2-855499d16525'>
											<div class='test-head'>
												<span class='test-name'>NonFinancialTransactions ::  MiniStatement </span>
												<span class='test-status label right outline capitalize pass'>pass</span>
												<span class='category-assigned hide  automationtesting'></span>
											</div>
											<div class='test-body'>
												<div class='test-info'>
													<span title='Test started time' alt='Test started time' class='test-started-time label green lighten-1 text-white'>2018-03-16 15:25:53</span>
													<span title='Test ended time' alt='Test ended time' class='test-ended-time label red lighten-1 text-white'>2018-03-16 15:25:56</span>
													<span title='Time taken to finish' alt='Time taken to finish' class='test-time-taken label blue-grey lighten-3 text-white'>0h 0m 2s+729ms</span>
												</div>
												<div class='test-desc'>MiniStatement</div>
												<div class='test-attributes'>
														<div class='categories'>
																<span class='category text-white'>Automation Testing</span>
														</div>
														<div class='authors'>
																<span class='author text-white'>Brantan sp</span>
														</div>
												</div>
												<div class='test-steps'>
													<table class='bordered table-results'>
														<thead>
															<tr>
																<th>Status</th>
																<th>Timestamp</th>
																<th>Details</th>
															</tr>
														</thead>
														<tbody>
																<tr>
																	<td class='status pass' title='pass' alt='pass'><i class='mdi-action-check-circle'></i></td>
																	<td class='timestamp'>15:25:53</td>
																	<td class='step-details'>Test started successfully</td>
																</tr>
														</tbody>
													</table>
													<ul class='collapsible node-list' data-collapsible='accordion'>
													</ul>
												</div>
											</div>
										</li>
										<li class='collection-item test displayed active fail ' extentid='4217616f-05a3-4f02-af30-99f09e934cb6'>
											<div class='test-head'>
												<span class='test-name'>NonFinancialTransactions ::  RetrieveMMID </span>
												<span class='test-status label right outline capitalize fail'>fail</span>
												<span class='category-assigned hide  automationtesting'></span>
											</div>
											<div class='test-body'>
												<div class='test-info'>
													<span title='Test started time' alt='Test started time' class='test-started-time label green lighten-1 text-white'>2018-03-16 15:25:56</span>
													<span title='Test ended time' alt='Test ended time' class='test-ended-time label red lighten-1 text-white'>2018-03-16 15:25:59</span>
													<span title='Time taken to finish' alt='Time taken to finish' class='test-time-taken label blue-grey lighten-3 text-white'>0h 0m 3s+831ms</span>
												</div>
												<div class='test-desc'>RetrieveMMID</div>
												<div class='test-attributes'>
														<div class='categories'>
																<span class='category text-white'>Automation Testing</span>
														</div>
														<div class='authors'>
																<span class='author text-white'>Brantan sp</span>
														</div>
												</div>
												<div class='test-steps'>
													<table class='bordered table-results'>
														<thead>
															<tr>
																<th>Status</th>
																<th>Timestamp</th>
																<th>Details</th>
															</tr>
														</thead>
														<tbody>
																<tr>
																	<td class='status pass' title='pass' alt='pass'><i class='mdi-action-check-circle'></i></td>
																	<td class='timestamp'>15:25:56</td>
																	<td class='step-details'>Test started successfully</td>
																</tr>
																<tr>
																	<td class='status fail' title='fail' alt='fail'><i class='mdi-navigation-cancel'></i></td>
																	<td class='timestamp'>15:25:59</td>
																	<td class='step-details'>Test Case Failed is RetrieveMMID</td>
																</tr>
																<tr>
																	<td class='status fail' title='fail' alt='fail'><i class='mdi-navigation-cancel'></i></td>
																	<td class='timestamp'>15:25:59</td>
																	<td class='step-details'>Test Case Failed is java.lang.AssertionError: expected [true] but found [false]</td>
																</tr>
														</tbody>
													</table>
													<ul class='collapsible node-list' data-collapsible='accordion'>
													</ul>
												</div>
											</div>
										</li>
										<li class='collection-item test displayed active fail ' extentid='bd026c4c-3c6d-4037-9f86-eac15927c6d3'>
											<div class='test-head'>
												<span class='test-name'>NonFinancialTransactions ::  StopCheque </span>
												<span class='test-status label right outline capitalize fail'>fail</span>
												<span class='category-assigned hide  automationtesting'></span>
											</div>
											<div class='test-body'>
												<div class='test-info'>
													<span title='Test started time' alt='Test started time' class='test-started-time label green lighten-1 text-white'>2018-03-16 15:25:59</span>
													<span title='Test ended time' alt='Test ended time' class='test-ended-time label red lighten-1 text-white'>2018-03-16 15:25:59</span>
													<span title='Time taken to finish' alt='Time taken to finish' class='test-time-taken label blue-grey lighten-3 text-white'>0h 0m 0s+23ms</span>
												</div>
												<div class='test-desc'>StopCheque</div>
												<div class='test-attributes'>
														<div class='categories'>
																<span class='category text-white'>Automation Testing</span>
														</div>
														<div class='authors'>
																<span class='author text-white'>Brantan sp</span>
														</div>
												</div>
												<div class='test-steps'>
													<table class='bordered table-results'>
														<thead>
															<tr>
																<th>Status</th>
																<th>Timestamp</th>
																<th>Details</th>
															</tr>
														</thead>
														<tbody>
																<tr>
																	<td class='status pass' title='pass' alt='pass'><i class='mdi-action-check-circle'></i></td>
																	<td class='timestamp'>15:25:59</td>
																	<td class='step-details'>Test started successfully</td>
																</tr>
																<tr>
																	<td class='status fail' title='fail' alt='fail'><i class='mdi-navigation-cancel'></i></td>
																	<td class='timestamp'>15:25:59</td>
																	<td class='step-details'>Test Case Failed is StopCheque</td>
																</tr>
																<tr>
																	<td class='status fail' title='fail' alt='fail'><i class='mdi-navigation-cancel'></i></td>
																	<td class='timestamp'>15:25:59</td>
																	<td class='step-details'>Test Case Failed is java.lang.NullPointerException</td>
																</tr>
														</tbody>
													</table>
													<ul class='collapsible node-list' data-collapsible='accordion'>
													</ul>
												</div>
											</div>
										</li>
										<li class='collection-item test displayed active fail ' extentid='58369ecb-2b76-43a2-9e16-ccb67f9cb287'>
											<div class='test-head'>
												<span class='test-name'>NonFinancialTransactions ::  balanceEnq </span>
												<span class='test-status label right outline capitalize fail'>fail</span>
												<span class='category-assigned hide  automationtesting'></span>
											</div>
											<div class='test-body'>
												<div class='test-info'>
													<span title='Test started time' alt='Test started time' class='test-started-time label green lighten-1 text-white'>2018-03-16 15:25:59</span>
													<span title='Test ended time' alt='Test ended time' class='test-ended-time label red lighten-1 text-white'>2018-03-16 15:26:01</span>
													<span title='Time taken to finish' alt='Time taken to finish' class='test-time-taken label blue-grey lighten-3 text-white'>0h 0m 1s+854ms</span>
												</div>
												<div class='test-desc'>balanceEnq</div>
												<div class='test-attributes'>
														<div class='categories'>
																<span class='category text-white'>Automation Testing</span>
														</div>
														<div class='authors'>
																<span class='author text-white'>Brantan sp</span>
														</div>
												</div>
												<div class='test-steps'>
													<table class='bordered table-results'>
														<thead>
															<tr>
																<th>Status</th>
																<th>Timestamp</th>
																<th>Details</th>
															</tr>
														</thead>
														<tbody>
																<tr>
																	<td class='status pass' title='pass' alt='pass'><i class='mdi-action-check-circle'></i></td>
																	<td class='timestamp'>15:25:59</td>
																	<td class='step-details'>Test started successfully</td>
																</tr>
																<tr>
																	<td class='status fail' title='fail' alt='fail'><i class='mdi-navigation-cancel'></i></td>
																	<td class='timestamp'>15:26:01</td>
																	<td class='step-details'>Test Case Failed is balanceEnq</td>
																</tr>
																<tr>
																	<td class='status fail' title='fail' alt='fail'><i class='mdi-navigation-cancel'></i></td>
																	<td class='timestamp'>15:26:01</td>
																	<td class='step-details'>Test Case Failed is java.lang.AssertionError: expected [true] but found [false]</td>
																</tr>
														</tbody>
													</table>
													<ul class='collapsible node-list' data-collapsible='accordion'>
													</ul>
												</div>
											</div>
										</li>
										<li class='collection-item test displayed active fail ' extentid='5410d6dc-4cc1-4b31-a46c-3df1db0cba86'>
											<div class='test-head'>
												<span class='test-name'>NonFinancialTransactions ::  changeloginpwd </span>
												<span class='test-status label right outline capitalize fail'>fail</span>
												<span class='category-assigned hide  automationtesting'></span>
											</div>
											<div class='test-body'>
												<div class='test-info'>
													<span title='Test started time' alt='Test started time' class='test-started-time label green lighten-1 text-white'>2018-03-16 15:26:01</span>
													<span title='Test ended time' alt='Test ended time' class='test-ended-time label red lighten-1 text-white'>2018-03-16 15:26:01</span>
													<span title='Time taken to finish' alt='Time taken to finish' class='test-time-taken label blue-grey lighten-3 text-white'>0h 0m 0s+22ms</span>
												</div>
												<div class='test-desc'>changeloginpwd</div>
												<div class='test-attributes'>
														<div class='categories'>
																<span class='category text-white'>Automation Testing</span>
														</div>
														<div class='authors'>
																<span class='author text-white'>Brantan sp</span>
														</div>
												</div>
												<div class='test-steps'>
													<table class='bordered table-results'>
														<thead>
															<tr>
																<th>Status</th>
																<th>Timestamp</th>
																<th>Details</th>
															</tr>
														</thead>
														<tbody>
																<tr>
																	<td class='status pass' title='pass' alt='pass'><i class='mdi-action-check-circle'></i></td>
																	<td class='timestamp'>15:26:01</td>
																	<td class='step-details'>Test started successfully</td>
																</tr>
																<tr>
																	<td class='status fail' title='fail' alt='fail'><i class='mdi-navigation-cancel'></i></td>
																	<td class='timestamp'>15:26:01</td>
																	<td class='step-details'>Test Case Failed is changeloginpwd</td>
																</tr>
																<tr>
																	<td class='status fail' title='fail' alt='fail'><i class='mdi-navigation-cancel'></i></td>
																	<td class='timestamp'>15:26:01</td>
																	<td class='step-details'>Test Case Failed is java.lang.NullPointerException</td>
																</tr>
														</tbody>
													</table>
													<ul class='collapsible node-list' data-collapsible='accordion'>
													</ul>
												</div>
											</div>
										</li>
										<li class='collection-item test displayed active fail ' extentid='28ee57a4-6c70-4b31-b2ec-48aace74b098'>
											<div class='test-head'>
												<span class='test-name'>FinancialTransactions ::  Billercategorylist </span>
												<span class='test-status label right outline capitalize fail'>fail</span>
												<span class='category-assigned hide  automationtesting'></span>
											</div>
											<div class='test-body'>
												<div class='test-info'>
													<span title='Test started time' alt='Test started time' class='test-started-time label green lighten-1 text-white'>2018-03-16 15:26:01</span>
													<span title='Test ended time' alt='Test ended time' class='test-ended-time label red lighten-1 text-white'>2018-03-16 15:26:02</span>
													<span title='Time taken to finish' alt='Time taken to finish' class='test-time-taken label blue-grey lighten-3 text-white'>0h 0m 0s+266ms</span>
												</div>
												<div class='test-desc'>Billercategorylist</div>
												<div class='test-attributes'>
														<div class='categories'>
																<span class='category text-white'>Automation Testing</span>
														</div>
														<div class='authors'>
																<span class='author text-white'>Brantan sp</span>
														</div>
												</div>
												<div class='test-steps'>
													<table class='bordered table-results'>
														<thead>
															<tr>
																<th>Status</th>
																<th>Timestamp</th>
																<th>Details</th>
															</tr>
														</thead>
														<tbody>
																<tr>
																	<td class='status pass' title='pass' alt='pass'><i class='mdi-action-check-circle'></i></td>
																	<td class='timestamp'>15:26:01</td>
																	<td class='step-details'>Test started successfully</td>
																</tr>
																<tr>
																	<td class='status fail' title='fail' alt='fail'><i class='mdi-navigation-cancel'></i></td>
																	<td class='timestamp'>15:26:02</td>
																	<td class='step-details'>Test Case Failed is Billercategorylist</td>
																</tr>
																<tr>
																	<td class='status fail' title='fail' alt='fail'><i class='mdi-navigation-cancel'></i></td>
																	<td class='timestamp'>15:26:02</td>
																	<td class='step-details'>Test Case Failed is java.lang.AssertionError: expected [true] but found [false]</td>
																</tr>
														</tbody>
													</table>
													<ul class='collapsible node-list' data-collapsible='accordion'>
													</ul>
												</div>
											</div>
										</li>
										<li class='collection-item test displayed active pass ' extentid='fcfc76ec-8e8a-4e1d-907f-aacaf4c28733'>
											<div class='test-head'>
												<span class='test-name'>FinancialTransactions ::  IMPSP2AAddBeneficiary </span>
												<span class='test-status label right outline capitalize pass'>pass</span>
												<span class='category-assigned hide  automationtesting'></span>
											</div>
											<div class='test-body'>
												<div class='test-info'>
													<span title='Test started time' alt='Test started time' class='test-started-time label green lighten-1 text-white'>2018-03-16 15:26:02</span>
													<span title='Test ended time' alt='Test ended time' class='test-ended-time label red lighten-1 text-white'>2018-03-16 15:26:04</span>
													<span title='Time taken to finish' alt='Time taken to finish' class='test-time-taken label blue-grey lighten-3 text-white'>0h 0m 2s+829ms</span>
												</div>
												<div class='test-desc'>IMPSP2AAddBeneficiary</div>
												<div class='test-attributes'>
														<div class='categories'>
																<span class='category text-white'>Automation Testing</span>
														</div>
														<div class='authors'>
																<span class='author text-white'>Brantan sp</span>
														</div>
												</div>
												<div class='test-steps'>
													<table class='bordered table-results'>
														<thead>
															<tr>
																<th>Status</th>
																<th>Timestamp</th>
																<th>Details</th>
															</tr>
														</thead>
														<tbody>
																<tr>
																	<td class='status pass' title='pass' alt='pass'><i class='mdi-action-check-circle'></i></td>
																	<td class='timestamp'>15:26:02</td>
																	<td class='step-details'>Test started successfully</td>
																</tr>
														</tbody>
													</table>
													<ul class='collapsible node-list' data-collapsible='accordion'>
													</ul>
												</div>
											</div>
										</li>
										<li class='collection-item test displayed active pass ' extentid='7a9932a1-eb83-4a03-a52f-a2a43e3fdfa6'>
											<div class='test-head'>
												<span class='test-name'>FinancialTransactions ::  IMPSP2AAddBeneficiaryconfirmation </span>
												<span class='test-status label right outline capitalize pass'>pass</span>
												<span class='category-assigned hide  automationtesting'></span>
											</div>
											<div class='test-body'>
												<div class='test-info'>
													<span title='Test started time' alt='Test started time' class='test-started-time label green lighten-1 text-white'>2018-03-16 15:26:04</span>
													<span title='Test ended time' alt='Test ended time' class='test-ended-time label red lighten-1 text-white'>2018-03-16 15:26:07</span>
													<span title='Time taken to finish' alt='Time taken to finish' class='test-time-taken label blue-grey lighten-3 text-white'>0h 0m 2s+852ms</span>
												</div>
												<div class='test-desc'>IMPSP2AAddBeneficiaryconfirmation</div>
												<div class='test-attributes'>
														<div class='categories'>
																<span class='category text-white'>Automation Testing</span>
														</div>
														<div class='authors'>
																<span class='author text-white'>Brantan sp</span>
														</div>
												</div>
												<div class='test-steps'>
													<table class='bordered table-results'>
														<thead>
															<tr>
																<th>Status</th>
																<th>Timestamp</th>
																<th>Details</th>
															</tr>
														</thead>
														<tbody>
																<tr>
																	<td class='status pass' title='pass' alt='pass'><i class='mdi-action-check-circle'></i></td>
																	<td class='timestamp'>15:26:04</td>
																	<td class='step-details'>Test started successfully</td>
																</tr>
														</tbody>
													</table>
													<ul class='collapsible node-list' data-collapsible='accordion'>
													</ul>
												</div>
											</div>
										</li>
										<li class='collection-item test displayed active fail ' extentid='7c649970-4edb-4a40-9365-718245c175fc'>
											<div class='test-head'>
												<span class='test-name'>FinancialTransactions ::  IMPSP2ABeneficiaryPaymentConfirmation </span>
												<span class='test-status label right outline capitalize fail'>fail</span>
												<span class='category-assigned hide  automationtesting'></span>
											</div>
											<div class='test-body'>
												<div class='test-info'>
													<span title='Test started time' alt='Test started time' class='test-started-time label green lighten-1 text-white'>2018-03-16 15:26:07</span>
													<span title='Test ended time' alt='Test ended time' class='test-ended-time label red lighten-1 text-white'>2018-03-16 15:26:11</span>
													<span title='Time taken to finish' alt='Time taken to finish' class='test-time-taken label blue-grey lighten-3 text-white'>0h 0m 4s+122ms</span>
												</div>
												<div class='test-desc'>IMPSP2ABeneficiaryPaymentConfirmation</div>
												<div class='test-attributes'>
														<div class='categories'>
																<span class='category text-white'>Automation Testing</span>
														</div>
														<div class='authors'>
																<span class='author text-white'>Brantan sp</span>
														</div>
												</div>
												<div class='test-steps'>
													<table class='bordered table-results'>
														<thead>
															<tr>
																<th>Status</th>
																<th>Timestamp</th>
																<th>Details</th>
															</tr>
														</thead>
														<tbody>
																<tr>
																	<td class='status pass' title='pass' alt='pass'><i class='mdi-action-check-circle'></i></td>
																	<td class='timestamp'>15:26:07</td>
																	<td class='step-details'>Test started successfully</td>
																</tr>
																<tr>
																	<td class='status fail' title='fail' alt='fail'><i class='mdi-navigation-cancel'></i></td>
																	<td class='timestamp'>15:26:11</td>
																	<td class='step-details'>Test Case Failed is IMPSP2ABeneficiaryPaymentConfirmation</td>
																</tr>
																<tr>
																	<td class='status fail' title='fail' alt='fail'><i class='mdi-navigation-cancel'></i></td>
																	<td class='timestamp'>15:26:11</td>
																	<td class='step-details'>Test Case Failed is java.lang.AssertionError: expected [true] but found [false]</td>
																</tr>
														</tbody>
													</table>
													<ul class='collapsible node-list' data-collapsible='accordion'>
													</ul>
												</div>
											</div>
										</li>
										<li class='collection-item test displayed active pass ' extentid='a943bb86-bcf7-4d36-9055-c5521f88d5df'>
											<div class='test-head'>
												<span class='test-name'>FinancialTransactions ::  IMPSP2ABeneficiaryPaymentListenquiry </span>
												<span class='test-status label right outline capitalize pass'>pass</span>
												<span class='category-assigned hide  automationtesting'></span>
											</div>
											<div class='test-body'>
												<div class='test-info'>
													<span title='Test started time' alt='Test started time' class='test-started-time label green lighten-1 text-white'>2018-03-16 15:26:11</span>
													<span title='Test ended time' alt='Test ended time' class='test-ended-time label red lighten-1 text-white'>2018-03-16 15:26:13</span>
													<span title='Time taken to finish' alt='Time taken to finish' class='test-time-taken label blue-grey lighten-3 text-white'>0h 0m 1s+905ms</span>
												</div>
												<div class='test-desc'>IMPSP2ABeneficiaryPaymentListenquiry</div>
												<div class='test-attributes'>
														<div class='categories'>
																<span class='category text-white'>Automation Testing</span>
														</div>
														<div class='authors'>
																<span class='author text-white'>Brantan sp</span>
														</div>
												</div>
												<div class='test-steps'>
													<table class='bordered table-results'>
														<thead>
															<tr>
																<th>Status</th>
																<th>Timestamp</th>
																<th>Details</th>
															</tr>
														</thead>
														<tbody>
																<tr>
																	<td class='status pass' title='pass' alt='pass'><i class='mdi-action-check-circle'></i></td>
																	<td class='timestamp'>15:26:11</td>
																	<td class='step-details'>Test started successfully</td>
																</tr>
														</tbody>
													</table>
													<ul class='collapsible node-list' data-collapsible='accordion'>
													</ul>
												</div>
											</div>
										</li>
										<li class='collection-item test displayed active fail ' extentid='89de7038-07b2-40a4-970a-485a79598b50'>
											<div class='test-head'>
												<span class='test-name'>FinancialTransactions ::  IMPSP2ABeneficiarySearchListenquiry </span>
												<span class='test-status label right outline capitalize fail'>fail</span>
												<span class='category-assigned hide  automationtesting'></span>
											</div>
											<div class='test-body'>
												<div class='test-info'>
													<span title='Test started time' alt='Test started time' class='test-started-time label green lighten-1 text-white'>2018-03-16 15:26:13</span>
													<span title='Test ended time' alt='Test ended time' class='test-ended-time label red lighten-1 text-white'>2018-03-16 15:26:16</span>
													<span title='Time taken to finish' alt='Time taken to finish' class='test-time-taken label blue-grey lighten-3 text-white'>0h 0m 2s+921ms</span>
												</div>
												<div class='test-desc'>IMPSP2ABeneficiarySearchListenquiry</div>
												<div class='test-attributes'>
														<div class='categories'>
																<span class='category text-white'>Automation Testing</span>
														</div>
														<div class='authors'>
																<span class='author text-white'>Brantan sp</span>
														</div>
												</div>
												<div class='test-steps'>
													<table class='bordered table-results'>
														<thead>
															<tr>
																<th>Status</th>
																<th>Timestamp</th>
																<th>Details</th>
															</tr>
														</thead>
														<tbody>
																<tr>
																	<td class='status pass' title='pass' alt='pass'><i class='mdi-action-check-circle'></i></td>
																	<td class='timestamp'>15:26:13</td>
																	<td class='step-details'>Test started successfully</td>
																</tr>
																<tr>
																	<td class='status fail' title='fail' alt='fail'><i class='mdi-navigation-cancel'></i></td>
																	<td class='timestamp'>15:26:16</td>
																	<td class='step-details'>Test Case Failed is IMPSP2ABeneficiarySearchListenquiry</td>
																</tr>
																<tr>
																	<td class='status fail' title='fail' alt='fail'><i class='mdi-navigation-cancel'></i></td>
																	<td class='timestamp'>15:26:16</td>
																	<td class='step-details'>Test Case Failed is java.lang.AssertionError: expected [true] but found [false]</td>
																</tr>
														</tbody>
													</table>
													<ul class='collapsible node-list' data-collapsible='accordion'>
													</ul>
												</div>
											</div>
										</li>
										<li class='collection-item test displayed active fail ' extentid='e085297f-90b4-470a-8ec7-91defd874d5f'>
											<div class='test-head'>
												<span class='test-name'>FinancialTransactions ::  IMPSP2ADeleteBeneficiaryConfirmation </span>
												<span class='test-status label right outline capitalize fail'>fail</span>
												<span class='category-assigned hide  automationtesting'></span>
											</div>
											<div class='test-body'>
												<div class='test-info'>
													<span title='Test started time' alt='Test started time' class='test-started-time label green lighten-1 text-white'>2018-03-16 15:26:16</span>
													<span title='Test ended time' alt='Test ended time' class='test-ended-time label red lighten-1 text-white'>2018-03-16 15:26:18</span>
													<span title='Time taken to finish' alt='Time taken to finish' class='test-time-taken label blue-grey lighten-3 text-white'>0h 0m 2s+62ms</span>
												</div>
												<div class='test-desc'>IMPSP2ADeleteBeneficiaryConfirmation</div>
												<div class='test-attributes'>
														<div class='categories'>
																<span class='category text-white'>Automation Testing</span>
														</div>
														<div class='authors'>
																<span class='author text-white'>Brantan sp</span>
														</div>
												</div>
												<div class='test-steps'>
													<table class='bordered table-results'>
														<thead>
															<tr>
																<th>Status</th>
																<th>Timestamp</th>
																<th>Details</th>
															</tr>
														</thead>
														<tbody>
																<tr>
																	<td class='status pass' title='pass' alt='pass'><i class='mdi-action-check-circle'></i></td>
																	<td class='timestamp'>15:26:16</td>
																	<td class='step-details'>Test started successfully</td>
																</tr>
																<tr>
																	<td class='status fail' title='fail' alt='fail'><i class='mdi-navigation-cancel'></i></td>
																	<td class='timestamp'>15:26:18</td>
																	<td class='step-details'>Test Case Failed is IMPSP2ADeleteBeneficiaryConfirmation</td>
																</tr>
																<tr>
																	<td class='status fail' title='fail' alt='fail'><i class='mdi-navigation-cancel'></i></td>
																	<td class='timestamp'>15:26:18</td>
																	<td class='step-details'>Test Case Failed is java.lang.AssertionError: expected [true] but found [false]</td>
																</tr>
														</tbody>
													</table>
													<ul class='collapsible node-list' data-collapsible='accordion'>
													</ul>
												</div>
											</div>
										</li>
										<li class='collection-item test displayed active fail ' extentid='b5fdc02f-259a-44e5-94a8-8fbdb07c7ba5'>
											<div class='test-head'>
												<span class='test-name'>FinancialTransactions ::  IMPSP2ADeleteBeneficiaryListenquiry </span>
												<span class='test-status label right outline capitalize fail'>fail</span>
												<span class='category-assigned hide  automationtesting'></span>
											</div>
											<div class='test-body'>
												<div class='test-info'>
													<span title='Test started time' alt='Test started time' class='test-started-time label green lighten-1 text-white'>2018-03-16 15:26:18</span>
													<span title='Test ended time' alt='Test ended time' class='test-ended-time label red lighten-1 text-white'>2018-03-16 15:26:20</span>
													<span title='Time taken to finish' alt='Time taken to finish' class='test-time-taken label blue-grey lighten-3 text-white'>0h 0m 2s+71ms</span>
												</div>
												<div class='test-desc'>IMPSP2ADeleteBeneficiaryListenquiry</div>
												<div class='test-attributes'>
														<div class='categories'>
																<span class='category text-white'>Automation Testing</span>
														</div>
														<div class='authors'>
																<span class='author text-white'>Brantan sp</span>
														</div>
												</div>
												<div class='test-steps'>
													<table class='bordered table-results'>
														<thead>
															<tr>
																<th>Status</th>
																<th>Timestamp</th>
																<th>Details</th>
															</tr>
														</thead>
														<tbody>
																<tr>
																	<td class='status pass' title='pass' alt='pass'><i class='mdi-action-check-circle'></i></td>
																	<td class='timestamp'>15:26:18</td>
																	<td class='step-details'>Test started successfully</td>
																</tr>
																<tr>
																	<td class='status fail' title='fail' alt='fail'><i class='mdi-navigation-cancel'></i></td>
																	<td class='timestamp'>15:26:20</td>
																	<td class='step-details'>Test Case Failed is IMPSP2ADeleteBeneficiaryListenquiry</td>
																</tr>
																<tr>
																	<td class='status fail' title='fail' alt='fail'><i class='mdi-navigation-cancel'></i></td>
																	<td class='timestamp'>15:26:20</td>
																	<td class='step-details'>Test Case Failed is java.lang.AssertionError: expected [true] but found [false]</td>
																</tr>
														</tbody>
													</table>
													<ul class='collapsible node-list' data-collapsible='accordion'>
													</ul>
												</div>
											</div>
										</li>
										<li class='collection-item test displayed active fail ' extentid='f8ba20ed-27b0-414d-b152-d69d3ebce4b1'>
											<div class='test-head'>
												<span class='test-name'>FinancialTransactions ::  IMPSP2AInstantPayment </span>
												<span class='test-status label right outline capitalize fail'>fail</span>
												<span class='category-assigned hide  automationtesting'></span>
											</div>
											<div class='test-body'>
												<div class='test-info'>
													<span title='Test started time' alt='Test started time' class='test-started-time label green lighten-1 text-white'>2018-03-16 15:26:20</span>
													<span title='Test ended time' alt='Test ended time' class='test-ended-time label red lighten-1 text-white'>2018-03-16 15:26:24</span>
													<span title='Time taken to finish' alt='Time taken to finish' class='test-time-taken label blue-grey lighten-3 text-white'>0h 0m 4s+38ms</span>
												</div>
												<div class='test-desc'>IMPSP2AInstantPayment</div>
												<div class='test-attributes'>
														<div class='categories'>
																<span class='category text-white'>Automation Testing</span>
														</div>
														<div class='authors'>
																<span class='author text-white'>Brantan sp</span>
														</div>
												</div>
												<div class='test-steps'>
													<table class='bordered table-results'>
														<thead>
															<tr>
																<th>Status</th>
																<th>Timestamp</th>
																<th>Details</th>
															</tr>
														</thead>
														<tbody>
																<tr>
																	<td class='status pass' title='pass' alt='pass'><i class='mdi-action-check-circle'></i></td>
																	<td class='timestamp'>15:26:20</td>
																	<td class='step-details'>Test started successfully</td>
																</tr>
																<tr>
																	<td class='status fail' title='fail' alt='fail'><i class='mdi-navigation-cancel'></i></td>
																	<td class='timestamp'>15:26:24</td>
																	<td class='step-details'>Test Case Failed is IMPSP2AInstantPayment</td>
																</tr>
																<tr>
																	<td class='status fail' title='fail' alt='fail'><i class='mdi-navigation-cancel'></i></td>
																	<td class='timestamp'>15:26:24</td>
																	<td class='step-details'>Test Case Failed is java.lang.AssertionError: expected [true] but found [false]</td>
																</tr>
														</tbody>
													</table>
													<ul class='collapsible node-list' data-collapsible='accordion'>
													</ul>
												</div>
											</div>
										</li>
										<li class='collection-item test displayed active pass ' extentid='fd55a881-15f2-4ebb-aace-b9a184e1ab3a'>
											<div class='test-head'>
												<span class='test-name'>FinancialTransactions ::  IMPSP2PAddBeneficiary </span>
												<span class='test-status label right outline capitalize pass'>pass</span>
												<span class='category-assigned hide  automationtesting'></span>
											</div>
											<div class='test-body'>
												<div class='test-info'>
													<span title='Test started time' alt='Test started time' class='test-started-time label green lighten-1 text-white'>2018-03-16 15:26:24</span>
													<span title='Test ended time' alt='Test ended time' class='test-ended-time label red lighten-1 text-white'>2018-03-16 15:26:26</span>
													<span title='Time taken to finish' alt='Time taken to finish' class='test-time-taken label blue-grey lighten-3 text-white'>0h 0m 1s+955ms</span>
												</div>
												<div class='test-desc'>IMPSP2PAddBeneficiary</div>
												<div class='test-attributes'>
														<div class='categories'>
																<span class='category text-white'>Automation Testing</span>
														</div>
														<div class='authors'>
																<span class='author text-white'>Brantan sp</span>
														</div>
												</div>
												<div class='test-steps'>
													<table class='bordered table-results'>
														<thead>
															<tr>
																<th>Status</th>
																<th>Timestamp</th>
																<th>Details</th>
															</tr>
														</thead>
														<tbody>
																<tr>
																	<td class='status pass' title='pass' alt='pass'><i class='mdi-action-check-circle'></i></td>
																	<td class='timestamp'>15:26:24</td>
																	<td class='step-details'>Test started successfully</td>
																</tr>
														</tbody>
													</table>
													<ul class='collapsible node-list' data-collapsible='accordion'>
													</ul>
												</div>
											</div>
										</li>
										<li class='collection-item test displayed active pass ' extentid='545d24fd-7ab8-4279-80cf-26eb16cd55a5'>
											<div class='test-head'>
												<span class='test-name'>FinancialTransactions ::  IMPSP2PAddBeneficiaryconfirmation </span>
												<span class='test-status label right outline capitalize pass'>pass</span>
												<span class='category-assigned hide  automationtesting'></span>
											</div>
											<div class='test-body'>
												<div class='test-info'>
													<span title='Test started time' alt='Test started time' class='test-started-time label green lighten-1 text-white'>2018-03-16 15:26:26</span>
													<span title='Test ended time' alt='Test ended time' class='test-ended-time label red lighten-1 text-white'>2018-03-16 15:26:28</span>
													<span title='Time taken to finish' alt='Time taken to finish' class='test-time-taken label blue-grey lighten-3 text-white'>0h 0m 1s+787ms</span>
												</div>
												<div class='test-desc'>IMPSP2PAddBeneficiaryconfirmation</div>
												<div class='test-attributes'>
														<div class='categories'>
																<span class='category text-white'>Automation Testing</span>
														</div>
														<div class='authors'>
																<span class='author text-white'>Brantan sp</span>
														</div>
												</div>
												<div class='test-steps'>
													<table class='bordered table-results'>
														<thead>
															<tr>
																<th>Status</th>
																<th>Timestamp</th>
																<th>Details</th>
															</tr>
														</thead>
														<tbody>
																<tr>
																	<td class='status pass' title='pass' alt='pass'><i class='mdi-action-check-circle'></i></td>
																	<td class='timestamp'>15:26:26</td>
																	<td class='step-details'>Test started successfully</td>
																</tr>
														</tbody>
													</table>
													<ul class='collapsible node-list' data-collapsible='accordion'>
													</ul>
												</div>
											</div>
										</li>
										<li class='collection-item test displayed active fail ' extentid='27b18fef-8b7d-4cc7-a834-d20d1a5758eb'>
											<div class='test-head'>
												<span class='test-name'>FinancialTransactions ::  IMPSP2PBeneficiaryPaymentConfirmation </span>
												<span class='test-status label right outline capitalize fail'>fail</span>
												<span class='category-assigned hide  automationtesting'></span>
											</div>
											<div class='test-body'>
												<div class='test-info'>
													<span title='Test started time' alt='Test started time' class='test-started-time label green lighten-1 text-white'>2018-03-16 15:26:28</span>
													<span title='Test ended time' alt='Test ended time' class='test-ended-time label red lighten-1 text-white'>2018-03-16 15:26:32</span>
													<span title='Time taken to finish' alt='Time taken to finish' class='test-time-taken label blue-grey lighten-3 text-white'>0h 0m 3s+914ms</span>
												</div>
												<div class='test-desc'>IMPSP2PBeneficiaryPaymentConfirmation</div>
												<div class='test-attributes'>
														<div class='categories'>
																<span class='category text-white'>Automation Testing</span>
														</div>
														<div class='authors'>
																<span class='author text-white'>Brantan sp</span>
														</div>
												</div>
												<div class='test-steps'>
													<table class='bordered table-results'>
														<thead>
															<tr>
																<th>Status</th>
																<th>Timestamp</th>
																<th>Details</th>
															</tr>
														</thead>
														<tbody>
																<tr>
																	<td class='status pass' title='pass' alt='pass'><i class='mdi-action-check-circle'></i></td>
																	<td class='timestamp'>15:26:28</td>
																	<td class='step-details'>Test started successfully</td>
																</tr>
																<tr>
																	<td class='status fail' title='fail' alt='fail'><i class='mdi-navigation-cancel'></i></td>
																	<td class='timestamp'>15:26:32</td>
																	<td class='step-details'>Test Case Failed is IMPSP2PBeneficiaryPaymentConfirmation</td>
																</tr>
																<tr>
																	<td class='status fail' title='fail' alt='fail'><i class='mdi-navigation-cancel'></i></td>
																	<td class='timestamp'>15:26:32</td>
																	<td class='step-details'>Test Case Failed is java.lang.AssertionError: expected [true] but found [false]</td>
																</tr>
														</tbody>
													</table>
													<ul class='collapsible node-list' data-collapsible='accordion'>
													</ul>
												</div>
											</div>
										</li>
										<li class='collection-item test displayed active fail ' extentid='5e85d3d8-1c43-4480-9ed8-3eb618bc653c'>
											<div class='test-head'>
												<span class='test-name'>FinancialTransactions ::  IMPSP2PBeneficiaryPaymentListenquiry </span>
												<span class='test-status label right outline capitalize fail'>fail</span>
												<span class='category-assigned hide  automationtesting'></span>
											</div>
											<div class='test-body'>
												<div class='test-info'>
													<span title='Test started time' alt='Test started time' class='test-started-time label green lighten-1 text-white'>2018-03-16 15:26:32</span>
													<span title='Test ended time' alt='Test ended time' class='test-ended-time label red lighten-1 text-white'>2018-03-16 15:26:34</span>
													<span title='Time taken to finish' alt='Time taken to finish' class='test-time-taken label blue-grey lighten-3 text-white'>0h 0m 1s+816ms</span>
												</div>
												<div class='test-desc'>IMPSP2PBeneficiaryPaymentListenquiry</div>
												<div class='test-attributes'>
														<div class='categories'>
																<span class='category text-white'>Automation Testing</span>
														</div>
														<div class='authors'>
																<span class='author text-white'>Brantan sp</span>
														</div>
												</div>
												<div class='test-steps'>
													<table class='bordered table-results'>
														<thead>
															<tr>
																<th>Status</th>
																<th>Timestamp</th>
																<th>Details</th>
															</tr>
														</thead>
														<tbody>
																<tr>
																	<td class='status pass' title='pass' alt='pass'><i class='mdi-action-check-circle'></i></td>
																	<td class='timestamp'>15:26:32</td>
																	<td class='step-details'>Test started successfully</td>
																</tr>
																<tr>
																	<td class='status fail' title='fail' alt='fail'><i class='mdi-navigation-cancel'></i></td>
																	<td class='timestamp'>15:26:34</td>
																	<td class='step-details'>Test Case Failed is IMPSP2PBeneficiaryPaymentListenquiry</td>
																</tr>
																<tr>
																	<td class='status fail' title='fail' alt='fail'><i class='mdi-navigation-cancel'></i></td>
																	<td class='timestamp'>15:26:34</td>
																	<td class='step-details'>Test Case Failed is java.lang.AssertionError: expected [true] but found [false]</td>
																</tr>
														</tbody>
													</table>
													<ul class='collapsible node-list' data-collapsible='accordion'>
													</ul>
												</div>
											</div>
										</li>
										<li class='collection-item test displayed active fail ' extentid='a1e05d2b-b8ee-4224-9fbe-c9fd64bba75c'>
											<div class='test-head'>
												<span class='test-name'>FinancialTransactions ::  IMPSP2PBeneficiarySearchListenquiry </span>
												<span class='test-status label right outline capitalize fail'>fail</span>
												<span class='category-assigned hide  automationtesting'></span>
											</div>
											<div class='test-body'>
												<div class='test-info'>
													<span title='Test started time' alt='Test started time' class='test-started-time label green lighten-1 text-white'>2018-03-16 15:26:34</span>
													<span title='Test ended time' alt='Test ended time' class='test-ended-time label red lighten-1 text-white'>2018-03-16 15:26:36</span>
													<span title='Time taken to finish' alt='Time taken to finish' class='test-time-taken label blue-grey lighten-3 text-white'>0h 0m 1s+691ms</span>
												</div>
												<div class='test-desc'>IMPSP2PBeneficiarySearchListenquiry</div>
												<div class='test-attributes'>
														<div class='categories'>
																<span class='category text-white'>Automation Testing</span>
														</div>
														<div class='authors'>
																<span class='author text-white'>Brantan sp</span>
														</div>
												</div>
												<div class='test-steps'>
													<table class='bordered table-results'>
														<thead>
															<tr>
																<th>Status</th>
																<th>Timestamp</th>
																<th>Details</th>
															</tr>
														</thead>
														<tbody>
																<tr>
																	<td class='status pass' title='pass' alt='pass'><i class='mdi-action-check-circle'></i></td>
																	<td class='timestamp'>15:26:34</td>
																	<td class='step-details'>Test started successfully</td>
																</tr>
																<tr>
																	<td class='status fail' title='fail' alt='fail'><i class='mdi-navigation-cancel'></i></td>
																	<td class='timestamp'>15:26:36</td>
																	<td class='step-details'>Test Case Failed is IMPSP2PBeneficiarySearchListenquiry</td>
																</tr>
																<tr>
																	<td class='status fail' title='fail' alt='fail'><i class='mdi-navigation-cancel'></i></td>
																	<td class='timestamp'>15:26:36</td>
																	<td class='step-details'>Test Case Failed is java.lang.AssertionError: expected [true] but found [false]</td>
																</tr>
														</tbody>
													</table>
													<ul class='collapsible node-list' data-collapsible='accordion'>
													</ul>
												</div>
											</div>
										</li>
										<li class='collection-item test displayed active pass ' extentid='da319348-6bc9-4df0-824c-32ed8b0defb2'>
											<div class='test-head'>
												<span class='test-name'>FinancialTransactions ::  IMPSP2PDeleteBeneficiaryConfirmation </span>
												<span class='test-status label right outline capitalize pass'>pass</span>
												<span class='category-assigned hide  automationtesting'></span>
											</div>
											<div class='test-body'>
												<div class='test-info'>
													<span title='Test started time' alt='Test started time' class='test-started-time label green lighten-1 text-white'>2018-03-16 15:26:36</span>
													<span title='Test ended time' alt='Test ended time' class='test-ended-time label red lighten-1 text-white'>2018-03-16 15:26:37</span>
													<span title='Time taken to finish' alt='Time taken to finish' class='test-time-taken label blue-grey lighten-3 text-white'>0h 0m 1s+703ms</span>
												</div>
												<div class='test-desc'>IMPSP2PDeleteBeneficiaryConfirmation</div>
												<div class='test-attributes'>
														<div class='categories'>
																<span class='category text-white'>Automation Testing</span>
														</div>
														<div class='authors'>
																<span class='author text-white'>Brantan sp</span>
														</div>
												</div>
												<div class='test-steps'>
													<table class='bordered table-results'>
														<thead>
															<tr>
																<th>Status</th>
																<th>Timestamp</th>
																<th>Details</th>
															</tr>
														</thead>
														<tbody>
																<tr>
																	<td class='status pass' title='pass' alt='pass'><i class='mdi-action-check-circle'></i></td>
																	<td class='timestamp'>15:26:36</td>
																	<td class='step-details'>Test started successfully</td>
																</tr>
														</tbody>
													</table>
													<ul class='collapsible node-list' data-collapsible='accordion'>
													</ul>
												</div>
											</div>
										</li>
										<li class='collection-item test displayed active pass ' extentid='a4114e9e-8c26-4b97-835d-db9b6050ce01'>
											<div class='test-head'>
												<span class='test-name'>FinancialTransactions ::  IMPSP2PDeleteBeneficiaryListenquiry </span>
												<span class='test-status label right outline capitalize pass'>pass</span>
												<span class='category-assigned hide  automationtesting'></span>
											</div>
											<div class='test-body'>
												<div class='test-info'>
													<span title='Test started time' alt='Test started time' class='test-started-time label green lighten-1 text-white'>2018-03-16 15:26:37</span>
													<span title='Test ended time' alt='Test ended time' class='test-ended-time label red lighten-1 text-white'>2018-03-16 15:26:39</span>
													<span title='Time taken to finish' alt='Time taken to finish' class='test-time-taken label blue-grey lighten-3 text-white'>0h 0m 1s+728ms</span>
												</div>
												<div class='test-desc'>IMPSP2PDeleteBeneficiaryListenquiry</div>
												<div class='test-attributes'>
														<div class='categories'>
																<span class='category text-white'>Automation Testing</span>
														</div>
														<div class='authors'>
																<span class='author text-white'>Brantan sp</span>
														</div>
												</div>
												<div class='test-steps'>
													<table class='bordered table-results'>
														<thead>
															<tr>
																<th>Status</th>
																<th>Timestamp</th>
																<th>Details</th>
															</tr>
														</thead>
														<tbody>
																<tr>
																	<td class='status pass' title='pass' alt='pass'><i class='mdi-action-check-circle'></i></td>
																	<td class='timestamp'>15:26:37</td>
																	<td class='step-details'>Test started successfully</td>
																</tr>
														</tbody>
													</table>
													<ul class='collapsible node-list' data-collapsible='accordion'>
													</ul>
												</div>
											</div>
										</li>
										<li class='collection-item test displayed active fail ' extentid='b627a86b-4c1a-4b75-8912-7a5c89cfc57c'>
											<div class='test-head'>
												<span class='test-name'>FinancialTransactions ::  IMPSP2PInstantPayment </span>
												<span class='test-status label right outline capitalize fail'>fail</span>
												<span class='category-assigned hide  automationtesting'></span>
											</div>
											<div class='test-body'>
												<div class='test-info'>
													<span title='Test started time' alt='Test started time' class='test-started-time label green lighten-1 text-white'>2018-03-16 15:26:39</span>
													<span title='Test ended time' alt='Test ended time' class='test-ended-time label red lighten-1 text-white'>2018-03-16 15:26:43</span>
													<span title='Time taken to finish' alt='Time taken to finish' class='test-time-taken label blue-grey lighten-3 text-white'>0h 0m 3s+890ms</span>
												</div>
												<div class='test-desc'>IMPSP2PInstantPayment</div>
												<div class='test-attributes'>
														<div class='categories'>
																<span class='category text-white'>Automation Testing</span>
														</div>
														<div class='authors'>
																<span class='author text-white'>Brantan sp</span>
														</div>
												</div>
												<div class='test-steps'>
													<table class='bordered table-results'>
														<thead>
															<tr>
																<th>Status</th>
																<th>Timestamp</th>
																<th>Details</th>
															</tr>
														</thead>
														<tbody>
																<tr>
																	<td class='status pass' title='pass' alt='pass'><i class='mdi-action-check-circle'></i></td>
																	<td class='timestamp'>15:26:39</td>
																	<td class='step-details'>Test started successfully</td>
																</tr>
																<tr>
																	<td class='status fail' title='fail' alt='fail'><i class='mdi-navigation-cancel'></i></td>
																	<td class='timestamp'>15:26:43</td>
																	<td class='step-details'>Test Case Failed is IMPSP2PInstantPayment</td>
																</tr>
																<tr>
																	<td class='status fail' title='fail' alt='fail'><i class='mdi-navigation-cancel'></i></td>
																	<td class='timestamp'>15:26:43</td>
																	<td class='step-details'>Test Case Failed is java.lang.AssertionError: expected [true] but found [false]</td>
																</tr>
														</tbody>
													</table>
													<ul class='collapsible node-list' data-collapsible='accordion'>
													</ul>
												</div>
											</div>
										</li>
										<li class='collection-item test displayed active pass ' extentid='671628fc-4909-4993-8eeb-af8b4b950de7'>
											<div class='test-head'>
												<span class='test-name'>FinancialTransactions ::  IMPSP2UAddBeneficiary </span>
												<span class='test-status label right outline capitalize pass'>pass</span>
												<span class='category-assigned hide  automationtesting'></span>
											</div>
											<div class='test-body'>
												<div class='test-info'>
													<span title='Test started time' alt='Test started time' class='test-started-time label green lighten-1 text-white'>2018-03-16 15:26:43</span>
													<span title='Test ended time' alt='Test ended time' class='test-ended-time label red lighten-1 text-white'>2018-03-16 15:26:45</span>
													<span title='Time taken to finish' alt='Time taken to finish' class='test-time-taken label blue-grey lighten-3 text-white'>0h 0m 1s+903ms</span>
												</div>
												<div class='test-desc'>IMPSP2UAddBeneficiary</div>
												<div class='test-attributes'>
														<div class='categories'>
																<span class='category text-white'>Automation Testing</span>
														</div>
														<div class='authors'>
																<span class='author text-white'>Brantan sp</span>
														</div>
												</div>
												<div class='test-steps'>
													<table class='bordered table-results'>
														<thead>
															<tr>
																<th>Status</th>
																<th>Timestamp</th>
																<th>Details</th>
															</tr>
														</thead>
														<tbody>
																<tr>
																	<td class='status pass' title='pass' alt='pass'><i class='mdi-action-check-circle'></i></td>
																	<td class='timestamp'>15:26:43</td>
																	<td class='step-details'>Test started successfully</td>
																</tr>
														</tbody>
													</table>
													<ul class='collapsible node-list' data-collapsible='accordion'>
													</ul>
												</div>
											</div>
										</li>
										<li class='collection-item test displayed active fail ' extentid='b0bbb9c3-7816-46a1-91fd-8e9efe43ce03'>
											<div class='test-head'>
												<span class='test-name'>FinancialTransactions ::  IMPSP2UAddBeneficiaryconfirmation </span>
												<span class='test-status label right outline capitalize fail'>fail</span>
												<span class='category-assigned hide  automationtesting'></span>
											</div>
											<div class='test-body'>
												<div class='test-info'>
													<span title='Test started time' alt='Test started time' class='test-started-time label green lighten-1 text-white'>2018-03-16 15:26:45</span>
													<span title='Test ended time' alt='Test ended time' class='test-ended-time label red lighten-1 text-white'>2018-03-16 15:26:46</span>
													<span title='Time taken to finish' alt='Time taken to finish' class='test-time-taken label blue-grey lighten-3 text-white'>0h 0m 1s+353ms</span>
												</div>
												<div class='test-desc'>IMPSP2UAddBeneficiaryconfirmation</div>
												<div class='test-attributes'>
														<div class='categories'>
																<span class='category text-white'>Automation Testing</span>
														</div>
														<div class='authors'>
																<span class='author text-white'>Brantan sp</span>
														</div>
												</div>
												<div class='test-steps'>
													<table class='bordered table-results'>
														<thead>
															<tr>
																<th>Status</th>
																<th>Timestamp</th>
																<th>Details</th>
															</tr>
														</thead>
														<tbody>
																<tr>
																	<td class='status pass' title='pass' alt='pass'><i class='mdi-action-check-circle'></i></td>
																	<td class='timestamp'>15:26:45</td>
																	<td class='step-details'>Test started successfully</td>
																</tr>
																<tr>
																	<td class='status fail' title='fail' alt='fail'><i class='mdi-navigation-cancel'></i></td>
																	<td class='timestamp'>15:26:46</td>
																	<td class='step-details'>Test Case Failed is IMPSP2UAddBeneficiaryconfirmation</td>
																</tr>
																<tr>
																	<td class='status fail' title='fail' alt='fail'><i class='mdi-navigation-cancel'></i></td>
																	<td class='timestamp'>15:26:46</td>
																	<td class='step-details'>Test Case Failed is java.lang.AssertionError: expected [true] but found [false]</td>
																</tr>
														</tbody>
													</table>
													<ul class='collapsible node-list' data-collapsible='accordion'>
													</ul>
												</div>
											</div>
										</li>
										<li class='collection-item test displayed active fail ' extentid='16aee231-851d-4619-a3f8-b4f34a5c40a8'>
											<div class='test-head'>
												<span class='test-name'>FinancialTransactions ::  IMPSP2UBeneficiaryPaymentConfirmation </span>
												<span class='test-status label right outline capitalize fail'>fail</span>
												<span class='category-assigned hide  automationtesting'></span>
											</div>
											<div class='test-body'>
												<div class='test-info'>
													<span title='Test started time' alt='Test started time' class='test-started-time label green lighten-1 text-white'>2018-03-16 15:26:46</span>
													<span title='Test ended time' alt='Test ended time' class='test-ended-time label red lighten-1 text-white'>2018-03-16 15:26:53</span>
													<span title='Time taken to finish' alt='Time taken to finish' class='test-time-taken label blue-grey lighten-3 text-white'>0h 0m 6s+816ms</span>
												</div>
												<div class='test-desc'>IMPSP2UBeneficiaryPaymentConfirmation</div>
												<div class='test-attributes'>
														<div class='categories'>
																<span class='category text-white'>Automation Testing</span>
														</div>
														<div class='authors'>
																<span class='author text-white'>Brantan sp</span>
														</div>
												</div>
												<div class='test-steps'>
													<table class='bordered table-results'>
														<thead>
															<tr>
																<th>Status</th>
																<th>Timestamp</th>
																<th>Details</th>
															</tr>
														</thead>
														<tbody>
																<tr>
																	<td class='status pass' title='pass' alt='pass'><i class='mdi-action-check-circle'></i></td>
																	<td class='timestamp'>15:26:46</td>
																	<td class='step-details'>Test started successfully</td>
																</tr>
																<tr>
																	<td class='status fail' title='fail' alt='fail'><i class='mdi-navigation-cancel'></i></td>
																	<td class='timestamp'>15:26:53</td>
																	<td class='step-details'>Test Case Failed is IMPSP2UBeneficiaryPaymentConfirmation</td>
																</tr>
																<tr>
																	<td class='status fail' title='fail' alt='fail'><i class='mdi-navigation-cancel'></i></td>
																	<td class='timestamp'>15:26:53</td>
																	<td class='step-details'>Test Case Failed is java.lang.AssertionError: expected [true] but found [false]</td>
																</tr>
														</tbody>
													</table>
													<ul class='collapsible node-list' data-collapsible='accordion'>
													</ul>
												</div>
											</div>
										</li>
										<li class='collection-item test displayed active pass ' extentid='396f0600-23df-475d-806b-93d2a4cdf996'>
											<div class='test-head'>
												<span class='test-name'>FinancialTransactions ::  IMPSP2UBeneficiaryPaymentListenquiry </span>
												<span class='test-status label right outline capitalize pass'>pass</span>
												<span class='category-assigned hide  automationtesting'></span>
											</div>
											<div class='test-body'>
												<div class='test-info'>
													<span title='Test started time' alt='Test started time' class='test-started-time label green lighten-1 text-white'>2018-03-16 15:26:53</span>
													<span title='Test ended time' alt='Test ended time' class='test-ended-time label red lighten-1 text-white'>2018-03-16 15:26:55</span>
													<span title='Time taken to finish' alt='Time taken to finish' class='test-time-taken label blue-grey lighten-3 text-white'>0h 0m 1s+731ms</span>
												</div>
												<div class='test-desc'>IMPSP2UBeneficiaryPaymentListenquiry</div>
												<div class='test-attributes'>
														<div class='categories'>
																<span class='category text-white'>Automation Testing</span>
														</div>
														<div class='authors'>
																<span class='author text-white'>Brantan sp</span>
														</div>
												</div>
												<div class='test-steps'>
													<table class='bordered table-results'>
														<thead>
															<tr>
																<th>Status</th>
																<th>Timestamp</th>
																<th>Details</th>
															</tr>
														</thead>
														<tbody>
																<tr>
																	<td class='status pass' title='pass' alt='pass'><i class='mdi-action-check-circle'></i></td>
																	<td class='timestamp'>15:26:53</td>
																	<td class='step-details'>Test started successfully</td>
																</tr>
														</tbody>
													</table>
													<ul class='collapsible node-list' data-collapsible='accordion'>
													</ul>
												</div>
											</div>
										</li>
										<li class='collection-item test displayed active pass ' extentid='8f2edd32-6548-43a8-9b2e-ee90da14c6c6'>
											<div class='test-head'>
												<span class='test-name'>FinancialTransactions ::  IMPSP2UBeneficiarySearchListenquiry </span>
												<span class='test-status label right outline capitalize pass'>pass</span>
												<span class='category-assigned hide  automationtesting'></span>
											</div>
											<div class='test-body'>
												<div class='test-info'>
													<span title='Test started time' alt='Test started time' class='test-started-time label green lighten-1 text-white'>2018-03-16 15:26:55</span>
													<span title='Test ended time' alt='Test ended time' class='test-ended-time label red lighten-1 text-white'>2018-03-16 15:26:56</span>
													<span title='Time taken to finish' alt='Time taken to finish' class='test-time-taken label blue-grey lighten-3 text-white'>0h 0m 1s+609ms</span>
												</div>
												<div class='test-desc'>IMPSP2UBeneficiarySearchListenquiry</div>
												<div class='test-attributes'>
														<div class='categories'>
																<span class='category text-white'>Automation Testing</span>
														</div>
														<div class='authors'>
																<span class='author text-white'>Brantan sp</span>
														</div>
												</div>
												<div class='test-steps'>
													<table class='bordered table-results'>
														<thead>
															<tr>
																<th>Status</th>
																<th>Timestamp</th>
																<th>Details</th>
															</tr>
														</thead>
														<tbody>
																<tr>
																	<td class='status pass' title='pass' alt='pass'><i class='mdi-action-check-circle'></i></td>
																	<td class='timestamp'>15:26:55</td>
																	<td class='step-details'>Test started successfully</td>
																</tr>
														</tbody>
													</table>
													<ul class='collapsible node-list' data-collapsible='accordion'>
													</ul>
												</div>
											</div>
										</li>
										<li class='collection-item test displayed active fail ' extentid='5c0772b7-bd11-4e78-8127-e77cdb8ccc10'>
											<div class='test-head'>
												<span class='test-name'>FinancialTransactions ::  IMPSP2UDeleteBeneficiaryConfirmation </span>
												<span class='test-status label right outline capitalize fail'>fail</span>
												<span class='category-assigned hide  automationtesting'></span>
											</div>
											<div class='test-body'>
												<div class='test-info'>
													<span title='Test started time' alt='Test started time' class='test-started-time label green lighten-1 text-white'>2018-03-16 15:26:56</span>
													<span title='Test ended time' alt='Test ended time' class='test-ended-time label red lighten-1 text-white'>2018-03-16 15:26:58</span>
													<span title='Time taken to finish' alt='Time taken to finish' class='test-time-taken label blue-grey lighten-3 text-white'>0h 0m 1s+686ms</span>
												</div>
												<div class='test-desc'>IMPSP2UDeleteBeneficiaryConfirmation</div>
												<div class='test-attributes'>
														<div class='categories'>
																<span class='category text-white'>Automation Testing</span>
														</div>
														<div class='authors'>
																<span class='author text-white'>Brantan sp</span>
														</div>
												</div>
												<div class='test-steps'>
													<table class='bordered table-results'>
														<thead>
															<tr>
																<th>Status</th>
																<th>Timestamp</th>
																<th>Details</th>
															</tr>
														</thead>
														<tbody>
																<tr>
																	<td class='status pass' title='pass' alt='pass'><i class='mdi-action-check-circle'></i></td>
																	<td class='timestamp'>15:26:56</td>
																	<td class='step-details'>Test started successfully</td>
																</tr>
																<tr>
																	<td class='status fail' title='fail' alt='fail'><i class='mdi-navigation-cancel'></i></td>
																	<td class='timestamp'>15:26:58</td>
																	<td class='step-details'>Test Case Failed is IMPSP2UDeleteBeneficiaryConfirmation</td>
																</tr>
																<tr>
																	<td class='status fail' title='fail' alt='fail'><i class='mdi-navigation-cancel'></i></td>
																	<td class='timestamp'>15:26:58</td>
																	<td class='step-details'>Test Case Failed is java.lang.AssertionError: expected [true] but found [false]</td>
																</tr>
														</tbody>
													</table>
													<ul class='collapsible node-list' data-collapsible='accordion'>
													</ul>
												</div>
											</div>
										</li>
										<li class='collection-item test displayed active pass ' extentid='9a899383-0f00-407d-8364-d83609c43efb'>
											<div class='test-head'>
												<span class='test-name'>FinancialTransactions ::  IMPSP2UDeleteBeneficiaryListenquiry </span>
												<span class='test-status label right outline capitalize pass'>pass</span>
												<span class='category-assigned hide  automationtesting'></span>
											</div>
											<div class='test-body'>
												<div class='test-info'>
													<span title='Test started time' alt='Test started time' class='test-started-time label green lighten-1 text-white'>2018-03-16 15:26:58</span>
													<span title='Test ended time' alt='Test ended time' class='test-ended-time label red lighten-1 text-white'>2018-03-16 15:27:00</span>
													<span title='Time taken to finish' alt='Time taken to finish' class='test-time-taken label blue-grey lighten-3 text-white'>0h 0m 2s+223ms</span>
												</div>
												<div class='test-desc'>IMPSP2UDeleteBeneficiaryListenquiry</div>
												<div class='test-attributes'>
														<div class='categories'>
																<span class='category text-white'>Automation Testing</span>
														</div>
														<div class='authors'>
																<span class='author text-white'>Brantan sp</span>
														</div>
												</div>
												<div class='test-steps'>
													<table class='bordered table-results'>
														<thead>
															<tr>
																<th>Status</th>
																<th>Timestamp</th>
																<th>Details</th>
															</tr>
														</thead>
														<tbody>
																<tr>
																	<td class='status pass' title='pass' alt='pass'><i class='mdi-action-check-circle'></i></td>
																	<td class='timestamp'>15:26:58</td>
																	<td class='step-details'>Test started successfully</td>
																</tr>
														</tbody>
													</table>
													<ul class='collapsible node-list' data-collapsible='accordion'>
													</ul>
												</div>
											</div>
										</li>
										<li class='collection-item test displayed active fail ' extentid='6db58083-12da-4f5b-a6d9-adc749dd651f'>
											<div class='test-head'>
												<span class='test-name'>FinancialTransactions ::  IMPSP2UInstantPayment </span>
												<span class='test-status label right outline capitalize fail'>fail</span>
												<span class='category-assigned hide  automationtesting'></span>
											</div>
											<div class='test-body'>
												<div class='test-info'>
													<span title='Test started time' alt='Test started time' class='test-started-time label green lighten-1 text-white'>2018-03-16 15:27:00</span>
													<span title='Test ended time' alt='Test ended time' class='test-ended-time label red lighten-1 text-white'>2018-03-16 15:27:01</span>
													<span title='Time taken to finish' alt='Time taken to finish' class='test-time-taken label blue-grey lighten-3 text-white'>0h 0m 0s+791ms</span>
												</div>
												<div class='test-desc'>IMPSP2UInstantPayment</div>
												<div class='test-attributes'>
														<div class='categories'>
																<span class='category text-white'>Automation Testing</span>
														</div>
														<div class='authors'>
																<span class='author text-white'>Brantan sp</span>
														</div>
												</div>
												<div class='test-steps'>
													<table class='bordered table-results'>
														<thead>
															<tr>
																<th>Status</th>
																<th>Timestamp</th>
																<th>Details</th>
															</tr>
														</thead>
														<tbody>
																<tr>
																	<td class='status pass' title='pass' alt='pass'><i class='mdi-action-check-circle'></i></td>
																	<td class='timestamp'>15:27:00</td>
																	<td class='step-details'>Test started successfully</td>
																</tr>
																<tr>
																	<td class='status fail' title='fail' alt='fail'><i class='mdi-navigation-cancel'></i></td>
																	<td class='timestamp'>15:27:01</td>
																	<td class='step-details'>Test Case Failed is IMPSP2UInstantPayment</td>
																</tr>
																<tr>
																	<td class='status fail' title='fail' alt='fail'><i class='mdi-navigation-cancel'></i></td>
																	<td class='timestamp'>15:27:01</td>
																	<td class='step-details'>Test Case Failed is java.lang.AssertionError: expected [true] but found [false]</td>
																</tr>
														</tbody>
													</table>
													<ul class='collapsible node-list' data-collapsible='accordion'>
													</ul>
												</div>
											</div>
										</li>
										<li class='collection-item test displayed active fail ' extentid='e675c4ea-144a-47a7-b6fe-85c5ee160669'>
											<div class='test-head'>
												<span class='test-name'>PaymentTransactions ::  Accountselectionbiilerlist </span>
												<span class='test-status label right outline capitalize fail'>fail</span>
												<span class='category-assigned hide  automationtesting'></span>
											</div>
											<div class='test-body'>
												<div class='test-info'>
													<span title='Test started time' alt='Test started time' class='test-started-time label green lighten-1 text-white'>2018-03-16 15:27:01</span>
													<span title='Test ended time' alt='Test ended time' class='test-ended-time label red lighten-1 text-white'>2018-03-16 15:27:02</span>
													<span title='Time taken to finish' alt='Time taken to finish' class='test-time-taken label blue-grey lighten-3 text-white'>0h 0m 0s+716ms</span>
												</div>
												<div class='test-desc'>Accountselectionbiilerlist</div>
												<div class='test-attributes'>
														<div class='categories'>
																<span class='category text-white'>Automation Testing</span>
														</div>
														<div class='authors'>
																<span class='author text-white'>Brantan sp</span>
														</div>
												</div>
												<div class='test-steps'>
													<table class='bordered table-results'>
														<thead>
															<tr>
																<th>Status</th>
																<th>Timestamp</th>
																<th>Details</th>
															</tr>
														</thead>
														<tbody>
																<tr>
																	<td class='status pass' title='pass' alt='pass'><i class='mdi-action-check-circle'></i></td>
																	<td class='timestamp'>15:27:01</td>
																	<td class='step-details'>Test started successfully</td>
																</tr>
																<tr>
																	<td class='status fail' title='fail' alt='fail'><i class='mdi-navigation-cancel'></i></td>
																	<td class='timestamp'>15:27:02</td>
																	<td class='step-details'>Test Case Failed is Accountselectionbiilerlist</td>
																</tr>
																<tr>
																	<td class='status fail' title='fail' alt='fail'><i class='mdi-navigation-cancel'></i></td>
																	<td class='timestamp'>15:27:02</td>
																	<td class='step-details'>Test Case Failed is java.lang.AssertionError: expected [true] but found [false]</td>
																</tr>
														</tbody>
													</table>
													<ul class='collapsible node-list' data-collapsible='accordion'>
													</ul>
												</div>
											</div>
										</li>
										<li class='collection-item test displayed active fail ' extentid='730bb6ee-fac1-4036-a6ee-3d014df510b9'>
											<div class='test-head'>
												<span class='test-name'>PaymentTransactions ::  AdHocBillercategorylist </span>
												<span class='test-status label right outline capitalize fail'>fail</span>
												<span class='category-assigned hide  automationtesting'></span>
											</div>
											<div class='test-body'>
												<div class='test-info'>
													<span title='Test started time' alt='Test started time' class='test-started-time label green lighten-1 text-white'>2018-03-16 15:27:02</span>
													<span title='Test ended time' alt='Test ended time' class='test-ended-time label red lighten-1 text-white'>2018-03-16 15:28:34</span>
													<span title='Time taken to finish' alt='Time taken to finish' class='test-time-taken label blue-grey lighten-3 text-white'>0h 1m 32s+369ms</span>
												</div>
												<div class='test-desc'>AdHocBillercategorylist</div>
												<div class='test-attributes'>
														<div class='categories'>
																<span class='category text-white'>Automation Testing</span>
														</div>
														<div class='authors'>
																<span class='author text-white'>Brantan sp</span>
														</div>
												</div>
												<div class='test-steps'>
													<table class='bordered table-results'>
														<thead>
															<tr>
																<th>Status</th>
																<th>Timestamp</th>
																<th>Details</th>
															</tr>
														</thead>
														<tbody>
																<tr>
																	<td class='status pass' title='pass' alt='pass'><i class='mdi-action-check-circle'></i></td>
																	<td class='timestamp'>15:27:02</td>
																	<td class='step-details'>Test started successfully</td>
																</tr>
																<tr>
																	<td class='status fail' title='fail' alt='fail'><i class='mdi-navigation-cancel'></i></td>
																	<td class='timestamp'>15:28:34</td>
																	<td class='step-details'>Test Case Failed is AdHocBillercategorylist</td>
																</tr>
																<tr>
																	<td class='status fail' title='fail' alt='fail'><i class='mdi-navigation-cancel'></i></td>
																	<td class='timestamp'>15:28:34</td>
																	<td class='step-details'>Test Case Failed is java.lang.AssertionError: expected [true] but found [false]</td>
																</tr>
														</tbody>
													</table>
													<ul class='collapsible node-list' data-collapsible='accordion'>
													</ul>
												</div>
											</div>
										</li>
										<li class='collection-item test displayed active fail ' extentid='4f6b47ff-1290-4de0-bb26-a5a40b5da38d'>
											<div class='test-head'>
												<span class='test-name'>PaymentTransactions ::  AdHocbillerlist </span>
												<span class='test-status label right outline capitalize fail'>fail</span>
												<span class='category-assigned hide  automationtesting'></span>
											</div>
											<div class='test-body'>
												<div class='test-info'>
													<span title='Test started time' alt='Test started time' class='test-started-time label green lighten-1 text-white'>2018-03-16 15:28:34</span>
													<span title='Test ended time' alt='Test ended time' class='test-ended-time label red lighten-1 text-white'>2018-03-16 15:28:34</span>
													<span title='Time taken to finish' alt='Time taken to finish' class='test-time-taken label blue-grey lighten-3 text-white'>0h 0m 0s+267ms</span>
												</div>
												<div class='test-desc'>AdHocbillerlist</div>
												<div class='test-attributes'>
														<div class='categories'>
																<span class='category text-white'>Automation Testing</span>
														</div>
														<div class='authors'>
																<span class='author text-white'>Brantan sp</span>
														</div>
												</div>
												<div class='test-steps'>
													<table class='bordered table-results'>
														<thead>
															<tr>
																<th>Status</th>
																<th>Timestamp</th>
																<th>Details</th>
															</tr>
														</thead>
														<tbody>
																<tr>
																	<td class='status pass' title='pass' alt='pass'><i class='mdi-action-check-circle'></i></td>
																	<td class='timestamp'>15:28:34</td>
																	<td class='step-details'>Test started successfully</td>
																</tr>
																<tr>
																	<td class='status fail' title='fail' alt='fail'><i class='mdi-navigation-cancel'></i></td>
																	<td class='timestamp'>15:28:34</td>
																	<td class='step-details'>Test Case Failed is AdHocbillerlist</td>
																</tr>
																<tr>
																	<td class='status fail' title='fail' alt='fail'><i class='mdi-navigation-cancel'></i></td>
																	<td class='timestamp'>15:28:34</td>
																	<td class='step-details'>Test Case Failed is java.lang.AssertionError: expected [true] but found [false]</td>
																</tr>
														</tbody>
													</table>
													<ul class='collapsible node-list' data-collapsible='accordion'>
													</ul>
												</div>
											</div>
										</li>
										<li class='collection-item test displayed active fail ' extentid='853543da-6343-4f8a-aad7-3d30737caa1e'>
											<div class='test-head'>
												<span class='test-name'>PaymentTransactions ::  Adhocpayconfirm </span>
												<span class='test-status label right outline capitalize fail'>fail</span>
												<span class='category-assigned hide  automationtesting'></span>
											</div>
											<div class='test-body'>
												<div class='test-info'>
													<span title='Test started time' alt='Test started time' class='test-started-time label green lighten-1 text-white'>2018-03-16 15:28:34</span>
													<span title='Test ended time' alt='Test ended time' class='test-ended-time label red lighten-1 text-white'>2018-03-16 15:28:36</span>
													<span title='Time taken to finish' alt='Time taken to finish' class='test-time-taken label blue-grey lighten-3 text-white'>0h 0m 1s+223ms</span>
												</div>
												<div class='test-desc'>Adhocpayconfirm</div>
												<div class='test-attributes'>
														<div class='categories'>
																<span class='category text-white'>Automation Testing</span>
														</div>
														<div class='authors'>
																<span class='author text-white'>Brantan sp</span>
														</div>
												</div>
												<div class='test-steps'>
													<table class='bordered table-results'>
														<thead>
															<tr>
																<th>Status</th>
																<th>Timestamp</th>
																<th>Details</th>
															</tr>
														</thead>
														<tbody>
																<tr>
																	<td class='status pass' title='pass' alt='pass'><i class='mdi-action-check-circle'></i></td>
																	<td class='timestamp'>15:28:34</td>
																	<td class='step-details'>Test started successfully</td>
																</tr>
																<tr>
																	<td class='status fail' title='fail' alt='fail'><i class='mdi-navigation-cancel'></i></td>
																	<td class='timestamp'>15:28:36</td>
																	<td class='step-details'>Test Case Failed is Adhocpayconfirm</td>
																</tr>
																<tr>
																	<td class='status fail' title='fail' alt='fail'><i class='mdi-navigation-cancel'></i></td>
																	<td class='timestamp'>15:28:36</td>
																	<td class='step-details'>Test Case Failed is java.lang.AssertionError: expected [true] but found [false]</td>
																</tr>
														</tbody>
													</table>
													<ul class='collapsible node-list' data-collapsible='accordion'>
													</ul>
												</div>
											</div>
										</li>
										<li class='collection-item test displayed active fail ' extentid='525a28bc-850d-4f3c-bf14-3ddf4c1f92ec'>
											<div class='test-head'>
												<span class='test-name'>PaymentTransactions ::  Billercategorylist </span>
												<span class='test-status label right outline capitalize fail'>fail</span>
												<span class='category-assigned hide  automationtesting'></span>
											</div>
											<div class='test-body'>
												<div class='test-info'>
													<span title='Test started time' alt='Test started time' class='test-started-time label green lighten-1 text-white'>2018-03-16 15:28:36</span>
													<span title='Test ended time' alt='Test ended time' class='test-ended-time label red lighten-1 text-white'>2018-03-16 15:28:36</span>
													<span title='Time taken to finish' alt='Time taken to finish' class='test-time-taken label blue-grey lighten-3 text-white'>0h 0m 0s+323ms</span>
												</div>
												<div class='test-desc'>Billercategorylist</div>
												<div class='test-attributes'>
														<div class='categories'>
																<span class='category text-white'>Automation Testing</span>
														</div>
														<div class='authors'>
																<span class='author text-white'>Brantan sp</span>
														</div>
												</div>
												<div class='test-steps'>
													<table class='bordered table-results'>
														<thead>
															<tr>
																<th>Status</th>
																<th>Timestamp</th>
																<th>Details</th>
															</tr>
														</thead>
														<tbody>
																<tr>
																	<td class='status pass' title='pass' alt='pass'><i class='mdi-action-check-circle'></i></td>
																	<td class='timestamp'>15:28:36</td>
																	<td class='step-details'>Test started successfully</td>
																</tr>
																<tr>
																	<td class='status fail' title='fail' alt='fail'><i class='mdi-navigation-cancel'></i></td>
																	<td class='timestamp'>15:28:36</td>
																	<td class='step-details'>Test Case Failed is Billercategorylist</td>
																</tr>
																<tr>
																	<td class='status fail' title='fail' alt='fail'><i class='mdi-navigation-cancel'></i></td>
																	<td class='timestamp'>15:28:36</td>
																	<td class='step-details'>Test Case Failed is java.lang.AssertionError: expected [true] but found [false]</td>
																</tr>
														</tbody>
													</table>
													<ul class='collapsible node-list' data-collapsible='accordion'>
													</ul>
												</div>
											</div>
										</li>
										<li class='collection-item test displayed active fail ' extentid='727be38e-cfc4-4070-81df-cb1ae1bbfda9'>
											<div class='test-head'>
												<span class='test-name'>PaymentTransactions ::  NEFTQuickFT </span>
												<span class='test-status label right outline capitalize fail'>fail</span>
												<span class='category-assigned hide  automationtesting'></span>
											</div>
											<div class='test-body'>
												<div class='test-info'>
													<span title='Test started time' alt='Test started time' class='test-started-time label green lighten-1 text-white'>2018-03-16 15:28:36</span>
													<span title='Test ended time' alt='Test ended time' class='test-ended-time label red lighten-1 text-white'>2018-03-16 15:28:37</span>
													<span title='Time taken to finish' alt='Time taken to finish' class='test-time-taken label blue-grey lighten-3 text-white'>0h 0m 1s+393ms</span>
												</div>
												<div class='test-desc'>NEFTQuickFT</div>
												<div class='test-attributes'>
														<div class='categories'>
																<span class='category text-white'>Automation Testing</span>
														</div>
														<div class='authors'>
																<span class='author text-white'>Brantan sp</span>
														</div>
												</div>
												<div class='test-steps'>
													<table class='bordered table-results'>
														<thead>
															<tr>
																<th>Status</th>
																<th>Timestamp</th>
																<th>Details</th>
															</tr>
														</thead>
														<tbody>
																<tr>
																	<td class='status pass' title='pass' alt='pass'><i class='mdi-action-check-circle'></i></td>
																	<td class='timestamp'>15:28:36</td>
																	<td class='step-details'>Test started successfully</td>
																</tr>
																<tr>
																	<td class='status fail' title='fail' alt='fail'><i class='mdi-navigation-cancel'></i></td>
																	<td class='timestamp'>15:28:37</td>
																	<td class='step-details'>Test Case Failed is NEFTQuickFT</td>
																</tr>
																<tr>
																	<td class='status fail' title='fail' alt='fail'><i class='mdi-navigation-cancel'></i></td>
																	<td class='timestamp'>15:28:37</td>
																	<td class='step-details'>Test Case Failed is java.lang.AssertionError: expected [true] but found [false]</td>
																</tr>
														</tbody>
													</table>
													<ul class='collapsible node-list' data-collapsible='accordion'>
													</ul>
												</div>
											</div>
										</li>
										<li class='collection-item test displayed active fail ' extentid='a936d0ef-27bc-443e-8b91-bd00dc8c4027'>
											<div class='test-head'>
												<span class='test-name'>PaymentTransactions ::  NEFTbenderegconfirm </span>
												<span class='test-status label right outline capitalize fail'>fail</span>
												<span class='category-assigned hide  automationtesting'></span>
											</div>
											<div class='test-body'>
												<div class='test-info'>
													<span title='Test started time' alt='Test started time' class='test-started-time label green lighten-1 text-white'>2018-03-16 15:28:37</span>
													<span title='Test ended time' alt='Test ended time' class='test-ended-time label red lighten-1 text-white'>2018-03-16 15:28:40</span>
													<span title='Time taken to finish' alt='Time taken to finish' class='test-time-taken label blue-grey lighten-3 text-white'>0h 0m 2s+156ms</span>
												</div>
												<div class='test-desc'>NEFTbenderegconfirm</div>
												<div class='test-attributes'>
														<div class='categories'>
																<span class='category text-white'>Automation Testing</span>
														</div>
														<div class='authors'>
																<span class='author text-white'>Brantan sp</span>
														</div>
												</div>
												<div class='test-steps'>
													<table class='bordered table-results'>
														<thead>
															<tr>
																<th>Status</th>
																<th>Timestamp</th>
																<th>Details</th>
															</tr>
														</thead>
														<tbody>
																<tr>
																	<td class='status pass' title='pass' alt='pass'><i class='mdi-action-check-circle'></i></td>
																	<td class='timestamp'>15:28:37</td>
																	<td class='step-details'>Test started successfully</td>
																</tr>
																<tr>
																	<td class='status fail' title='fail' alt='fail'><i class='mdi-navigation-cancel'></i></td>
																	<td class='timestamp'>15:28:40</td>
																	<td class='step-details'>Test Case Failed is NEFTbenderegconfirm</td>
																</tr>
																<tr>
																	<td class='status fail' title='fail' alt='fail'><i class='mdi-navigation-cancel'></i></td>
																	<td class='timestamp'>15:28:40</td>
																	<td class='step-details'>Test Case Failed is java.lang.AssertionError: expected [true] but found [false]</td>
																</tr>
														</tbody>
													</table>
													<ul class='collapsible node-list' data-collapsible='accordion'>
													</ul>
												</div>
											</div>
										</li>
										<li class='collection-item test displayed active pass ' extentid='0c73fb3e-35a4-4e02-a1df-de4c7152efd9'>
											<div class='test-head'>
												<span class='test-name'>PaymentTransactions ::  NEFTbendereglist </span>
												<span class='test-status label right outline capitalize pass'>pass</span>
												<span class='category-assigned hide  automationtesting'></span>
											</div>
											<div class='test-body'>
												<div class='test-info'>
													<span title='Test started time' alt='Test started time' class='test-started-time label green lighten-1 text-white'>2018-03-16 15:28:40</span>
													<span title='Test ended time' alt='Test ended time' class='test-ended-time label red lighten-1 text-white'>2018-03-16 15:28:41</span>
													<span title='Time taken to finish' alt='Time taken to finish' class='test-time-taken label blue-grey lighten-3 text-white'>0h 0m 1s+720ms</span>
												</div>
												<div class='test-desc'>NEFTbendereglist</div>
												<div class='test-attributes'>
														<div class='categories'>
																<span class='category text-white'>Automation Testing</span>
														</div>
														<div class='authors'>
																<span class='author text-white'>Brantan sp</span>
														</div>
												</div>
												<div class='test-steps'>
													<table class='bordered table-results'>
														<thead>
															<tr>
																<th>Status</th>
																<th>Timestamp</th>
																<th>Details</th>
															</tr>
														</thead>
														<tbody>
																<tr>
																	<td class='status pass' title='pass' alt='pass'><i class='mdi-action-check-circle'></i></td>
																	<td class='timestamp'>15:28:40</td>
																	<td class='step-details'>Test started successfully</td>
																</tr>
														</tbody>
													</table>
													<ul class='collapsible node-list' data-collapsible='accordion'>
													</ul>
												</div>
											</div>
										</li>
										<li class='collection-item test displayed active fail ' extentid='a2a1e591-335e-43f2-a3a1-c6cd8731e1f3'>
											<div class='test-head'>
												<span class='test-name'>PaymentTransactions ::  NEFTbendetail </span>
												<span class='test-status label right outline capitalize fail'>fail</span>
												<span class='category-assigned hide  automationtesting'></span>
											</div>
											<div class='test-body'>
												<div class='test-info'>
													<span title='Test started time' alt='Test started time' class='test-started-time label green lighten-1 text-white'>2018-03-16 15:28:41</span>
													<span title='Test ended time' alt='Test ended time' class='test-ended-time label red lighten-1 text-white'>2018-03-16 15:28:41</span>
													<span title='Time taken to finish' alt='Time taken to finish' class='test-time-taken label blue-grey lighten-3 text-white'>0h 0m 0s+254ms</span>
												</div>
												<div class='test-desc'>NEFTbendetail</div>
												<div class='test-attributes'>
														<div class='categories'>
																<span class='category text-white'>Automation Testing</span>
														</div>
														<div class='authors'>
																<span class='author text-white'>Brantan sp</span>
														</div>
												</div>
												<div class='test-steps'>
													<table class='bordered table-results'>
														<thead>
															<tr>
																<th>Status</th>
																<th>Timestamp</th>
																<th>Details</th>
															</tr>
														</thead>
														<tbody>
																<tr>
																	<td class='status pass' title='pass' alt='pass'><i class='mdi-action-check-circle'></i></td>
																	<td class='timestamp'>15:28:41</td>
																	<td class='step-details'>Test started successfully</td>
																</tr>
																<tr>
																	<td class='status fail' title='fail' alt='fail'><i class='mdi-navigation-cancel'></i></td>
																	<td class='timestamp'>15:28:41</td>
																	<td class='step-details'>Test Case Failed is NEFTbendetail</td>
																</tr>
																<tr>
																	<td class='status fail' title='fail' alt='fail'><i class='mdi-navigation-cancel'></i></td>
																	<td class='timestamp'>15:28:41</td>
																	<td class='step-details'>Test Case Failed is java.lang.AssertionError: expected [true] but found [false]</td>
																</tr>
														</tbody>
													</table>
													<ul class='collapsible node-list' data-collapsible='accordion'>
													</ul>
												</div>
											</div>
										</li>
										<li class='collection-item test displayed active fail ' extentid='1358d2fa-0239-4f93-92ea-8d8fffb2dc07'>
											<div class='test-head'>
												<span class='test-name'>PaymentTransactions ::  NEFTbenlist </span>
												<span class='test-status label right outline capitalize fail'>fail</span>
												<span class='category-assigned hide  automationtesting'></span>
											</div>
											<div class='test-body'>
												<div class='test-info'>
													<span title='Test started time' alt='Test started time' class='test-started-time label green lighten-1 text-white'>2018-03-16 15:28:41</span>
													<span title='Test ended time' alt='Test ended time' class='test-ended-time label red lighten-1 text-white'>2018-03-16 15:28:42</span>
													<span title='Time taken to finish' alt='Time taken to finish' class='test-time-taken label blue-grey lighten-3 text-white'>0h 0m 0s+261ms</span>
												</div>
												<div class='test-desc'>NEFTbenlist</div>
												<div class='test-attributes'>
														<div class='categories'>
																<span class='category text-white'>Automation Testing</span>
														</div>
														<div class='authors'>
																<span class='author text-white'>Brantan sp</span>
														</div>
												</div>
												<div class='test-steps'>
													<table class='bordered table-results'>
														<thead>
															<tr>
																<th>Status</th>
																<th>Timestamp</th>
																<th>Details</th>
															</tr>
														</thead>
														<tbody>
																<tr>
																	<td class='status pass' title='pass' alt='pass'><i class='mdi-action-check-circle'></i></td>
																	<td class='timestamp'>15:28:41</td>
																	<td class='step-details'>Test started successfully</td>
																</tr>
																<tr>
																	<td class='status fail' title='fail' alt='fail'><i class='mdi-navigation-cancel'></i></td>
																	<td class='timestamp'>15:28:42</td>
																	<td class='step-details'>Test Case Failed is NEFTbenlist</td>
																</tr>
																<tr>
																	<td class='status fail' title='fail' alt='fail'><i class='mdi-navigation-cancel'></i></td>
																	<td class='timestamp'>15:28:42</td>
																	<td class='step-details'>Test Case Failed is java.lang.AssertionError: expected [true] but found [false]</td>
																</tr>
														</tbody>
													</table>
													<ul class='collapsible node-list' data-collapsible='accordion'>
													</ul>
												</div>
											</div>
										</li>
										<li class='collection-item test displayed active fail ' extentid='c4f115f4-d8b3-4291-9c07-1ec5c5cd5863'>
											<div class='test-head'>
												<span class='test-name'>PaymentTransactions ::  NEFTbenpayment </span>
												<span class='test-status label right outline capitalize fail'>fail</span>
												<span class='category-assigned hide  automationtesting'></span>
											</div>
											<div class='test-body'>
												<div class='test-info'>
													<span title='Test started time' alt='Test started time' class='test-started-time label green lighten-1 text-white'>2018-03-16 15:28:42</span>
													<span title='Test ended time' alt='Test ended time' class='test-ended-time label red lighten-1 text-white'>2018-03-16 15:28:42</span>
													<span title='Time taken to finish' alt='Time taken to finish' class='test-time-taken label blue-grey lighten-3 text-white'>0h 0m 0s+267ms</span>
												</div>
												<div class='test-desc'>NEFTbenpayment</div>
												<div class='test-attributes'>
														<div class='categories'>
																<span class='category text-white'>Automation Testing</span>
														</div>
														<div class='authors'>
																<span class='author text-white'>Brantan sp</span>
														</div>
												</div>
												<div class='test-steps'>
													<table class='bordered table-results'>
														<thead>
															<tr>
																<th>Status</th>
																<th>Timestamp</th>
																<th>Details</th>
															</tr>
														</thead>
														<tbody>
																<tr>
																	<td class='status pass' title='pass' alt='pass'><i class='mdi-action-check-circle'></i></td>
																	<td class='timestamp'>15:28:42</td>
																	<td class='step-details'>Test started successfully</td>
																</tr>
																<tr>
																	<td class='status fail' title='fail' alt='fail'><i class='mdi-navigation-cancel'></i></td>
																	<td class='timestamp'>15:28:42</td>
																	<td class='step-details'>Test Case Failed is NEFTbenpayment</td>
																</tr>
																<tr>
																	<td class='status fail' title='fail' alt='fail'><i class='mdi-navigation-cancel'></i></td>
																	<td class='timestamp'>15:28:42</td>
																	<td class='step-details'>Test Case Failed is java.lang.AssertionError: expected [true] but found [false]</td>
																</tr>
														</tbody>
													</table>
													<ul class='collapsible node-list' data-collapsible='accordion'>
													</ul>
												</div>
											</div>
										</li>
										<li class='collection-item test displayed active fail ' extentid='d041f558-40cc-436c-80a2-478c2e141826'>
											<div class='test-head'>
												<span class='test-name'>PaymentTransactions ::  NEFTbenreg </span>
												<span class='test-status label right outline capitalize fail'>fail</span>
												<span class='category-assigned hide  automationtesting'></span>
											</div>
											<div class='test-body'>
												<div class='test-info'>
													<span title='Test started time' alt='Test started time' class='test-started-time label green lighten-1 text-white'>2018-03-16 15:28:42</span>
													<span title='Test ended time' alt='Test ended time' class='test-ended-time label red lighten-1 text-white'>2018-03-16 15:28:44</span>
													<span title='Time taken to finish' alt='Time taken to finish' class='test-time-taken label blue-grey lighten-3 text-white'>0h 0m 1s+530ms</span>
												</div>
												<div class='test-desc'>NEFTbenreg</div>
												<div class='test-attributes'>
														<div class='categories'>
																<span class='category text-white'>Automation Testing</span>
														</div>
														<div class='authors'>
																<span class='author text-white'>Brantan sp</span>
														</div>
												</div>
												<div class='test-steps'>
													<table class='bordered table-results'>
														<thead>
															<tr>
																<th>Status</th>
																<th>Timestamp</th>
																<th>Details</th>
															</tr>
														</thead>
														<tbody>
																<tr>
																	<td class='status pass' title='pass' alt='pass'><i class='mdi-action-check-circle'></i></td>
																	<td class='timestamp'>15:28:42</td>
																	<td class='step-details'>Test started successfully</td>
																</tr>
																<tr>
																	<td class='status fail' title='fail' alt='fail'><i class='mdi-navigation-cancel'></i></td>
																	<td class='timestamp'>15:28:44</td>
																	<td class='step-details'>Test Case Failed is NEFTbenreg</td>
																</tr>
																<tr>
																	<td class='status fail' title='fail' alt='fail'><i class='mdi-navigation-cancel'></i></td>
																	<td class='timestamp'>15:28:44</td>
																	<td class='step-details'>Test Case Failed is java.lang.AssertionError: expected [true] but found [false]</td>
																</tr>
														</tbody>
													</table>
													<ul class='collapsible node-list' data-collapsible='accordion'>
													</ul>
												</div>
											</div>
										</li>
										<li class='collection-item test displayed active fail ' extentid='c5fc8fd7-6ed2-4cea-83b5-be90b83980a3'>
											<div class='test-head'>
												<span class='test-name'>PaymentTransactions ::  NEFTbenregconfirm </span>
												<span class='test-status label right outline capitalize fail'>fail</span>
												<span class='category-assigned hide  automationtesting'></span>
											</div>
											<div class='test-body'>
												<div class='test-info'>
													<span title='Test started time' alt='Test started time' class='test-started-time label green lighten-1 text-white'>2018-03-16 15:28:44</span>
													<span title='Test ended time' alt='Test ended time' class='test-ended-time label red lighten-1 text-white'>2018-03-16 15:28:46</span>
													<span title='Time taken to finish' alt='Time taken to finish' class='test-time-taken label blue-grey lighten-3 text-white'>0h 0m 2s+638ms</span>
												</div>
												<div class='test-desc'>NEFTbenregconfirm</div>
												<div class='test-attributes'>
														<div class='categories'>
																<span class='category text-white'>Automation Testing</span>
														</div>
														<div class='authors'>
																<span class='author text-white'>Brantan sp</span>
														</div>
												</div>
												<div class='test-steps'>
													<table class='bordered table-results'>
														<thead>
															<tr>
																<th>Status</th>
																<th>Timestamp</th>
																<th>Details</th>
															</tr>
														</thead>
														<tbody>
																<tr>
																	<td class='status pass' title='pass' alt='pass'><i class='mdi-action-check-circle'></i></td>
																	<td class='timestamp'>15:28:44</td>
																	<td class='step-details'>Test started successfully</td>
																</tr>
																<tr>
																	<td class='status fail' title='fail' alt='fail'><i class='mdi-navigation-cancel'></i></td>
																	<td class='timestamp'>15:28:46</td>
																	<td class='step-details'>Test Case Failed is NEFTbenregconfirm</td>
																</tr>
																<tr>
																	<td class='status fail' title='fail' alt='fail'><i class='mdi-navigation-cancel'></i></td>
																	<td class='timestamp'>15:28:46</td>
																	<td class='step-details'>Test Case Failed is java.lang.AssertionError: expected [true] but found [false]</td>
																</tr>
														</tbody>
													</table>
													<ul class='collapsible node-list' data-collapsible='accordion'>
													</ul>
												</div>
											</div>
										</li>
										<li class='collection-item test displayed active fail ' extentid='3ba44731-18f2-4109-9831-065ace4f6ae8'>
											<div class='test-head'>
												<span class='test-name'>PaymentTransactions ::  Operatorsearch </span>
												<span class='test-status label right outline capitalize fail'>fail</span>
												<span class='category-assigned hide  automationtesting'></span>
											</div>
											<div class='test-body'>
												<div class='test-info'>
													<span title='Test started time' alt='Test started time' class='test-started-time label green lighten-1 text-white'>2018-03-16 15:28:46</span>
													<span title='Test ended time' alt='Test ended time' class='test-ended-time label red lighten-1 text-white'>2018-03-16 15:30:18</span>
													<span title='Time taken to finish' alt='Time taken to finish' class='test-time-taken label blue-grey lighten-3 text-white'>0h 1m 32s+80ms</span>
												</div>
												<div class='test-desc'>Operatorsearch</div>
												<div class='test-attributes'>
														<div class='categories'>
																<span class='category text-white'>Automation Testing</span>
														</div>
														<div class='authors'>
																<span class='author text-white'>Brantan sp</span>
														</div>
												</div>
												<div class='test-steps'>
													<table class='bordered table-results'>
														<thead>
															<tr>
																<th>Status</th>
																<th>Timestamp</th>
																<th>Details</th>
															</tr>
														</thead>
														<tbody>
																<tr>
																	<td class='status pass' title='pass' alt='pass'><i class='mdi-action-check-circle'></i></td>
																	<td class='timestamp'>15:28:46</td>
																	<td class='step-details'>Test started successfully</td>
																</tr>
																<tr>
																	<td class='status fail' title='fail' alt='fail'><i class='mdi-navigation-cancel'></i></td>
																	<td class='timestamp'>15:30:18</td>
																	<td class='step-details'>Test Case Failed is Operatorsearch</td>
																</tr>
																<tr>
																	<td class='status fail' title='fail' alt='fail'><i class='mdi-navigation-cancel'></i></td>
																	<td class='timestamp'>15:30:18</td>
																	<td class='step-details'>Test Case Failed is java.lang.AssertionError: expected [true] but found [false]</td>
																</tr>
														</tbody>
													</table>
													<ul class='collapsible node-list' data-collapsible='accordion'>
													</ul>
												</div>
											</div>
										</li>
										<li class='collection-item test displayed active fail ' extentid='af22061d-9d12-4600-beea-b72b94595230'>
											<div class='test-head'>
												<span class='test-name'>PaymentTransactions ::  P2AQuickFT </span>
												<span class='test-status label right outline capitalize fail'>fail</span>
												<span class='category-assigned hide  automationtesting'></span>
											</div>
											<div class='test-body'>
												<div class='test-info'>
													<span title='Test started time' alt='Test started time' class='test-started-time label green lighten-1 text-white'>2018-03-16 15:30:18</span>
													<span title='Test ended time' alt='Test ended time' class='test-ended-time label red lighten-1 text-white'>2018-03-16 15:30:19</span>
													<span title='Time taken to finish' alt='Time taken to finish' class='test-time-taken label blue-grey lighten-3 text-white'>0h 0m 0s+453ms</span>
												</div>
												<div class='test-desc'>P2AQuickFT</div>
												<div class='test-attributes'>
														<div class='categories'>
																<span class='category text-white'>Automation Testing</span>
														</div>
														<div class='authors'>
																<span class='author text-white'>Brantan sp</span>
														</div>
												</div>
												<div class='test-steps'>
													<table class='bordered table-results'>
														<thead>
															<tr>
																<th>Status</th>
																<th>Timestamp</th>
																<th>Details</th>
															</tr>
														</thead>
														<tbody>
																<tr>
																	<td class='status pass' title='pass' alt='pass'><i class='mdi-action-check-circle'></i></td>
																	<td class='timestamp'>15:30:18</td>
																	<td class='step-details'>Test started successfully</td>
																</tr>
																<tr>
																	<td class='status fail' title='fail' alt='fail'><i class='mdi-navigation-cancel'></i></td>
																	<td class='timestamp'>15:30:19</td>
																	<td class='step-details'>Test Case Failed is P2AQuickFT</td>
																</tr>
																<tr>
																	<td class='status fail' title='fail' alt='fail'><i class='mdi-navigation-cancel'></i></td>
																	<td class='timestamp'>15:30:19</td>
																	<td class='step-details'>Test Case Failed is java.lang.AssertionError: expected [true] but found [false]</td>
																</tr>
														</tbody>
													</table>
													<ul class='collapsible node-list' data-collapsible='accordion'>
													</ul>
												</div>
											</div>
										</li>
										<li class='collection-item test displayed active fail ' extentid='32a1d7d9-e4df-45ee-9e11-4cc99dea0de8'>
											<div class='test-head'>
												<span class='test-name'>PaymentTransactions ::  P2Pbendelete </span>
												<span class='test-status label right outline capitalize fail'>fail</span>
												<span class='category-assigned hide  automationtesting'></span>
											</div>
											<div class='test-body'>
												<div class='test-info'>
													<span title='Test started time' alt='Test started time' class='test-started-time label green lighten-1 text-white'>2018-03-16 15:30:19</span>
													<span title='Test ended time' alt='Test ended time' class='test-ended-time label red lighten-1 text-white'>2018-03-16 15:30:20</span>
													<span title='Time taken to finish' alt='Time taken to finish' class='test-time-taken label blue-grey lighten-3 text-white'>0h 0m 1s+507ms</span>
												</div>
												<div class='test-desc'>P2Pbendelete</div>
												<div class='test-attributes'>
														<div class='categories'>
																<span class='category text-white'>Automation Testing</span>
														</div>
														<div class='authors'>
																<span class='author text-white'>Brantan sp</span>
														</div>
												</div>
												<div class='test-steps'>
													<table class='bordered table-results'>
														<thead>
															<tr>
																<th>Status</th>
																<th>Timestamp</th>
																<th>Details</th>
															</tr>
														</thead>
														<tbody>
																<tr>
																	<td class='status pass' title='pass' alt='pass'><i class='mdi-action-check-circle'></i></td>
																	<td class='timestamp'>15:30:19</td>
																	<td class='step-details'>Test started successfully</td>
																</tr>
																<tr>
																	<td class='status fail' title='fail' alt='fail'><i class='mdi-navigation-cancel'></i></td>
																	<td class='timestamp'>15:30:20</td>
																	<td class='step-details'>Test Case Failed is P2Pbendelete</td>
																</tr>
																<tr>
																	<td class='status fail' title='fail' alt='fail'><i class='mdi-navigation-cancel'></i></td>
																	<td class='timestamp'>15:30:20</td>
																	<td class='step-details'>Test Case Failed is java.lang.AssertionError: expected [true] but found [false]</td>
																</tr>
														</tbody>
													</table>
													<ul class='collapsible node-list' data-collapsible='accordion'>
													</ul>
												</div>
											</div>
										</li>
										<li class='collection-item test displayed active fail ' extentid='87210f1a-317e-43aa-9ee1-f67ab16c03ca'>
											<div class='test-head'>
												<span class='test-name'>PaymentTransactions ::  RechargeStatusEnq </span>
												<span class='test-status label right outline capitalize fail'>fail</span>
												<span class='category-assigned hide  automationtesting'></span>
											</div>
											<div class='test-body'>
												<div class='test-info'>
													<span title='Test started time' alt='Test started time' class='test-started-time label green lighten-1 text-white'>2018-03-16 15:30:20</span>
													<span title='Test ended time' alt='Test ended time' class='test-ended-time label red lighten-1 text-white'>2018-03-16 15:31:53</span>
													<span title='Time taken to finish' alt='Time taken to finish' class='test-time-taken label blue-grey lighten-3 text-white'>0h 1m 32s+823ms</span>
												</div>
												<div class='test-desc'>RechargeStatusEnq</div>
												<div class='test-attributes'>
														<div class='categories'>
																<span class='category text-white'>Automation Testing</span>
														</div>
														<div class='authors'>
																<span class='author text-white'>Brantan sp</span>
														</div>
												</div>
												<div class='test-steps'>
													<table class='bordered table-results'>
														<thead>
															<tr>
																<th>Status</th>
																<th>Timestamp</th>
																<th>Details</th>
															</tr>
														</thead>
														<tbody>
																<tr>
																	<td class='status pass' title='pass' alt='pass'><i class='mdi-action-check-circle'></i></td>
																	<td class='timestamp'>15:30:20</td>
																	<td class='step-details'>Test started successfully</td>
																</tr>
																<tr>
																	<td class='status fail' title='fail' alt='fail'><i class='mdi-navigation-cancel'></i></td>
																	<td class='timestamp'>15:31:53</td>
																	<td class='step-details'>Test Case Failed is RechargeStatusEnq</td>
																</tr>
																<tr>
																	<td class='status fail' title='fail' alt='fail'><i class='mdi-navigation-cancel'></i></td>
																	<td class='timestamp'>15:31:53</td>
																	<td class='step-details'>Test Case Failed is java.lang.AssertionError: expected [true] but found [false]</td>
																</tr>
														</tbody>
													</table>
													<ul class='collapsible node-list' data-collapsible='accordion'>
													</ul>
												</div>
											</div>
										</li>
										<li class='collection-item test displayed active fail ' extentid='53218032-f75b-460c-935b-b3223fe2c734'>
											<div class='test-head'>
												<span class='test-name'>PaymentTransactions ::  Rechargeconfirm </span>
												<span class='test-status label right outline capitalize fail'>fail</span>
												<span class='category-assigned hide  automationtesting'></span>
											</div>
											<div class='test-body'>
												<div class='test-info'>
													<span title='Test started time' alt='Test started time' class='test-started-time label green lighten-1 text-white'>2018-03-16 15:31:53</span>
													<span title='Test ended time' alt='Test ended time' class='test-ended-time label red lighten-1 text-white'>2018-03-16 15:31:54</span>
													<span title='Time taken to finish' alt='Time taken to finish' class='test-time-taken label blue-grey lighten-3 text-white'>0h 0m 0s+473ms</span>
												</div>
												<div class='test-desc'>Rechargeconfirm</div>
												<div class='test-attributes'>
														<div class='categories'>
																<span class='category text-white'>Automation Testing</span>
														</div>
														<div class='authors'>
																<span class='author text-white'>Brantan sp</span>
														</div>
												</div>
												<div class='test-steps'>
													<table class='bordered table-results'>
														<thead>
															<tr>
																<th>Status</th>
																<th>Timestamp</th>
																<th>Details</th>
															</tr>
														</thead>
														<tbody>
																<tr>
																	<td class='status pass' title='pass' alt='pass'><i class='mdi-action-check-circle'></i></td>
																	<td class='timestamp'>15:31:53</td>
																	<td class='step-details'>Test started successfully</td>
																</tr>
																<tr>
																	<td class='status fail' title='fail' alt='fail'><i class='mdi-navigation-cancel'></i></td>
																	<td class='timestamp'>15:31:54</td>
																	<td class='step-details'>Test Case Failed is Rechargeconfirm</td>
																</tr>
																<tr>
																	<td class='status fail' title='fail' alt='fail'><i class='mdi-navigation-cancel'></i></td>
																	<td class='timestamp'>15:31:54</td>
																	<td class='step-details'>Test Case Failed is java.lang.AssertionError: expected [true] but found [false]</td>
																</tr>
														</tbody>
													</table>
													<ul class='collapsible node-list' data-collapsible='accordion'>
													</ul>
												</div>
											</div>
										</li>
										<li class='collection-item test displayed active fail ' extentid='88f5c01f-fda9-4efc-95d6-99f17eacbe42'>
											<div class='test-head'>
												<span class='test-name'>PaymentTransactions ::  Rechargelist </span>
												<span class='test-status label right outline capitalize fail'>fail</span>
												<span class='category-assigned hide  automationtesting'></span>
											</div>
											<div class='test-body'>
												<div class='test-info'>
													<span title='Test started time' alt='Test started time' class='test-started-time label green lighten-1 text-white'>2018-03-16 15:31:54</span>
													<span title='Test ended time' alt='Test ended time' class='test-ended-time label red lighten-1 text-white'>2018-03-16 15:31:54</span>
													<span title='Time taken to finish' alt='Time taken to finish' class='test-time-taken label blue-grey lighten-3 text-white'>0h 0m 0s+36ms</span>
												</div>
												<div class='test-desc'>Rechargelist</div>
												<div class='test-attributes'>
														<div class='categories'>
																<span class='category text-white'>Automation Testing</span>
														</div>
														<div class='authors'>
																<span class='author text-white'>Brantan sp</span>
														</div>
												</div>
												<div class='test-steps'>
													<table class='bordered table-results'>
														<thead>
															<tr>
																<th>Status</th>
																<th>Timestamp</th>
																<th>Details</th>
															</tr>
														</thead>
														<tbody>
																<tr>
																	<td class='status pass' title='pass' alt='pass'><i class='mdi-action-check-circle'></i></td>
																	<td class='timestamp'>15:31:54</td>
																	<td class='step-details'>Test started successfully</td>
																</tr>
																<tr>
																	<td class='status fail' title='fail' alt='fail'><i class='mdi-navigation-cancel'></i></td>
																	<td class='timestamp'>15:31:54</td>
																	<td class='step-details'>Test Case Failed is Rechargelist</td>
																</tr>
																<tr>
																	<td class='status fail' title='fail' alt='fail'><i class='mdi-navigation-cancel'></i></td>
																	<td class='timestamp'>15:31:54</td>
																	<td class='step-details'>Test Case Failed is java.lang.NullPointerException</td>
																</tr>
														</tbody>
													</table>
													<ul class='collapsible node-list' data-collapsible='accordion'>
													</ul>
												</div>
											</div>
										</li>
										<li class='collection-item test displayed active fail ' extentid='cfb73131-ec60-4f3a-b899-a91d9d74c397'>
											<div class='test-head'>
												<span class='test-name'>PaymentTransactions ::  RegBillerpay </span>
												<span class='test-status label right outline capitalize fail'>fail</span>
												<span class='category-assigned hide  automationtesting'></span>
											</div>
											<div class='test-body'>
												<div class='test-info'>
													<span title='Test started time' alt='Test started time' class='test-started-time label green lighten-1 text-white'>2018-03-16 15:31:54</span>
													<span title='Test ended time' alt='Test ended time' class='test-ended-time label red lighten-1 text-white'>2018-03-16 15:31:54</span>
													<span title='Time taken to finish' alt='Time taken to finish' class='test-time-taken label blue-grey lighten-3 text-white'>0h 0m 0s+739ms</span>
												</div>
												<div class='test-desc'>RegBillerpay</div>
												<div class='test-attributes'>
														<div class='categories'>
																<span class='category text-white'>Automation Testing</span>
														</div>
														<div class='authors'>
																<span class='author text-white'>Brantan sp</span>
														</div>
												</div>
												<div class='test-steps'>
													<table class='bordered table-results'>
														<thead>
															<tr>
																<th>Status</th>
																<th>Timestamp</th>
																<th>Details</th>
															</tr>
														</thead>
														<tbody>
																<tr>
																	<td class='status pass' title='pass' alt='pass'><i class='mdi-action-check-circle'></i></td>
																	<td class='timestamp'>15:31:54</td>
																	<td class='step-details'>Test started successfully</td>
																</tr>
																<tr>
																	<td class='status fail' title='fail' alt='fail'><i class='mdi-navigation-cancel'></i></td>
																	<td class='timestamp'>15:31:54</td>
																	<td class='step-details'>Test Case Failed is RegBillerpay</td>
																</tr>
																<tr>
																	<td class='status fail' title='fail' alt='fail'><i class='mdi-navigation-cancel'></i></td>
																	<td class='timestamp'>15:31:54</td>
																	<td class='step-details'>Test Case Failed is java.lang.AssertionError: expected [true] but found [false]</td>
																</tr>
														</tbody>
													</table>
													<ul class='collapsible node-list' data-collapsible='accordion'>
													</ul>
												</div>
											</div>
										</li>
										<li class='collection-item test displayed active fail ' extentid='ca99984b-ad70-4fc2-a597-17c984d8929a'>
											<div class='test-head'>
												<span class='test-name'>PaymentTransactions ::  RegBillerpayconfirm </span>
												<span class='test-status label right outline capitalize fail'>fail</span>
												<span class='category-assigned hide  automationtesting'></span>
											</div>
											<div class='test-body'>
												<div class='test-info'>
													<span title='Test started time' alt='Test started time' class='test-started-time label green lighten-1 text-white'>2018-03-16 15:31:54</span>
													<span title='Test ended time' alt='Test ended time' class='test-ended-time label red lighten-1 text-white'>2018-03-16 15:31:56</span>
													<span title='Time taken to finish' alt='Time taken to finish' class='test-time-taken label blue-grey lighten-3 text-white'>0h 0m 1s+301ms</span>
												</div>
												<div class='test-desc'>RegBillerpayconfirm</div>
												<div class='test-attributes'>
														<div class='categories'>
																<span class='category text-white'>Automation Testing</span>
														</div>
														<div class='authors'>
																<span class='author text-white'>Brantan sp</span>
														</div>
												</div>
												<div class='test-steps'>
													<table class='bordered table-results'>
														<thead>
															<tr>
																<th>Status</th>
																<th>Timestamp</th>
																<th>Details</th>
															</tr>
														</thead>
														<tbody>
																<tr>
																	<td class='status pass' title='pass' alt='pass'><i class='mdi-action-check-circle'></i></td>
																	<td class='timestamp'>15:31:54</td>
																	<td class='step-details'>Test started successfully</td>
																</tr>
																<tr>
																	<td class='status fail' title='fail' alt='fail'><i class='mdi-navigation-cancel'></i></td>
																	<td class='timestamp'>15:31:56</td>
																	<td class='step-details'>Test Case Failed is RegBillerpayconfirm</td>
																</tr>
																<tr>
																	<td class='status fail' title='fail' alt='fail'><i class='mdi-navigation-cancel'></i></td>
																	<td class='timestamp'>15:31:56</td>
																	<td class='step-details'>Test Case Failed is java.lang.AssertionError: expected [true] but found [false]</td>
																</tr>
														</tbody>
													</table>
													<ul class='collapsible node-list' data-collapsible='accordion'>
													</ul>
												</div>
											</div>
										</li>
										<li class='collection-item test displayed active fail ' extentid='5c3f276e-b5b6-4a33-ad02-6415057ae2be'>
											<div class='test-head'>
												<span class='test-name'>PaymentTransactions ::  biilerderegselection </span>
												<span class='test-status label right outline capitalize fail'>fail</span>
												<span class='category-assigned hide  automationtesting'></span>
											</div>
											<div class='test-body'>
												<div class='test-info'>
													<span title='Test started time' alt='Test started time' class='test-started-time label green lighten-1 text-white'>2018-03-16 15:31:56</span>
													<span title='Test ended time' alt='Test ended time' class='test-ended-time label red lighten-1 text-white'>2018-03-16 15:31:56</span>
													<span title='Time taken to finish' alt='Time taken to finish' class='test-time-taken label blue-grey lighten-3 text-white'>0h 0m 0s+886ms</span>
												</div>
												<div class='test-desc'>biilerderegselection</div>
												<div class='test-attributes'>
														<div class='categories'>
																<span class='category text-white'>Automation Testing</span>
														</div>
														<div class='authors'>
																<span class='author text-white'>Brantan sp</span>
														</div>
												</div>
												<div class='test-steps'>
													<table class='bordered table-results'>
														<thead>
															<tr>
																<th>Status</th>
																<th>Timestamp</th>
																<th>Details</th>
															</tr>
														</thead>
														<tbody>
																<tr>
																	<td class='status pass' title='pass' alt='pass'><i class='mdi-action-check-circle'></i></td>
																	<td class='timestamp'>15:31:56</td>
																	<td class='step-details'>Test started successfully</td>
																</tr>
																<tr>
																	<td class='status fail' title='fail' alt='fail'><i class='mdi-navigation-cancel'></i></td>
																	<td class='timestamp'>15:31:56</td>
																	<td class='step-details'>Test Case Failed is biilerderegselection</td>
																</tr>
																<tr>
																	<td class='status fail' title='fail' alt='fail'><i class='mdi-navigation-cancel'></i></td>
																	<td class='timestamp'>15:31:56</td>
																	<td class='step-details'>Test Case Failed is java.lang.AssertionError: expected [true] but found [false]</td>
																</tr>
														</tbody>
													</table>
													<ul class='collapsible node-list' data-collapsible='accordion'>
													</ul>
												</div>
											</div>
										</li>
										<li class='collection-item test displayed active fail ' extentid='932beb01-9754-498b-84fa-fc5af9228910'>
											<div class='test-head'>
												<span class='test-name'>PaymentTransactions ::  biilerlistselection </span>
												<span class='test-status label right outline capitalize fail'>fail</span>
												<span class='category-assigned hide  automationtesting'></span>
											</div>
											<div class='test-body'>
												<div class='test-info'>
													<span title='Test started time' alt='Test started time' class='test-started-time label green lighten-1 text-white'>2018-03-16 15:31:56</span>
													<span title='Test ended time' alt='Test ended time' class='test-ended-time label red lighten-1 text-white'>2018-03-16 15:31:57</span>
													<span title='Time taken to finish' alt='Time taken to finish' class='test-time-taken label blue-grey lighten-3 text-white'>0h 0m 0s+776ms</span>
												</div>
												<div class='test-desc'>biilerlistselection</div>
												<div class='test-attributes'>
														<div class='categories'>
																<span class='category text-white'>Automation Testing</span>
														</div>
														<div class='authors'>
																<span class='author text-white'>Brantan sp</span>
														</div>
												</div>
												<div class='test-steps'>
													<table class='bordered table-results'>
														<thead>
															<tr>
																<th>Status</th>
																<th>Timestamp</th>
																<th>Details</th>
															</tr>
														</thead>
														<tbody>
																<tr>
																	<td class='status pass' title='pass' alt='pass'><i class='mdi-action-check-circle'></i></td>
																	<td class='timestamp'>15:31:56</td>
																	<td class='step-details'>Test started successfully</td>
																</tr>
																<tr>
																	<td class='status fail' title='fail' alt='fail'><i class='mdi-navigation-cancel'></i></td>
																	<td class='timestamp'>15:31:57</td>
																	<td class='step-details'>Test Case Failed is biilerlistselection</td>
																</tr>
																<tr>
																	<td class='status fail' title='fail' alt='fail'><i class='mdi-navigation-cancel'></i></td>
																	<td class='timestamp'>15:31:57</td>
																	<td class='step-details'>Test Case Failed is java.lang.AssertionError: expected [true] but found [false]</td>
																</tr>
														</tbody>
													</table>
													<ul class='collapsible node-list' data-collapsible='accordion'>
													</ul>
												</div>
											</div>
										</li>
										<li class='collection-item test displayed active fail ' extentid='91a26d88-cb4f-48b7-80ca-b7b7b929873a'>
											<div class='test-head'>
												<span class='test-name'>PaymentTransactions ::  biilerregistrationconfirm </span>
												<span class='test-status label right outline capitalize fail'>fail</span>
												<span class='category-assigned hide  automationtesting'></span>
											</div>
											<div class='test-body'>
												<div class='test-info'>
													<span title='Test started time' alt='Test started time' class='test-started-time label green lighten-1 text-white'>2018-03-16 15:31:57</span>
													<span title='Test ended time' alt='Test ended time' class='test-ended-time label red lighten-1 text-white'>2018-03-16 15:31:58</span>
													<span title='Time taken to finish' alt='Time taken to finish' class='test-time-taken label blue-grey lighten-3 text-white'>0h 0m 0s+980ms</span>
												</div>
												<div class='test-desc'>biilerregistrationconfirm</div>
												<div class='test-attributes'>
														<div class='categories'>
																<span class='category text-white'>Automation Testing</span>
														</div>
														<div class='authors'>
																<span class='author text-white'>Brantan sp</span>
														</div>
												</div>
												<div class='test-steps'>
													<table class='bordered table-results'>
														<thead>
															<tr>
																<th>Status</th>
																<th>Timestamp</th>
																<th>Details</th>
															</tr>
														</thead>
														<tbody>
																<tr>
																	<td class='status pass' title='pass' alt='pass'><i class='mdi-action-check-circle'></i></td>
																	<td class='timestamp'>15:31:57</td>
																	<td class='step-details'>Test started successfully</td>
																</tr>
																<tr>
																	<td class='status fail' title='fail' alt='fail'><i class='mdi-navigation-cancel'></i></td>
																	<td class='timestamp'>15:31:58</td>
																	<td class='step-details'>Test Case Failed is biilerregistrationconfirm</td>
																</tr>
																<tr>
																	<td class='status fail' title='fail' alt='fail'><i class='mdi-navigation-cancel'></i></td>
																	<td class='timestamp'>15:31:58</td>
																	<td class='step-details'>Test Case Failed is java.lang.AssertionError: expected [true] but found [false]</td>
																</tr>
														</tbody>
													</table>
													<ul class='collapsible node-list' data-collapsible='accordion'>
													</ul>
												</div>
											</div>
										</li>
										<li class='collection-item test displayed active fail ' extentid='45126db1-4a31-4e5f-853f-725b3e21866b'>
											<div class='test-head'>
												<span class='test-name'>PaymentTransactions ::  billerlist </span>
												<span class='test-status label right outline capitalize fail'>fail</span>
												<span class='category-assigned hide  automationtesting'></span>
											</div>
											<div class='test-body'>
												<div class='test-info'>
													<span title='Test started time' alt='Test started time' class='test-started-time label green lighten-1 text-white'>2018-03-16 15:31:58</span>
													<span title='Test ended time' alt='Test ended time' class='test-ended-time label red lighten-1 text-white'>2018-03-16 15:31:59</span>
													<span title='Time taken to finish' alt='Time taken to finish' class='test-time-taken label blue-grey lighten-3 text-white'>0h 0m 0s+256ms</span>
												</div>
												<div class='test-desc'>billerlist</div>
												<div class='test-attributes'>
														<div class='categories'>
																<span class='category text-white'>Automation Testing</span>
														</div>
														<div class='authors'>
																<span class='author text-white'>Brantan sp</span>
														</div>
												</div>
												<div class='test-steps'>
													<table class='bordered table-results'>
														<thead>
															<tr>
																<th>Status</th>
																<th>Timestamp</th>
																<th>Details</th>
															</tr>
														</thead>
														<tbody>
																<tr>
																	<td class='status pass' title='pass' alt='pass'><i class='mdi-action-check-circle'></i></td>
																	<td class='timestamp'>15:31:58</td>
																	<td class='step-details'>Test started successfully</td>
																</tr>
																<tr>
																	<td class='status fail' title='fail' alt='fail'><i class='mdi-navigation-cancel'></i></td>
																	<td class='timestamp'>15:31:59</td>
																	<td class='step-details'>Test Case Failed is billerlist</td>
																</tr>
																<tr>
																	<td class='status fail' title='fail' alt='fail'><i class='mdi-navigation-cancel'></i></td>
																	<td class='timestamp'>15:31:59</td>
																	<td class='step-details'>Test Case Failed is java.lang.AssertionError: expected [true] but found [false]</td>
																</tr>
														</tbody>
													</table>
													<ul class='collapsible node-list' data-collapsible='accordion'>
													</ul>
												</div>
											</div>
										</li>
										<li class='collection-item test displayed active fail ' extentid='dd8cf107-5342-4401-875d-1a8af46a4e0f'>
											<div class='test-head'>
												<span class='test-name'>PaymentTransactions ::  billerlistselection </span>
												<span class='test-status label right outline capitalize fail'>fail</span>
												<span class='category-assigned hide  automationtesting'></span>
											</div>
											<div class='test-body'>
												<div class='test-info'>
													<span title='Test started time' alt='Test started time' class='test-started-time label green lighten-1 text-white'>2018-03-16 15:31:59</span>
													<span title='Test ended time' alt='Test ended time' class='test-ended-time label red lighten-1 text-white'>2018-03-16 15:33:31</span>
													<span title='Time taken to finish' alt='Time taken to finish' class='test-time-taken label blue-grey lighten-3 text-white'>0h 1m 32s+382ms</span>
												</div>
												<div class='test-desc'>billerlistselection</div>
												<div class='test-attributes'>
														<div class='categories'>
																<span class='category text-white'>Automation Testing</span>
														</div>
														<div class='authors'>
																<span class='author text-white'>Brantan sp</span>
														</div>
												</div>
												<div class='test-steps'>
													<table class='bordered table-results'>
														<thead>
															<tr>
																<th>Status</th>
																<th>Timestamp</th>
																<th>Details</th>
															</tr>
														</thead>
														<tbody>
																<tr>
																	<td class='status pass' title='pass' alt='pass'><i class='mdi-action-check-circle'></i></td>
																	<td class='timestamp'>15:31:59</td>
																	<td class='step-details'>Test started successfully</td>
																</tr>
																<tr>
																	<td class='status fail' title='fail' alt='fail'><i class='mdi-navigation-cancel'></i></td>
																	<td class='timestamp'>15:33:31</td>
																	<td class='step-details'>Test Case Failed is billerlistselection</td>
																</tr>
																<tr>
																	<td class='status fail' title='fail' alt='fail'><i class='mdi-navigation-cancel'></i></td>
																	<td class='timestamp'>15:33:31</td>
																	<td class='step-details'>Test Case Failed is java.lang.AssertionError: expected [true] but found [false]</td>
																</tr>
														</tbody>
													</table>
													<ul class='collapsible node-list' data-collapsible='accordion'>
													</ul>
												</div>
											</div>
										</li>
										<li class='collection-item test displayed active fail ' extentid='bab616ae-741c-4f9b-b9b6-7f15b28a9f70'>
											<div class='test-head'>
												<span class='test-name'>PaymentTransactions ::  billerregisration </span>
												<span class='test-status label right outline capitalize fail'>fail</span>
												<span class='category-assigned hide  automationtesting'></span>
											</div>
											<div class='test-body'>
												<div class='test-info'>
													<span title='Test started time' alt='Test started time' class='test-started-time label green lighten-1 text-white'>2018-03-16 15:33:31</span>
													<span title='Test ended time' alt='Test ended time' class='test-ended-time label red lighten-1 text-white'>2018-03-16 15:35:03</span>
													<span title='Time taken to finish' alt='Time taken to finish' class='test-time-taken label blue-grey lighten-3 text-white'>0h 1m 31s+792ms</span>
												</div>
												<div class='test-desc'>billerregisration</div>
												<div class='test-attributes'>
														<div class='categories'>
																<span class='category text-white'>Automation Testing</span>
														</div>
														<div class='authors'>
																<span class='author text-white'>Brantan sp</span>
														</div>
												</div>
												<div class='test-steps'>
													<table class='bordered table-results'>
														<thead>
															<tr>
																<th>Status</th>
																<th>Timestamp</th>
																<th>Details</th>
															</tr>
														</thead>
														<tbody>
																<tr>
																	<td class='status pass' title='pass' alt='pass'><i class='mdi-action-check-circle'></i></td>
																	<td class='timestamp'>15:33:31</td>
																	<td class='step-details'>Test started successfully</td>
																</tr>
																<tr>
																	<td class='status fail' title='fail' alt='fail'><i class='mdi-navigation-cancel'></i></td>
																	<td class='timestamp'>15:35:03</td>
																	<td class='step-details'>Test Case Failed is billerregisration</td>
																</tr>
																<tr>
																	<td class='status fail' title='fail' alt='fail'><i class='mdi-navigation-cancel'></i></td>
																	<td class='timestamp'>15:35:03</td>
																	<td class='step-details'>Test Case Failed is java.lang.AssertionError: expected [true] but found [false]</td>
																</tr>
														</tbody>
													</table>
													<ul class='collapsible node-list' data-collapsible='accordion'>
													</ul>
												</div>
											</div>
										</li>
										<li class='collection-item test displayed active fail ' extentid='6dc16841-a32f-451a-be70-cf6ace043a00'>
											<div class='test-head'>
												<span class='test-name'>PaymentTransactions ::  m2abenderegsearch </span>
												<span class='test-status label right outline capitalize fail'>fail</span>
												<span class='category-assigned hide  automationtesting'></span>
											</div>
											<div class='test-body'>
												<div class='test-info'>
													<span title='Test started time' alt='Test started time' class='test-started-time label green lighten-1 text-white'>2018-03-16 15:35:03</span>
													<span title='Test ended time' alt='Test ended time' class='test-ended-time label red lighten-1 text-white'>2018-03-16 15:35:03</span>
													<span title='Time taken to finish' alt='Time taken to finish' class='test-time-taken label blue-grey lighten-3 text-white'>0h 0m 0s+276ms</span>
												</div>
												<div class='test-desc'>m2abenderegsearch</div>
												<div class='test-attributes'>
														<div class='categories'>
																<span class='category text-white'>Automation Testing</span>
														</div>
														<div class='authors'>
																<span class='author text-white'>Brantan sp</span>
														</div>
												</div>
												<div class='test-steps'>
													<table class='bordered table-results'>
														<thead>
															<tr>
																<th>Status</th>
																<th>Timestamp</th>
																<th>Details</th>
															</tr>
														</thead>
														<tbody>
																<tr>
																	<td class='status pass' title='pass' alt='pass'><i class='mdi-action-check-circle'></i></td>
																	<td class='timestamp'>15:35:03</td>
																	<td class='step-details'>Test started successfully</td>
																</tr>
																<tr>
																	<td class='status fail' title='fail' alt='fail'><i class='mdi-navigation-cancel'></i></td>
																	<td class='timestamp'>15:35:03</td>
																	<td class='step-details'>Test Case Failed is m2abenderegsearch</td>
																</tr>
																<tr>
																	<td class='status fail' title='fail' alt='fail'><i class='mdi-navigation-cancel'></i></td>
																	<td class='timestamp'>15:35:03</td>
																	<td class='step-details'>Test Case Failed is java.lang.AssertionError: expected [true] but found [false]</td>
																</tr>
														</tbody>
													</table>
													<ul class='collapsible node-list' data-collapsible='accordion'>
													</ul>
												</div>
											</div>
										</li>
										<li class='collection-item test displayed active fail ' extentid='b2aef2b5-caa5-4804-85c5-46b9b8a07ab1'>
											<div class='test-head'>
												<span class='test-name'>PaymentTransactions ::  m2abendetails </span>
												<span class='test-status label right outline capitalize fail'>fail</span>
												<span class='category-assigned hide  automationtesting'></span>
											</div>
											<div class='test-body'>
												<div class='test-info'>
													<span title='Test started time' alt='Test started time' class='test-started-time label green lighten-1 text-white'>2018-03-16 15:35:03</span>
													<span title='Test ended time' alt='Test ended time' class='test-ended-time label red lighten-1 text-white'>2018-03-16 15:35:03</span>
													<span title='Time taken to finish' alt='Time taken to finish' class='test-time-taken label blue-grey lighten-3 text-white'>0h 0m 0s+272ms</span>
												</div>
												<div class='test-desc'>m2abendetails</div>
												<div class='test-attributes'>
														<div class='categories'>
																<span class='category text-white'>Automation Testing</span>
														</div>
														<div class='authors'>
																<span class='author text-white'>Brantan sp</span>
														</div>
												</div>
												<div class='test-steps'>
													<table class='bordered table-results'>
														<thead>
															<tr>
																<th>Status</th>
																<th>Timestamp</th>
																<th>Details</th>
															</tr>
														</thead>
														<tbody>
																<tr>
																	<td class='status pass' title='pass' alt='pass'><i class='mdi-action-check-circle'></i></td>
																	<td class='timestamp'>15:35:03</td>
																	<td class='step-details'>Test started successfully</td>
																</tr>
																<tr>
																	<td class='status fail' title='fail' alt='fail'><i class='mdi-navigation-cancel'></i></td>
																	<td class='timestamp'>15:35:03</td>
																	<td class='step-details'>Test Case Failed is m2abendetails</td>
																</tr>
																<tr>
																	<td class='status fail' title='fail' alt='fail'><i class='mdi-navigation-cancel'></i></td>
																	<td class='timestamp'>15:35:03</td>
																	<td class='step-details'>Test Case Failed is java.lang.AssertionError: expected [true] but found [false]</td>
																</tr>
														</tbody>
													</table>
													<ul class='collapsible node-list' data-collapsible='accordion'>
													</ul>
												</div>
											</div>
										</li>
										<li class='collection-item test displayed active fail ' extentid='facf5a7f-556d-449b-b061-daf27d7be3e7'>
											<div class='test-head'>
												<span class='test-name'>PaymentTransactions ::  m2abenreg </span>
												<span class='test-status label right outline capitalize fail'>fail</span>
												<span class='category-assigned hide  automationtesting'></span>
											</div>
											<div class='test-body'>
												<div class='test-info'>
													<span title='Test started time' alt='Test started time' class='test-started-time label green lighten-1 text-white'>2018-03-16 15:35:03</span>
													<span title='Test ended time' alt='Test ended time' class='test-ended-time label red lighten-1 text-white'>2018-03-16 15:35:04</span>
													<span title='Time taken to finish' alt='Time taken to finish' class='test-time-taken label blue-grey lighten-3 text-white'>0h 0m 0s+580ms</span>
												</div>
												<div class='test-desc'>m2abenreg</div>
												<div class='test-attributes'>
														<div class='categories'>
																<span class='category text-white'>Automation Testing</span>
														</div>
														<div class='authors'>
																<span class='author text-white'>Brantan sp</span>
														</div>
												</div>
												<div class='test-steps'>
													<table class='bordered table-results'>
														<thead>
															<tr>
																<th>Status</th>
																<th>Timestamp</th>
																<th>Details</th>
															</tr>
														</thead>
														<tbody>
																<tr>
																	<td class='status pass' title='pass' alt='pass'><i class='mdi-action-check-circle'></i></td>
																	<td class='timestamp'>15:35:03</td>
																	<td class='step-details'>Test started successfully</td>
																</tr>
																<tr>
																	<td class='status fail' title='fail' alt='fail'><i class='mdi-navigation-cancel'></i></td>
																	<td class='timestamp'>15:35:04</td>
																	<td class='step-details'>Test Case Failed is m2abenreg</td>
																</tr>
																<tr>
																	<td class='status fail' title='fail' alt='fail'><i class='mdi-navigation-cancel'></i></td>
																	<td class='timestamp'>15:35:04</td>
																	<td class='step-details'>Test Case Failed is java.lang.AssertionError: expected [true] but found [false]</td>
																</tr>
														</tbody>
													</table>
													<ul class='collapsible node-list' data-collapsible='accordion'>
													</ul>
												</div>
											</div>
										</li>
										<li class='collection-item test displayed active pass ' extentid='6ff6a728-22aa-4af1-a4c1-7bdaf173e1d2'>
											<div class='test-head'>
												<span class='test-name'>PaymentTransactions ::  m2abensearchreq </span>
												<span class='test-status label right outline capitalize pass'>pass</span>
												<span class='category-assigned hide  automationtesting'></span>
											</div>
											<div class='test-body'>
												<div class='test-info'>
													<span title='Test started time' alt='Test started time' class='test-started-time label green lighten-1 text-white'>2018-03-16 15:35:04</span>
													<span title='Test ended time' alt='Test ended time' class='test-ended-time label red lighten-1 text-white'>2018-03-16 15:35:06</span>
													<span title='Time taken to finish' alt='Time taken to finish' class='test-time-taken label blue-grey lighten-3 text-white'>0h 0m 1s+809ms</span>
												</div>
												<div class='test-desc'>m2abensearchreq</div>
												<div class='test-attributes'>
														<div class='categories'>
																<span class='category text-white'>Automation Testing</span>
														</div>
														<div class='authors'>
																<span class='author text-white'>Brantan sp</span>
														</div>
												</div>
												<div class='test-steps'>
													<table class='bordered table-results'>
														<thead>
															<tr>
																<th>Status</th>
																<th>Timestamp</th>
																<th>Details</th>
															</tr>
														</thead>
														<tbody>
																<tr>
																	<td class='status pass' title='pass' alt='pass'><i class='mdi-action-check-circle'></i></td>
																	<td class='timestamp'>15:35:04</td>
																	<td class='step-details'>Test started successfully</td>
																</tr>
														</tbody>
													</table>
													<ul class='collapsible node-list' data-collapsible='accordion'>
													</ul>
												</div>
											</div>
										</li>
										<li class='collection-item test displayed active fail ' extentid='5e25abf2-258e-4380-8499-cb186ab50432'>
											<div class='test-head'>
												<span class='test-name'>PaymentTransactions ::  m2mBenAcclist </span>
												<span class='test-status label right outline capitalize fail'>fail</span>
												<span class='category-assigned hide  automationtesting'></span>
											</div>
											<div class='test-body'>
												<div class='test-info'>
													<span title='Test started time' alt='Test started time' class='test-started-time label green lighten-1 text-white'>2018-03-16 15:35:06</span>
													<span title='Test ended time' alt='Test ended time' class='test-ended-time label red lighten-1 text-white'>2018-03-16 15:35:06</span>
													<span title='Time taken to finish' alt='Time taken to finish' class='test-time-taken label blue-grey lighten-3 text-white'>0h 0m 0s+372ms</span>
												</div>
												<div class='test-desc'>m2mBenAcclist</div>
												<div class='test-attributes'>
														<div class='categories'>
																<span class='category text-white'>Automation Testing</span>
														</div>
														<div class='authors'>
																<span class='author text-white'>Brantan sp</span>
														</div>
												</div>
												<div class='test-steps'>
													<table class='bordered table-results'>
														<thead>
															<tr>
																<th>Status</th>
																<th>Timestamp</th>
																<th>Details</th>
															</tr>
														</thead>
														<tbody>
																<tr>
																	<td class='status pass' title='pass' alt='pass'><i class='mdi-action-check-circle'></i></td>
																	<td class='timestamp'>15:35:06</td>
																	<td class='step-details'>Test started successfully</td>
																</tr>
																<tr>
																	<td class='status fail' title='fail' alt='fail'><i class='mdi-navigation-cancel'></i></td>
																	<td class='timestamp'>15:35:06</td>
																	<td class='step-details'>Test Case Failed is m2mBenAcclist</td>
																</tr>
																<tr>
																	<td class='status fail' title='fail' alt='fail'><i class='mdi-navigation-cancel'></i></td>
																	<td class='timestamp'>15:35:06</td>
																	<td class='step-details'>Test Case Failed is java.lang.AssertionError: expected [true] but found [false]</td>
																</tr>
														</tbody>
													</table>
													<ul class='collapsible node-list' data-collapsible='accordion'>
													</ul>
												</div>
											</div>
										</li>
										<li class='collection-item test displayed active fail ' extentid='0a58e727-1b63-4601-8d62-e3f865e74da3'>
											<div class='test-head'>
												<span class='test-name'>PaymentTransactions ::  m2mBenReg </span>
												<span class='test-status label right outline capitalize fail'>fail</span>
												<span class='category-assigned hide  automationtesting'></span>
											</div>
											<div class='test-body'>
												<div class='test-info'>
													<span title='Test started time' alt='Test started time' class='test-started-time label green lighten-1 text-white'>2018-03-16 15:35:06</span>
													<span title='Test ended time' alt='Test ended time' class='test-ended-time label red lighten-1 text-white'>2018-03-16 15:35:07</span>
													<span title='Time taken to finish' alt='Time taken to finish' class='test-time-taken label blue-grey lighten-3 text-white'>0h 0m 1s+71ms</span>
												</div>
												<div class='test-desc'>m2mBenReg</div>
												<div class='test-attributes'>
														<div class='categories'>
																<span class='category text-white'>Automation Testing</span>
														</div>
														<div class='authors'>
																<span class='author text-white'>Brantan sp</span>
														</div>
												</div>
												<div class='test-steps'>
													<table class='bordered table-results'>
														<thead>
															<tr>
																<th>Status</th>
																<th>Timestamp</th>
																<th>Details</th>
															</tr>
														</thead>
														<tbody>
																<tr>
																	<td class='status pass' title='pass' alt='pass'><i class='mdi-action-check-circle'></i></td>
																	<td class='timestamp'>15:35:06</td>
																	<td class='step-details'>Test started successfully</td>
																</tr>
																<tr>
																	<td class='status fail' title='fail' alt='fail'><i class='mdi-navigation-cancel'></i></td>
																	<td class='timestamp'>15:35:07</td>
																	<td class='step-details'>Test Case Failed is m2mBenReg</td>
																</tr>
																<tr>
																	<td class='status fail' title='fail' alt='fail'><i class='mdi-navigation-cancel'></i></td>
																	<td class='timestamp'>15:35:07</td>
																	<td class='step-details'>Test Case Failed is java.lang.AssertionError: expected [true] but found [false]</td>
																</tr>
														</tbody>
													</table>
													<ul class='collapsible node-list' data-collapsible='accordion'>
													</ul>
												</div>
											</div>
										</li>
										<li class='collection-item test displayed active pass ' extentid='ee74fbf3-316d-4761-8b95-747d6c911f15'>
											<div class='test-head'>
												<span class='test-name'>PaymentTransactions ::  m2mQuickFT </span>
												<span class='test-status label right outline capitalize pass'>pass</span>
												<span class='category-assigned hide  automationtesting'></span>
											</div>
											<div class='test-body'>
												<div class='test-info'>
													<span title='Test started time' alt='Test started time' class='test-started-time label green lighten-1 text-white'>2018-03-16 15:35:07</span>
													<span title='Test ended time' alt='Test ended time' class='test-ended-time label red lighten-1 text-white'>2018-03-16 15:35:10</span>
													<span title='Time taken to finish' alt='Time taken to finish' class='test-time-taken label blue-grey lighten-3 text-white'>0h 0m 3s+219ms</span>
												</div>
												<div class='test-desc'>m2mQuickFT</div>
												<div class='test-attributes'>
														<div class='categories'>
																<span class='category text-white'>Automation Testing</span>
														</div>
														<div class='authors'>
																<span class='author text-white'>Brantan sp</span>
														</div>
												</div>
												<div class='test-steps'>
													<table class='bordered table-results'>
														<thead>
															<tr>
																<th>Status</th>
																<th>Timestamp</th>
																<th>Details</th>
															</tr>
														</thead>
														<tbody>
																<tr>
																	<td class='status pass' title='pass' alt='pass'><i class='mdi-action-check-circle'></i></td>
																	<td class='timestamp'>15:35:07</td>
																	<td class='step-details'>Test started successfully</td>
																</tr>
														</tbody>
													</table>
													<ul class='collapsible node-list' data-collapsible='accordion'>
													</ul>
												</div>
											</div>
										</li>
										<li class='collection-item test displayed active fail ' extentid='911deb1e-0f7f-4ff9-ab54-be3e656d5204'>
											<div class='test-head'>
												<span class='test-name'>PaymentTransactions ::  m2mRegbensearch </span>
												<span class='test-status label right outline capitalize fail'>fail</span>
												<span class='category-assigned hide  automationtesting'></span>
											</div>
											<div class='test-body'>
												<div class='test-info'>
													<span title='Test started time' alt='Test started time' class='test-started-time label green lighten-1 text-white'>2018-03-16 15:35:10</span>
													<span title='Test ended time' alt='Test ended time' class='test-ended-time label red lighten-1 text-white'>2018-03-16 15:35:11</span>
													<span title='Time taken to finish' alt='Time taken to finish' class='test-time-taken label blue-grey lighten-3 text-white'>0h 0m 0s+266ms</span>
												</div>
												<div class='test-desc'>m2mRegbensearch</div>
												<div class='test-attributes'>
														<div class='categories'>
																<span class='category text-white'>Automation Testing</span>
														</div>
														<div class='authors'>
																<span class='author text-white'>Brantan sp</span>
														</div>
												</div>
												<div class='test-steps'>
													<table class='bordered table-results'>
														<thead>
															<tr>
																<th>Status</th>
																<th>Timestamp</th>
																<th>Details</th>
															</tr>
														</thead>
														<tbody>
																<tr>
																	<td class='status pass' title='pass' alt='pass'><i class='mdi-action-check-circle'></i></td>
																	<td class='timestamp'>15:35:10</td>
																	<td class='step-details'>Test started successfully</td>
																</tr>
																<tr>
																	<td class='status fail' title='fail' alt='fail'><i class='mdi-navigation-cancel'></i></td>
																	<td class='timestamp'>15:35:11</td>
																	<td class='step-details'>Test Case Failed is m2mRegbensearch</td>
																</tr>
																<tr>
																	<td class='status fail' title='fail' alt='fail'><i class='mdi-navigation-cancel'></i></td>
																	<td class='timestamp'>15:35:11</td>
																	<td class='step-details'>Test Case Failed is java.lang.AssertionError: expected [true] but found [false]</td>
																</tr>
														</tbody>
													</table>
													<ul class='collapsible node-list' data-collapsible='accordion'>
													</ul>
												</div>
											</div>
										</li>
										<li class='collection-item test displayed active pass ' extentid='0bda521f-b123-4855-89bc-1423f60327f6'>
											<div class='test-head'>
												<span class='test-name'>PaymentTransactions ::  m2mbendelsearch </span>
												<span class='test-status label right outline capitalize pass'>pass</span>
												<span class='category-assigned hide  automationtesting'></span>
											</div>
											<div class='test-body'>
												<div class='test-info'>
													<span title='Test started time' alt='Test started time' class='test-started-time label green lighten-1 text-white'>2018-03-16 15:35:11</span>
													<span title='Test ended time' alt='Test ended time' class='test-ended-time label red lighten-1 text-white'>2018-03-16 15:35:12</span>
													<span title='Time taken to finish' alt='Time taken to finish' class='test-time-taken label blue-grey lighten-3 text-white'>0h 0m 1s+708ms</span>
												</div>
												<div class='test-desc'>m2mbendelsearch</div>
												<div class='test-attributes'>
														<div class='categories'>
																<span class='category text-white'>Automation Testing</span>
														</div>
														<div class='authors'>
																<span class='author text-white'>Brantan sp</span>
														</div>
												</div>
												<div class='test-steps'>
													<table class='bordered table-results'>
														<thead>
															<tr>
																<th>Status</th>
																<th>Timestamp</th>
																<th>Details</th>
															</tr>
														</thead>
														<tbody>
																<tr>
																	<td class='status pass' title='pass' alt='pass'><i class='mdi-action-check-circle'></i></td>
																	<td class='timestamp'>15:35:11</td>
																	<td class='step-details'>Test started successfully</td>
																</tr>
														</tbody>
													</table>
													<ul class='collapsible node-list' data-collapsible='accordion'>
													</ul>
												</div>
											</div>
										</li>
										<li class='collection-item test displayed active fail ' extentid='fa87be7f-4c1f-4cfa-8715-98dbb81a3116'>
											<div class='test-head'>
												<span class='test-name'>PaymentTransactions ::  m2mbenpayment </span>
												<span class='test-status label right outline capitalize fail'>fail</span>
												<span class='category-assigned hide  automationtesting'></span>
											</div>
											<div class='test-body'>
												<div class='test-info'>
													<span title='Test started time' alt='Test started time' class='test-started-time label green lighten-1 text-white'>2018-03-16 15:35:12</span>
													<span title='Test ended time' alt='Test ended time' class='test-ended-time label red lighten-1 text-white'>2018-03-16 15:35:13</span>
													<span title='Time taken to finish' alt='Time taken to finish' class='test-time-taken label blue-grey lighten-3 text-white'>0h 0m 0s+579ms</span>
												</div>
												<div class='test-desc'>m2mbenpayment</div>
												<div class='test-attributes'>
														<div class='categories'>
																<span class='category text-white'>Automation Testing</span>
														</div>
														<div class='authors'>
																<span class='author text-white'>Brantan sp</span>
														</div>
												</div>
												<div class='test-steps'>
													<table class='bordered table-results'>
														<thead>
															<tr>
																<th>Status</th>
																<th>Timestamp</th>
																<th>Details</th>
															</tr>
														</thead>
														<tbody>
																<tr>
																	<td class='status pass' title='pass' alt='pass'><i class='mdi-action-check-circle'></i></td>
																	<td class='timestamp'>15:35:12</td>
																	<td class='step-details'>Test started successfully</td>
																</tr>
																<tr>
																	<td class='status fail' title='fail' alt='fail'><i class='mdi-navigation-cancel'></i></td>
																	<td class='timestamp'>15:35:13</td>
																	<td class='step-details'>Test Case Failed is m2mbenpayment</td>
																</tr>
																<tr>
																	<td class='status fail' title='fail' alt='fail'><i class='mdi-navigation-cancel'></i></td>
																	<td class='timestamp'>15:35:13</td>
																	<td class='step-details'>Test Case Failed is java.lang.AssertionError: expected [true] but found [false]</td>
																</tr>
														</tbody>
													</table>
													<ul class='collapsible node-list' data-collapsible='accordion'>
													</ul>
												</div>
											</div>
										</li>
										<li class='collection-item test displayed active pass ' extentid='c21ed8e2-0e4a-453a-9a72-19fd9a767128'>
											<div class='test-head'>
												<span class='test-name'>PaymentTransactions ::  m2mbensearch </span>
												<span class='test-status label right outline capitalize pass'>pass</span>
												<span class='category-assigned hide  automationtesting'></span>
											</div>
											<div class='test-body'>
												<div class='test-info'>
													<span title='Test started time' alt='Test started time' class='test-started-time label green lighten-1 text-white'>2018-03-16 15:35:13</span>
													<span title='Test ended time' alt='Test ended time' class='test-ended-time label red lighten-1 text-white'>2018-03-16 15:35:15</span>
													<span title='Time taken to finish' alt='Time taken to finish' class='test-time-taken label blue-grey lighten-3 text-white'>0h 0m 1s+685ms</span>
												</div>
												<div class='test-desc'>m2mbensearch</div>
												<div class='test-attributes'>
														<div class='categories'>
																<span class='category text-white'>Automation Testing</span>
														</div>
														<div class='authors'>
																<span class='author text-white'>Brantan sp</span>
														</div>
												</div>
												<div class='test-steps'>
													<table class='bordered table-results'>
														<thead>
															<tr>
																<th>Status</th>
																<th>Timestamp</th>
																<th>Details</th>
															</tr>
														</thead>
														<tbody>
																<tr>
																	<td class='status pass' title='pass' alt='pass'><i class='mdi-action-check-circle'></i></td>
																	<td class='timestamp'>15:35:13</td>
																	<td class='step-details'>Test started successfully</td>
																</tr>
														</tbody>
													</table>
													<ul class='collapsible node-list' data-collapsible='accordion'>
													</ul>
												</div>
											</div>
										</li>
								</ul>
							</div>
						</div>
					</div>
				</div>
				<div id='test-details-wrapper' class='col _addedCell2'>
					<div class='contents'>
						<div class='card-panel details-view'>
							<h5 class='details-name'></h5>
							<div class='step-filters right'>
								<span class='btn-floating btn-small waves-effect waves-light blue' status='info' alt='info' title='info'><i class='mdi-action-info-outline'></i></span>
								<span class='btn-floating btn-small waves-effect waves-light green' status='pass' alt='pass' title='pass'><i class='mdi-action-check-circle'></i></span>
								<span class='btn-floating btn-small waves-effect waves-light red' status='fail' alt='fail' title='fail'><i class='mdi-navigation-cancel'></i></span>
								<span class='btn-floating btn-small waves-effect waves-light red darken-4' status='fatal' alt='fatal' title='fatal'><i class='mdi-navigation-cancel'></i></span>
								<span class='btn-floating btn-small waves-effect waves-light red lighten-2' status='error' alt='error' title='error'><i class='mdi-alert-error'></i></span>
								<span class='btn-floating btn-small waves-effect waves-light orange' alt='warning' status='warning' title='warning'><i class='mdi-alert-warning'></i></span>
								<span class='btn-floating btn-small waves-effect waves-light cyan' status='skip' alt='skip' title='skip'><i class='mdi-content-redo'></i></span>
								<span class='btn-floating btn-small waves-effect waves-light grey darken-2' status='clear-step-filter' alt='Clear filters' title='Clear filters'><i class='mdi-content-clear'></i></span>
							</div>
							<div class='details-container'>
							</div>
						</div>
					</div>
				</div>
			</div>
			<!-- /tests -->
			
			<!-- categories -->
				<div id='categories-view' class='row _addedTable hide'>
					<div class='col _addedCell1'>
						<div class='contents'>
							<div class='card-panel heading'>
								<h5>Categories</h5>
							</div>
							<div class='card-panel filters'>
								<div class='search' alt='Search tests' title='Search tests'>
									<div class='input-field left'>
										<input id='searchTests' type='text' class='validate' placeholder='Search...'>
									</div>
									<a href="#" class='btn-floating btn-small waves-effect waves-light blue lighten-1'>
										<i class='mdi-action-search'></i>
									</a>
								</div>
							</div>
							<div class='card-panel no-padding-h no-padding-v'>
								<div class='wrapper'>
									<ul id='cat-collection' class='cat-collection'>
											<li class='category-item displayed'>
												<div class='cat-head'>
													<span class='category-name'>Automation Testing</span>
												</div>
												<div class='category-status-counts'>
														<span class='pass label dot'>Pass: 20</span>
														<span class='fail label dot'>Fail: 56</span>
												</div>
												<div class='cat-body'>
													<div class='category-status-counts'>
														<div class='button-group'>
															<a href='#!' class='pass label filter'>Pass <span class='icon'>20</span></a>
															<a href='#!' class='fail label filter'>Fail <span class='icon'>56</span></a>
															<a href='#!' class='other label filter'>Others <span class='icon'>0</span></a>
														</div>
													</div>
													<div class='cat-tests'>
														<table class='bordered'>
															<thead>
																<tr>
																	<th>RunDate</th>
																	<th>Test Name</th>
																	<th>Status</th>
																</tr>
															</thead>
															<tbody>
																	<tr class='fail'>
																		<td>2018-03-16 15:25:25</td>
																		<td><span class='category-link linked' extentid='c12a0c00-296a-48b1-bcb5-fb94d5a88806'>NonFinancialTransactions ::  Accountfetch</span></td>
																		<td><div class='status label capitalize fail'>fail</div></td>
																	</tr>
																	<tr class='pass'>
																		<td>2018-03-16 15:25:26</td>
																		<td><span class='category-link linked' extentid='504114ed-1768-40bc-aee1-9abf045099e2'>NonFinancialTransactions ::  AppLogin</span></td>
																		<td><div class='status label capitalize pass'>pass</div></td>
																	</tr>
																	<tr class='fail'>
																		<td>2018-03-16 15:25:28</td>
																		<td><span class='category-link linked' extentid='3c6e2ce2-3d24-46f8-83f4-b63e571de9cf'>NonFinancialTransactions ::  CancelMMIDAll</span></td>
																		<td><div class='status label capitalize fail'>fail</div></td>
																	</tr>
																	<tr class='fail'>
																		<td>2018-03-16 15:25:36</td>
																		<td><span class='category-link linked' extentid='4e703669-fce4-489a-8361-9ca3249ffb6b'>NonFinancialTransactions ::  CancelMMIDSingle</span></td>
																		<td><div class='status label capitalize fail'>fail</div></td>
																	</tr>
																	<tr class='fail'>
																		<td>2018-03-16 15:25:44</td>
																		<td><span class='category-link linked' extentid='fe1bf5ee-ebae-4cf7-89e9-9d68933d4edc'>NonFinancialTransactions ::  ChequeStatus</span></td>
																		<td><div class='status label capitalize fail'>fail</div></td>
																	</tr>
																	<tr class='pass'>
																		<td>2018-03-16 15:25:44</td>
																		<td><span class='category-link linked' extentid='e6f0c085-7a67-40d6-8fa4-441e714bea39'>NonFinancialTransactions ::  EmailIDFetch</span></td>
																		<td><div class='status label capitalize pass'>pass</div></td>
																	</tr>
																	<tr class='pass'>
																		<td>2018-03-16 15:25:47</td>
																		<td><span class='category-link linked' extentid='02573319-0dcc-4d86-bb27-50906bc4fb8e'>NonFinancialTransactions ::  EmailIDUpdate</span></td>
																		<td><div class='status label capitalize pass'>pass</div></td>
																	</tr>
																	<tr class='fail'>
																		<td>2018-03-16 15:25:49</td>
																		<td><span class='category-link linked' extentid='ff2c0e10-5d00-4e86-8f1b-ee1a018133bf'>NonFinancialTransactions ::  GenerateMMID</span></td>
																		<td><div class='status label capitalize fail'>fail</div></td>
																	</tr>
																	<tr class='pass'>
																		<td>2018-03-16 15:25:53</td>
																		<td><span class='category-link linked' extentid='d34a66b1-ed97-4c34-89d2-855499d16525'>NonFinancialTransactions ::  MiniStatement</span></td>
																		<td><div class='status label capitalize pass'>pass</div></td>
																	</tr>
																	<tr class='fail'>
																		<td>2018-03-16 15:25:56</td>
																		<td><span class='category-link linked' extentid='4217616f-05a3-4f02-af30-99f09e934cb6'>NonFinancialTransactions ::  RetrieveMMID</span></td>
																		<td><div class='status label capitalize fail'>fail</div></td>
																	</tr>
																	<tr class='fail'>
																		<td>2018-03-16 15:25:59</td>
																		<td><span class='category-link linked' extentid='bd026c4c-3c6d-4037-9f86-eac15927c6d3'>NonFinancialTransactions ::  StopCheque</span></td>
																		<td><div class='status label capitalize fail'>fail</div></td>
																	</tr>
																	<tr class='fail'>
																		<td>2018-03-16 15:25:59</td>
																		<td><span class='category-link linked' extentid='58369ecb-2b76-43a2-9e16-ccb67f9cb287'>NonFinancialTransactions ::  balanceEnq</span></td>
																		<td><div class='status label capitalize fail'>fail</div></td>
																	</tr>
																	<tr class='fail'>
																		<td>2018-03-16 15:26:01</td>
																		<td><span class='category-link linked' extentid='5410d6dc-4cc1-4b31-a46c-3df1db0cba86'>NonFinancialTransactions ::  changeloginpwd</span></td>
																		<td><div class='status label capitalize fail'>fail</div></td>
																	</tr>
																	<tr class='fail'>
																		<td>2018-03-16 15:26:01</td>
																		<td><span class='category-link linked' extentid='28ee57a4-6c70-4b31-b2ec-48aace74b098'>FinancialTransactions ::  Billercategorylist</span></td>
																		<td><div class='status label capitalize fail'>fail</div></td>
																	</tr>
																	<tr class='pass'>
																		<td>2018-03-16 15:26:02</td>
																		<td><span class='category-link linked' extentid='fcfc76ec-8e8a-4e1d-907f-aacaf4c28733'>FinancialTransactions ::  IMPSP2AAddBeneficiary</span></td>
																		<td><div class='status label capitalize pass'>pass</div></td>
																	</tr>
																	<tr class='pass'>
																		<td>2018-03-16 15:26:04</td>
																		<td><span class='category-link linked' extentid='7a9932a1-eb83-4a03-a52f-a2a43e3fdfa6'>FinancialTransactions ::  IMPSP2AAddBeneficiaryconfirmation</span></td>
																		<td><div class='status label capitalize pass'>pass</div></td>
																	</tr>
																	<tr class='fail'>
																		<td>2018-03-16 15:26:07</td>
																		<td><span class='category-link linked' extentid='7c649970-4edb-4a40-9365-718245c175fc'>FinancialTransactions ::  IMPSP2ABeneficiaryPaymentConfirmation</span></td>
																		<td><div class='status label capitalize fail'>fail</div></td>
																	</tr>
																	<tr class='pass'>
																		<td>2018-03-16 15:26:11</td>
																		<td><span class='category-link linked' extentid='a943bb86-bcf7-4d36-9055-c5521f88d5df'>FinancialTransactions ::  IMPSP2ABeneficiaryPaymentListenquiry</span></td>
																		<td><div class='status label capitalize pass'>pass</div></td>
																	</tr>
																	<tr class='fail'>
																		<td>2018-03-16 15:26:13</td>
																		<td><span class='category-link linked' extentid='89de7038-07b2-40a4-970a-485a79598b50'>FinancialTransactions ::  IMPSP2ABeneficiarySearchListenquiry</span></td>
																		<td><div class='status label capitalize fail'>fail</div></td>
																	</tr>
																	<tr class='fail'>
																		<td>2018-03-16 15:26:16</td>
																		<td><span class='category-link linked' extentid='e085297f-90b4-470a-8ec7-91defd874d5f'>FinancialTransactions ::  IMPSP2ADeleteBeneficiaryConfirmation</span></td>
																		<td><div class='status label capitalize fail'>fail</div></td>
																	</tr>
																	<tr class='fail'>
																		<td>2018-03-16 15:26:18</td>
																		<td><span class='category-link linked' extentid='b5fdc02f-259a-44e5-94a8-8fbdb07c7ba5'>FinancialTransactions ::  IMPSP2ADeleteBeneficiaryListenquiry</span></td>
																		<td><div class='status label capitalize fail'>fail</div></td>
																	</tr>
																	<tr class='fail'>
																		<td>2018-03-16 15:26:20</td>
																		<td><span class='category-link linked' extentid='f8ba20ed-27b0-414d-b152-d69d3ebce4b1'>FinancialTransactions ::  IMPSP2AInstantPayment</span></td>
																		<td><div class='status label capitalize fail'>fail</div></td>
																	</tr>
																	<tr class='pass'>
																		<td>2018-03-16 15:26:24</td>
																		<td><span class='category-link linked' extentid='fd55a881-15f2-4ebb-aace-b9a184e1ab3a'>FinancialTransactions ::  IMPSP2PAddBeneficiary</span></td>
																		<td><div class='status label capitalize pass'>pass</div></td>
																	</tr>
																	<tr class='pass'>
																		<td>2018-03-16 15:26:26</td>
																		<td><span class='category-link linked' extentid='545d24fd-7ab8-4279-80cf-26eb16cd55a5'>FinancialTransactions ::  IMPSP2PAddBeneficiaryconfirmation</span></td>
																		<td><div class='status label capitalize pass'>pass</div></td>
																	</tr>
																	<tr class='fail'>
																		<td>2018-03-16 15:26:28</td>
																		<td><span class='category-link linked' extentid='27b18fef-8b7d-4cc7-a834-d20d1a5758eb'>FinancialTransactions ::  IMPSP2PBeneficiaryPaymentConfirmation</span></td>
																		<td><div class='status label capitalize fail'>fail</div></td>
																	</tr>
																	<tr class='fail'>
																		<td>2018-03-16 15:26:32</td>
																		<td><span class='category-link linked' extentid='5e85d3d8-1c43-4480-9ed8-3eb618bc653c'>FinancialTransactions ::  IMPSP2PBeneficiaryPaymentListenquiry</span></td>
																		<td><div class='status label capitalize fail'>fail</div></td>
																	</tr>
																	<tr class='fail'>
																		<td>2018-03-16 15:26:34</td>
																		<td><span class='category-link linked' extentid='a1e05d2b-b8ee-4224-9fbe-c9fd64bba75c'>FinancialTransactions ::  IMPSP2PBeneficiarySearchListenquiry</span></td>
																		<td><div class='status label capitalize fail'>fail</div></td>
																	</tr>
																	<tr class='pass'>
																		<td>2018-03-16 15:26:36</td>
																		<td><span class='category-link linked' extentid='da319348-6bc9-4df0-824c-32ed8b0defb2'>FinancialTransactions ::  IMPSP2PDeleteBeneficiaryConfirmation</span></td>
																		<td><div class='status label capitalize pass'>pass</div></td>
																	</tr>
																	<tr class='pass'>
																		<td>2018-03-16 15:26:37</td>
																		<td><span class='category-link linked' extentid='a4114e9e-8c26-4b97-835d-db9b6050ce01'>FinancialTransactions ::  IMPSP2PDeleteBeneficiaryListenquiry</span></td>
																		<td><div class='status label capitalize pass'>pass</div></td>
																	</tr>
																	<tr class='fail'>
																		<td>2018-03-16 15:26:39</td>
																		<td><span class='category-link linked' extentid='b627a86b-4c1a-4b75-8912-7a5c89cfc57c'>FinancialTransactions ::  IMPSP2PInstantPayment</span></td>
																		<td><div class='status label capitalize fail'>fail</div></td>
																	</tr>
																	<tr class='pass'>
																		<td>2018-03-16 15:26:43</td>
																		<td><span class='category-link linked' extentid='671628fc-4909-4993-8eeb-af8b4b950de7'>FinancialTransactions ::  IMPSP2UAddBeneficiary</span></td>
																		<td><div class='status label capitalize pass'>pass</div></td>
																	</tr>
																	<tr class='fail'>
																		<td>2018-03-16 15:26:45</td>
																		<td><span class='category-link linked' extentid='b0bbb9c3-7816-46a1-91fd-8e9efe43ce03'>FinancialTransactions ::  IMPSP2UAddBeneficiaryconfirmation</span></td>
																		<td><div class='status label capitalize fail'>fail</div></td>
																	</tr>
																	<tr class='fail'>
																		<td>2018-03-16 15:26:46</td>
																		<td><span class='category-link linked' extentid='16aee231-851d-4619-a3f8-b4f34a5c40a8'>FinancialTransactions ::  IMPSP2UBeneficiaryPaymentConfirmation</span></td>
																		<td><div class='status label capitalize fail'>fail</div></td>
																	</tr>
																	<tr class='pass'>
																		<td>2018-03-16 15:26:53</td>
																		<td><span class='category-link linked' extentid='396f0600-23df-475d-806b-93d2a4cdf996'>FinancialTransactions ::  IMPSP2UBeneficiaryPaymentListenquiry</span></td>
																		<td><div class='status label capitalize pass'>pass</div></td>
																	</tr>
																	<tr class='pass'>
																		<td>2018-03-16 15:26:55</td>
																		<td><span class='category-link linked' extentid='8f2edd32-6548-43a8-9b2e-ee90da14c6c6'>FinancialTransactions ::  IMPSP2UBeneficiarySearchListenquiry</span></td>
																		<td><div class='status label capitalize pass'>pass</div></td>
																	</tr>
																	<tr class='fail'>
																		<td>2018-03-16 15:26:56</td>
																		<td><span class='category-link linked' extentid='5c0772b7-bd11-4e78-8127-e77cdb8ccc10'>FinancialTransactions ::  IMPSP2UDeleteBeneficiaryConfirmation</span></td>
																		<td><div class='status label capitalize fail'>fail</div></td>
																	</tr>
																	<tr class='pass'>
																		<td>2018-03-16 15:26:58</td>
																		<td><span class='category-link linked' extentid='9a899383-0f00-407d-8364-d83609c43efb'>FinancialTransactions ::  IMPSP2UDeleteBeneficiaryListenquiry</span></td>
																		<td><div class='status label capitalize pass'>pass</div></td>
																	</tr>
																	<tr class='fail'>
																		<td>2018-03-16 15:27:00</td>
																		<td><span class='category-link linked' extentid='6db58083-12da-4f5b-a6d9-adc749dd651f'>FinancialTransactions ::  IMPSP2UInstantPayment</span></td>
																		<td><div class='status label capitalize fail'>fail</div></td>
																	</tr>
																	<tr class='fail'>
																		<td>2018-03-16 15:27:01</td>
																		<td><span class='category-link linked' extentid='e675c4ea-144a-47a7-b6fe-85c5ee160669'>PaymentTransactions ::  Accountselectionbiilerlist</span></td>
																		<td><div class='status label capitalize fail'>fail</div></td>
																	</tr>
																	<tr class='fail'>
																		<td>2018-03-16 15:27:02</td>
																		<td><span class='category-link linked' extentid='730bb6ee-fac1-4036-a6ee-3d014df510b9'>PaymentTransactions ::  AdHocBillercategorylist</span></td>
																		<td><div class='status label capitalize fail'>fail</div></td>
																	</tr>
																	<tr class='fail'>
																		<td>2018-03-16 15:28:34</td>
																		<td><span class='category-link linked' extentid='4f6b47ff-1290-4de0-bb26-a5a40b5da38d'>PaymentTransactions ::  AdHocbillerlist</span></td>
																		<td><div class='status label capitalize fail'>fail</div></td>
																	</tr>
																	<tr class='fail'>
																		<td>2018-03-16 15:28:34</td>
																		<td><span class='category-link linked' extentid='853543da-6343-4f8a-aad7-3d30737caa1e'>PaymentTransactions ::  Adhocpayconfirm</span></td>
																		<td><div class='status label capitalize fail'>fail</div></td>
																	</tr>
																	<tr class='fail'>
																		<td>2018-03-16 15:28:36</td>
																		<td><span class='category-link linked' extentid='525a28bc-850d-4f3c-bf14-3ddf4c1f92ec'>PaymentTransactions ::  Billercategorylist</span></td>
																		<td><div class='status label capitalize fail'>fail</div></td>
																	</tr>
																	<tr class='fail'>
																		<td>2018-03-16 15:28:36</td>
																		<td><span class='category-link linked' extentid='727be38e-cfc4-4070-81df-cb1ae1bbfda9'>PaymentTransactions ::  NEFTQuickFT</span></td>
																		<td><div class='status label capitalize fail'>fail</div></td>
																	</tr>
																	<tr class='fail'>
																		<td>2018-03-16 15:28:37</td>
																		<td><span class='category-link linked' extentid='a936d0ef-27bc-443e-8b91-bd00dc8c4027'>PaymentTransactions ::  NEFTbenderegconfirm</span></td>
																		<td><div class='status label capitalize fail'>fail</div></td>
																	</tr>
																	<tr class='pass'>
																		<td>2018-03-16 15:28:40</td>
																		<td><span class='category-link linked' extentid='0c73fb3e-35a4-4e02-a1df-de4c7152efd9'>PaymentTransactions ::  NEFTbendereglist</span></td>
																		<td><div class='status label capitalize pass'>pass</div></td>
																	</tr>
																	<tr class='fail'>
																		<td>2018-03-16 15:28:41</td>
																		<td><span class='category-link linked' extentid='a2a1e591-335e-43f2-a3a1-c6cd8731e1f3'>PaymentTransactions ::  NEFTbendetail</span></td>
																		<td><div class='status label capitalize fail'>fail</div></td>
																	</tr>
																	<tr class='fail'>
																		<td>2018-03-16 15:28:41</td>
																		<td><span class='category-link linked' extentid='1358d2fa-0239-4f93-92ea-8d8fffb2dc07'>PaymentTransactions ::  NEFTbenlist</span></td>
																		<td><div class='status label capitalize fail'>fail</div></td>
																	</tr>
																	<tr class='fail'>
																		<td>2018-03-16 15:28:42</td>
																		<td><span class='category-link linked' extentid='c4f115f4-d8b3-4291-9c07-1ec5c5cd5863'>PaymentTransactions ::  NEFTbenpayment</span></td>
																		<td><div class='status label capitalize fail'>fail</div></td>
																	</tr>
																	<tr class='fail'>
																		<td>2018-03-16 15:28:42</td>
																		<td><span class='category-link linked' extentid='d041f558-40cc-436c-80a2-478c2e141826'>PaymentTransactions ::  NEFTbenreg</span></td>
																		<td><div class='status label capitalize fail'>fail</div></td>
																	</tr>
																	<tr class='fail'>
																		<td>2018-03-16 15:28:44</td>
																		<td><span class='category-link linked' extentid='c5fc8fd7-6ed2-4cea-83b5-be90b83980a3'>PaymentTransactions ::  NEFTbenregconfirm</span></td>
																		<td><div class='status label capitalize fail'>fail</div></td>
																	</tr>
																	<tr class='fail'>
																		<td>2018-03-16 15:28:46</td>
																		<td><span class='category-link linked' extentid='3ba44731-18f2-4109-9831-065ace4f6ae8'>PaymentTransactions ::  Operatorsearch</span></td>
																		<td><div class='status label capitalize fail'>fail</div></td>
																	</tr>
																	<tr class='fail'>
																		<td>2018-03-16 15:30:18</td>
																		<td><span class='category-link linked' extentid='af22061d-9d12-4600-beea-b72b94595230'>PaymentTransactions ::  P2AQuickFT</span></td>
																		<td><div class='status label capitalize fail'>fail</div></td>
																	</tr>
																	<tr class='fail'>
																		<td>2018-03-16 15:30:19</td>
																		<td><span class='category-link linked' extentid='32a1d7d9-e4df-45ee-9e11-4cc99dea0de8'>PaymentTransactions ::  P2Pbendelete</span></td>
																		<td><div class='status label capitalize fail'>fail</div></td>
																	</tr>
																	<tr class='fail'>
																		<td>2018-03-16 15:30:20</td>
																		<td><span class='category-link linked' extentid='87210f1a-317e-43aa-9ee1-f67ab16c03ca'>PaymentTransactions ::  RechargeStatusEnq</span></td>
																		<td><div class='status label capitalize fail'>fail</div></td>
																	</tr>
																	<tr class='fail'>
																		<td>2018-03-16 15:31:53</td>
																		<td><span class='category-link linked' extentid='53218032-f75b-460c-935b-b3223fe2c734'>PaymentTransactions ::  Rechargeconfirm</span></td>
																		<td><div class='status label capitalize fail'>fail</div></td>
																	</tr>
																	<tr class='fail'>
																		<td>2018-03-16 15:31:54</td>
																		<td><span class='category-link linked' extentid='88f5c01f-fda9-4efc-95d6-99f17eacbe42'>PaymentTransactions ::  Rechargelist</span></td>
																		<td><div class='status label capitalize fail'>fail</div></td>
																	</tr>
																	<tr class='fail'>
																		<td>2018-03-16 15:31:54</td>
																		<td><span class='category-link linked' extentid='cfb73131-ec60-4f3a-b899-a91d9d74c397'>PaymentTransactions ::  RegBillerpay</span></td>
																		<td><div class='status label capitalize fail'>fail</div></td>
																	</tr>
																	<tr class='fail'>
																		<td>2018-03-16 15:31:54</td>
																		<td><span class='category-link linked' extentid='ca99984b-ad70-4fc2-a597-17c984d8929a'>PaymentTransactions ::  RegBillerpayconfirm</span></td>
																		<td><div class='status label capitalize fail'>fail</div></td>
																	</tr>
																	<tr class='fail'>
																		<td>2018-03-16 15:31:56</td>
																		<td><span class='category-link linked' extentid='5c3f276e-b5b6-4a33-ad02-6415057ae2be'>PaymentTransactions ::  biilerderegselection</span></td>
																		<td><div class='status label capitalize fail'>fail</div></td>
																	</tr>
																	<tr class='fail'>
																		<td>2018-03-16 15:31:56</td>
																		<td><span class='category-link linked' extentid='932beb01-9754-498b-84fa-fc5af9228910'>PaymentTransactions ::  biilerlistselection</span></td>
																		<td><div class='status label capitalize fail'>fail</div></td>
																	</tr>
																	<tr class='fail'>
																		<td>2018-03-16 15:31:57</td>
																		<td><span class='category-link linked' extentid='91a26d88-cb4f-48b7-80ca-b7b7b929873a'>PaymentTransactions ::  biilerregistrationconfirm</span></td>
																		<td><div class='status label capitalize fail'>fail</div></td>
																	</tr>
																	<tr class='fail'>
																		<td>2018-03-16 15:31:58</td>
																		<td><span class='category-link linked' extentid='45126db1-4a31-4e5f-853f-725b3e21866b'>PaymentTransactions ::  billerlist</span></td>
																		<td><div class='status label capitalize fail'>fail</div></td>
																	</tr>
																	<tr class='fail'>
																		<td>2018-03-16 15:31:59</td>
																		<td><span class='category-link linked' extentid='dd8cf107-5342-4401-875d-1a8af46a4e0f'>PaymentTransactions ::  billerlistselection</span></td>
																		<td><div class='status label capitalize fail'>fail</div></td>
																	</tr>
																	<tr class='fail'>
																		<td>2018-03-16 15:33:31</td>
																		<td><span class='category-link linked' extentid='bab616ae-741c-4f9b-b9b6-7f15b28a9f70'>PaymentTransactions ::  billerregisration</span></td>
																		<td><div class='status label capitalize fail'>fail</div></td>
																	</tr>
																	<tr class='fail'>
																		<td>2018-03-16 15:35:03</td>
																		<td><span class='category-link linked' extentid='6dc16841-a32f-451a-be70-cf6ace043a00'>PaymentTransactions ::  m2abenderegsearch</span></td>
																		<td><div class='status label capitalize fail'>fail</div></td>
																	</tr>
																	<tr class='fail'>
																		<td>2018-03-16 15:35:03</td>
																		<td><span class='category-link linked' extentid='b2aef2b5-caa5-4804-85c5-46b9b8a07ab1'>PaymentTransactions ::  m2abendetails</span></td>
																		<td><div class='status label capitalize fail'>fail</div></td>
																	</tr>
																	<tr class='fail'>
																		<td>2018-03-16 15:35:03</td>
																		<td><span class='category-link linked' extentid='facf5a7f-556d-449b-b061-daf27d7be3e7'>PaymentTransactions ::  m2abenreg</span></td>
																		<td><div class='status label capitalize fail'>fail</div></td>
																	</tr>
																	<tr class='pass'>
																		<td>2018-03-16 15:35:04</td>
																		<td><span class='category-link linked' extentid='6ff6a728-22aa-4af1-a4c1-7bdaf173e1d2'>PaymentTransactions ::  m2abensearchreq</span></td>
																		<td><div class='status label capitalize pass'>pass</div></td>
																	</tr>
																	<tr class='fail'>
																		<td>2018-03-16 15:35:06</td>
																		<td><span class='category-link linked' extentid='5e25abf2-258e-4380-8499-cb186ab50432'>PaymentTransactions ::  m2mBenAcclist</span></td>
																		<td><div class='status label capitalize fail'>fail</div></td>
																	</tr>
																	<tr class='fail'>
																		<td>2018-03-16 15:35:06</td>
																		<td><span class='category-link linked' extentid='0a58e727-1b63-4601-8d62-e3f865e74da3'>PaymentTransactions ::  m2mBenReg</span></td>
																		<td><div class='status label capitalize fail'>fail</div></td>
																	</tr>
																	<tr class='pass'>
																		<td>2018-03-16 15:35:07</td>
																		<td><span class='category-link linked' extentid='ee74fbf3-316d-4761-8b95-747d6c911f15'>PaymentTransactions ::  m2mQuickFT</span></td>
																		<td><div class='status label capitalize pass'>pass</div></td>
																	</tr>
																	<tr class='fail'>
																		<td>2018-03-16 15:35:10</td>
																		<td><span class='category-link linked' extentid='911deb1e-0f7f-4ff9-ab54-be3e656d5204'>PaymentTransactions ::  m2mRegbensearch</span></td>
																		<td><div class='status label capitalize fail'>fail</div></td>
																	</tr>
																	<tr class='pass'>
																		<td>2018-03-16 15:35:11</td>
																		<td><span class='category-link linked' extentid='0bda521f-b123-4855-89bc-1423f60327f6'>PaymentTransactions ::  m2mbendelsearch</span></td>
																		<td><div class='status label capitalize pass'>pass</div></td>
																	</tr>
																	<tr class='fail'>
																		<td>2018-03-16 15:35:12</td>
																		<td><span class='category-link linked' extentid='fa87be7f-4c1f-4cfa-8715-98dbb81a3116'>PaymentTransactions ::  m2mbenpayment</span></td>
																		<td><div class='status label capitalize fail'>fail</div></td>
																	</tr>
																	<tr class='pass'>
																		<td>2018-03-16 15:35:13</td>
																		<td><span class='category-link linked' extentid='c21ed8e2-0e4a-453a-9a72-19fd9a767128'>PaymentTransactions ::  m2mbensearch</span></td>
																		<td><div class='status label capitalize pass'>pass</div></td>
																	</tr>
															<tbody>
														</table>
													</div>
												</div> 
											</li>
									</ul>
								</div>
							</div>
						</div>
					</div>
					<div id='cat-details-wrapper' class='col _addedCell2'>
						<div class='contents'>
							<div class='card-panel details-view'>
								<h5 class='cat-name'></h5>
								<div class='cat-container'>
								</div>
							</div>
						</div>
					</div>
				</div>
			<!-- /categories -->
			
			<!-- exceptions -->
			<!-- /exceptions -->
			
			<!-- testrunner logs -->
			<!-- /testrunner logs -->
			
		</div>
		<!-- /container -->
		
		<!-- test dashboard counts setting -->
		<div id='test-count-setting' class='modal bottom-sheet'> 
			<div class='modal-content'> 
				<h5>Configure Tests Count Setting</h5> 
				<input name='test-count-setting' type='radio' id='parentWithoutNodes' class='with-gap'> 
				<label for='parentWithoutNodes'>Parent Tests Only (Does not include child nodes in counts)</label> 
				<br> 
				<input name='test-count-setting' type='radio' id='parentWithoutNodesAndNodes' class='with-gap'> 
				<label for='parentWithoutNodesAndNodes'>Parent Tests Without Child Tests + Child Tests</label> 
				<br> 
				<input name='test-count-setting' type='radio' id='childNodes' class='with-gap'> 
				<label for='childNodes'>Child Tests Only</label> 
			</div> 
			<div class='modal-footer'> 
				<a href='#!' class='modal-action modal-close waves-effect waves-green btn'>Save</a> 
			</div> 
		</div>
		<!-- /test dashboard counts setting -->
		
		<!-- filter for step status -->
		<div id='step-status-filter' class='modal bottom-sheet'> 
			<div class='modal-content'> 
				<h5>Select status</h5> 
				<input checked class='filled-in' type='checkbox' id='step-dashboard-filter-pass'> 
				<label for='step-dashboard-filter-pass'>Pass</label> 
				<br> 
				<input checked class='filled-in' type='checkbox' id='step-dashboard-filter-fail'> 
				<label for='step-dashboard-filter-fail'>Fail</label> 
				<br> 
				<input checked class='filled-in' type='checkbox' id='step-dashboard-filter-fatal'> 
				<label for='step-dashboard-filter-fatal'>Fatal</label> 
				<br> 
				<input checked class='filled-in' type='checkbox' id='step-dashboard-filter-error'> 
				<label for='step-dashboard-filter-error'>Error</label> 
				<br> 
				<input checked class='filled-in' type='checkbox' id='step-dashboard-filter-warning'> 
				<label for='step-dashboard-filter-warning'>Warning</label> 
				<br> 
				<input checked class='filled-in' type='checkbox' id='step-dashboard-filter-skip'> 
				<label for='step-dashboard-filter-skip'>Skipped</label> 
				<br> 
				<input checked class='filled-in' type='checkbox' id='step-dashboard-filter-info'> 
				<label for='step-dashboard-filter-info'>Info</label> 
				<br> 
				<input checked class='filled-in' type='checkbox' id='step-dashboard-filter-unknown'> 
				<label for='step-dashboard-filter-unknown'>Unknown</label> 
			</div>
			<div class='modal-footer'> 
				<a href='#!' class='modal-action modal-close waves-effect waves-green btn'>Save</a> 
			</div> 
		</div>
		<!-- /filter for step status -->
		
		<script src='https://cdn.rawgit.com/anshooarora/extentreports/6032d73243ba4fe4fb8769eb9c315d4fdf16fe68/cdn/extent.js' type='text/javascript'></script>

		<script>$(document).ready(function() { $('.logo span').html('ExtentReports'); });</script>
		<script>
				
      
        $(document).ready(function() {
          
        });
      
    
		</script>
	</body>
</html>
